[2018-11-19 17:14:42.732] [renderer1] [trace] openWorkbench configuration {"_":["/home/andrei/project"],"verbose":true,"skip-getting-started":true,"appRoot":"/nix/store/z7ls0nib9nh7gg1gzm516vql45yq6wn8-vscode-1.29.0/lib/vscode/resources/app","machineId":"db24ebc8-3ebd-43a0-8d62-f157602e348e","nodeCachedDataDir":"/home/andrei/.config/Code/CachedData/5f24c93878bd4bc645a4a17c620e2487b11005f9","mainPid":38,"execPath":"/nix/store/z7ls0nib9nh7gg1gzm516vql45yq6wn8-vscode-1.29.0/lib/vscode/code","userEnv":{"VSCODE_IPC_HOOK":"/home/andrei/.config/Code/1.29.0-main.sock","VSCODE_NLS_CONFIG":"{\"locale\":\"en-us\",\"availableLanguages\":{},\"_languagePackSupport\":true}","VSCODE_LOGS":"/home/andrei/.config/Code/logs/20181119T171441"},"isInitialStartup":true,"folderUri":{"$mid":1,"fsPath":"/home/andrei/project","external":"file:///home/andrei/project","path":"/home/andrei/project","scheme":"file"},"backupPath":"/home/andrei/.config/Code/Backups/6db9d11cadfd48084d03724fa95c7d8f","windowId":1,"logLevel":0,"perfEntries":["mark","main:started",1542647681366,0,0,"mark","main:appReady",1542647681539,0,1,"mark","main:loadWindow",1542647681746,0,0]}
[2018-11-19 17:14:42.737] [renderer1] [trace] [storage storage.db] open()
[2018-11-19 17:14:42.767] [renderer1] [trace] [storage storage.db] getItems(): Map(0) {}
[2018-11-19 17:14:42.768] [renderer1] [trace] [storage storage.db] Trace (event): SELECT * FROM ItemTable
[2018-11-19 17:14:42.769] [renderer1] [trace] lifecycle: starting up (startup kind: undefined)
[2018-11-19 17:14:42.780] [renderer1] [trace] lifecycle: phase changed (value: 2)
[2018-11-19 17:14:42.826] [renderer1] [trace] load() - enter {"$mid":1,"fsPath":"/home/andrei/project/main.cpp","external":"file:///home/andrei/project/main.cpp","path":"/home/andrei/project/main.cpp","scheme":"file"}
[2018-11-19 17:14:42.872] [renderer1] [trace] telemetry/optInStatus {"optIn":true}
[2018-11-19 17:14:42.872] [renderer1] [trace] telemetry/activatePlugin {"id":"vscode.theme-defaults","name":"theme-defaults","isBuiltin":true,"publisherDisplayName":"vscode","themeId":"vs-dark vscode-theme-defaults-themes-dark_plus-json"}
[2018-11-19 17:14:42.872] [renderer1] [trace] telemetry/keyboardLayout {"currentKeyboardLayout":{"model":"pc105","layout":"us","variant":"","options":"","rules":"evdev"}}
[2018-11-19 17:14:42.922] [renderer1] [trace] [storage storage.db] updateItems(): insert(Map(2) {viewservice.workbench.view.explorer.enablement => true, viewservice.workbench.view.extensions.enablement => true}), delete(Set(0) {})
[2018-11-19 17:14:42.944] [renderer1] [trace] load() - resolved content {"$mid":1,"fsPath":"/home/andrei/project/main.cpp","external":"file:///home/andrei/project/main.cpp","path":"/home/andrei/project/main.cpp","scheme":"file"}
[2018-11-19 17:14:42.944] [renderer1] [trace] load() - created text editor model {"$mid":1,"fsPath":"/home/andrei/project/main.cpp","external":"file:///home/andrei/project/main.cpp","path":"/home/andrei/project/main.cpp","scheme":"file"}
[2018-11-19 17:14:42.945] [renderer1] [trace] telemetry/fileGet {"mimeType":"application/unknown","ext":".cpp","path":"7a89e76ee9054c0fe9fd87e821436c9e10e87eb3","reason":1}
[2018-11-19 17:14:42.972] [renderer1] [trace] lifecycle: phase changed (value: 3)
[2018-11-19 17:14:42.973] [renderer1] [trace] SCM#StatusUpdater.render 0
[2018-11-19 17:14:42.975] [renderer1] [trace] RequestService#request https://code.visualstudio.com/raw/v1_29.md
[2018-11-19 17:14:42.983] [renderer1] [trace] telemetry/workspaceLoad {"userAgent":"Mozilla/5.0 (X11; Linux x86_64) AppleWebKit/537.36 (KHTML, like Gecko) Code/1.29.0 Chrome/61.0.3163.100 Electron/2.0.12 Safari/537.36","windowSize":{"innerHeight":768,"innerWidth":1024,"outerHeight":768,"outerWidth":1024},"emptyWorkbench":false,"workbench.filesToOpen":0,"workbench.filesToCreate":0,"workbench.filesToDiff":0,"customKeybindingsCount":0,"theme":"vs-dark vscode-theme-defaults-themes-dark_plus-json","language":"en","pinnedViewlets":["workbench.view.explorer","workbench.view.search","workbench.view.scm","workbench.view.debug","workbench.view.extensions"],"restoredViewlet":"workbench.view.explorer","restoredEditors":1,"startupKind":1}
[2018-11-19 17:14:42.985] [renderer1] [trace] [storage storage.db] Trace (event): BEGIN TRANSACTION
[2018-11-19 17:14:43.028] [renderer1] [trace] [storage storage.db] Trace (event): INSERT INTO ItemTable VALUES ('viewservice.workbench.view.explorer.enablement','true')
[2018-11-19 17:14:43.039] [renderer1] [trace] [storage storage.db] Trace (event): INSERT INTO ItemTable VALUES ('viewservice.workbench.view.extensions.enablement','true')
[2018-11-19 17:14:43.043] [renderer1] [trace] [storage storage.db] Trace (event): END TRANSACTION
[2018-11-19 17:14:43.058] [renderer1] [trace] lifecycle: phase changed (value: 4)
[2018-11-19 17:14:43.058] [renderer1] [trace] RequestService#request https://az764295.vo.msecnd.net/experiments/vscode-experiments.json
[2018-11-19 17:14:43.078] [renderer1] [trace] telemetry/experiments {"experiments":[{"id":"cdias.searchForAzure","enabled":true,"state":2,"action":{"type":"ExtensionSearchResults","properties":{"searchText":"azure","preferredResults":["ms-vscode.vscode-node-azure-pack","ms-azuretools.vscode-azureappservice","ms-azuretools.vscode-azurestorage","ms-azuretools.vscode-cosmosdb"]}}}]}
[2018-11-19 17:14:43.152] [renderer1] [trace] telemetry/workspace.remotes {"domains":[]}
[2018-11-19 17:14:43.152] [renderer1] [trace] telemetry/workspace.hashedRemotes {"remotes":[[]]}
[2018-11-19 17:14:43.153] [renderer1] [info] no standard startup: not using cached data
[2018-11-19 17:14:43.153] [renderer1] [trace] telemetry/resolveProxy.stats {"type":"DIRECT"}
[2018-11-19 17:14:43.157] [renderer1] [trace] telemetry/extensionsScanned {"totalCount":76,"disabledCount":0}
[2018-11-19 17:14:43.204] [renderer1] [trace] telemetry/customKeybindingsChanged {"keyCount":0}
[2018-11-19 17:14:43.209] [renderer1] [trace] onWillActivateByEvent:  onLanguage:plaintext
[2018-11-19 17:14:43.209] [renderer1] [trace] onWillActivateByEvent:  onLanguage:cpp
[2018-11-19 17:14:43.224] [renderer1] [trace] telemetry/workspce.tags {"workspace.id":"84d882dc8394385703dc43eb815a1c0c4bc3913e","workbench.filesToOpen":0,"workbench.filesToCreate":0,"workbench.filesToDiff":0,"workspace.roots":1,"workspace.empty":false,"workspace.grunt":false,"workspace.gulp":false,"workspace.jake":false,"workspace.tsconfig":false,"workspace.jsconfig":false,"workspace.config.xml":false,"workspace.vsc.extension":false,"workspace.ASP5":false,"workspace.unity":false,"workspace.npm":false,"workspace.bower":false,"workspace.yeoman.code.ext":false,"workspace.py.requirements":false,"workspace.py.Pipfile":false}
[2018-11-19 17:14:43.279] [renderer1] [trace] telemetry/activatePlugin {"id":"PKief.material-icon-theme","name":"material-icon-theme","isBuiltin":false,"publisherDisplayName":"PKief","themeId":"PKief.material-icon-theme-material-icon-theme"}
[2018-11-19 17:14:43.314] [renderer1] [trace] [storage storage.db] updateItems(): insert(Map(4) {viewservice.workbench.view.debug.enablement => true, viewservice.workbench.view.extension.test.enablement => false, viewservice.workbench.view.extension.references-view.enablement => false, viewservice.workbench.view.extension.cmake__viewContainer.enablement => false}), delete(Set(0) {})
[2018-11-19 17:14:43.317] [renderer1] [trace] [storage storage.db] Trace (event): BEGIN TRANSACTION
[2018-11-19 17:14:43.320] [renderer1] [trace] [storage storage.db] Trace (event): INSERT INTO ItemTable VALUES ('viewservice.workbench.view.debug.enablement','true')
[2018-11-19 17:14:43.320] [renderer1] [trace] [storage storage.db] Trace (event): INSERT INTO ItemTable VALUES ('viewservice.workbench.view.extension.test.enablement','false')
[2018-11-19 17:14:43.320] [renderer1] [trace] [storage storage.db] Trace (event): INSERT INTO ItemTable VALUES ('viewservice.workbench.view.extension.references-view.enablement','false')
[2018-11-19 17:14:43.320] [renderer1] [trace] [storage storage.db] Trace (event): INSERT INTO ItemTable VALUES ('viewservice.workbench.view.extension.cmake__viewContainer.enablement','false')
[2018-11-19 17:14:43.321] [renderer1] [trace] [storage storage.db] Trace (event): END TRANSACTION
[2018-11-19 17:14:43.495] [renderer1] [trace] telemetry/startupTimeVaried {"ellapsed":1617,"isLatestVersion":false,"didUseCachedData":false,"windowKind":1,"windowCount":1,"viewletId":"workbench.view.explorer","editorIds":["workbench.editors.files.fileEditorInput"],"timers":{"ellapsedAppReady":173,"ellapsedNlsGeneration":0,"ellapsedWindowLoad":207,"ellapsedWindowLoadToRequire":130,"ellapsedRequire":845,"ellapsedWorkspaceStorageRequire":3,"ellapsedWorkspaceStorageInit":30,"ellapsedExtensions":302,"ellapsedEditorRestore":134,"ellapsedViewletRestore":12,"ellapsedPanelRestore":0,"ellapsedWorkbench":215,"ellapsedExtensionsReady":1842,"ellapsedTimersToTimersComputed":283},"platform":"linux","release":"4.4.0-139-generic","arch":"x64","totalmem":33687703552,"freemem":7552339968,"meminfo":{"workingSetSize":247644,"peakWorkingSetSize":335404,"privateBytes":154028,"sharedBytes":93792},"cpus":{"count":8,"speed":4000,"model":"Intel(R) Core(TM) i7-6700K CPU @ 4.00GHz"},"loadavg":[1.01318359375,1.06884765625,1.0478515625],"initialStartup":true,"isVMLikelyhood":0,"hasAccessibilitySupport":false,"emptyWorkbench":false}
[2018-11-19 17:14:43.496] [renderer1] [trace] telemetry/startupTime {"ellapsed":1617,"isLatestVersion":false,"didUseCachedData":false,"windowKind":1,"windowCount":1,"viewletId":"workbench.view.explorer","editorIds":["workbench.editors.files.fileEditorInput"],"timers":{"ellapsedAppReady":173,"ellapsedNlsGeneration":0,"ellapsedWindowLoad":207,"ellapsedWindowLoadToRequire":130,"ellapsedRequire":845,"ellapsedWorkspaceStorageRequire":3,"ellapsedWorkspaceStorageInit":30,"ellapsedExtensions":302,"ellapsedEditorRestore":134,"ellapsedViewletRestore":12,"ellapsedPanelRestore":0,"ellapsedWorkbench":215,"ellapsedExtensionsReady":1842,"ellapsedTimersToTimersComputed":283},"platform":"linux","release":"4.4.0-139-generic","arch":"x64","totalmem":33687703552,"freemem":7552339968,"meminfo":{"workingSetSize":247644,"peakWorkingSetSize":335404,"privateBytes":154028,"sharedBytes":93792},"cpus":{"count":8,"speed":4000,"model":"Intel(R) Core(TM) i7-6700K CPU @ 4.00GHz"},"loadavg":[1.01318359375,1.06884765625,1.0478515625],"initialStartup":true,"isVMLikelyhood":0,"hasAccessibilitySupport":false,"emptyWorkbench":false}
[2018-11-19 17:14:43.596] [renderer1] [trace] onWillActivateByEvent:  onLanguage:json
[2018-11-19 17:14:43.598] [renderer1] [trace] onWillActivateByEvent:  onLanguage:css
[2018-11-19 17:14:43.599] [renderer1] [trace] onWillActivateByEvent:  onLanguage:typescript
[2018-11-19 17:14:43.604] [renderer1] [trace] telemetry/activatePlugin {"id":"vscode.debug-auto-launch","name":"debug-auto-launch","publisherDisplayName":"vscode","activationEvents":"*","isBuiltin":true,"reason":"*","pluginHostTelemetry":true}
[2018-11-19 17:14:43.604] [renderer1] [trace] telemetry/activatePlugin {"id":"vscode.emmet","name":"emmet","publisherDisplayName":"vscode","activationEvents":"*,onCommand:emmet.expandAbbreviation,onLanguage:html,onLanguage:css,onLanguage:scss,onLanguage:less","isBuiltin":true,"reason":"*","pluginHostTelemetry":true}
[2018-11-19 17:14:43.604] [renderer1] [trace] telemetry/activatePlugin {"id":"vscode.git","name":"git","publisherDisplayName":"vscode","activationEvents":"*","isBuiltin":true,"reason":"*","pluginHostTelemetry":true}
[2018-11-19 17:14:43.605] [renderer1] [trace] telemetry/activatePlugin {"id":"vscode.merge-conflict","name":"merge-conflict","publisherDisplayName":"vscode","activationEvents":"*","isBuiltin":true,"reason":"*","pluginHostTelemetry":true}
[2018-11-19 17:14:43.605] [renderer1] [trace] telemetry/activatePlugin {"id":"PKief.material-icon-theme","name":"material-icon-theme","publisherDisplayName":"PKief","activationEvents":"*","isBuiltin":false,"reason":"*","pluginHostTelemetry":true}
[2018-11-19 17:14:43.605] [renderer1] [trace] telemetry/activatePlugin {"id":"ms-vscode.cpptools","name":"cpptools","publisherDisplayName":"ms-vscode","activationEvents":"onLanguage:cpp,onLanguage:c,onCommand:extension.pickNativeProcess,onCommand:extension.pickRemoteNativeProcess,onCommand:C_Cpp.ConfigurationEdit,onCommand:C_Cpp.ConfigurationSelect,onCommand:C_Cpp.ConfigurationProviderSelect,onCommand:C_Cpp.SwitchHeaderSource,onCommand:C_Cpp.Navigate,onCommand:C_Cpp.GoToDeclaration,onCommand:C_Cpp.PeekDeclaration,onCommand:C_Cpp.ToggleErrorSquiggles,onCommand:C_Cpp.ToggleIncludeFallback,onCommand:C_Cpp.ToggleDimInactiveRegions,onCommand:C_Cpp.ToggleSnippets,onCommand:C_Cpp.ShowReleaseNotes,onCommand:C_Cpp.ResetDatabase,onCommand:C_Cpp.PauseParsing,onCommand:C_Cpp.ResumeParsing,onCommand:C_Cpp.ShowParsingCommands,onCommand:C_Cpp.TakeSurvey,onDebug,workspaceContains:/.vscode/c_cpp_properties.json","isBuiltin":false,"reason":"onLanguage:cpp","pluginHostTelemetry":true}
[2018-11-19 17:14:43.694] [renderer1] [trace] telemetry/editorOpened {"typeId":"workbench.editors.webviewInput"}
[2018-11-19 17:14:43.745] [renderer1] [trace] telemetry/activatePlugin {"id":"vector-of-bool.cmake-tools","name":"cmake-tools","publisherDisplayName":"vector-of-bool","activationEvents":"onCommand:cmake.build,onCommand:cmake.buildWithTarget,onCommand:cmake.clean,onCommand:cmake.cleanConfigure,onCommand:cmake.cleanRebuild,onCommand:cmake.configure,onCommand:cmake.ctest,onCommand:cmake.debugTarget,onCommand:cmake.editCache,onCommand:cmake.editKits,onCommand:cmake.viewLog,onCommand:cmake.install,onCommand:cmake.launchTarget,onCommand:cmake.launchTargetPath,onCommand:cmake.quickStart,onCommand:cmake.resetState,onCommand:cmake.scanForKits,onCommand:cmake.selectLaunchTarget,onCommand:cmake.setVariant,onCommand:cmake.stop,onCommand:cmake.outline.configure,onCommand:cmake.outline.build,workspaceContains:CMakeLists.txt,workspaceContains:.vscode/cmake-kits.json","isBuiltin":false,"reason":"workspaceContains:CMakeLists.txt","pluginHostTelemetry":true}
[2018-11-19 17:14:43.926] [renderer1] [trace] telemetry/activatePlugin {"id":"vscode.configuration-editing","name":"configuration-editing","publisherDisplayName":"vscode","activationEvents":"onLanguage:json,onLanguage:jsonc","isBuiltin":true,"reason":"onLanguage:json","pluginHostTelemetry":true}
[2018-11-19 17:14:43.927] [renderer1] [trace] telemetry/activatePlugin {"id":"vscode.extension-editing","name":"extension-editing","publisherDisplayName":"vscode","activationEvents":"onLanguage:json,onLanguage:markdown,onLanguage:typescript","isBuiltin":true,"reason":"onLanguage:json","pluginHostTelemetry":true}
[2018-11-19 17:14:43.927] [renderer1] [trace] telemetry/activatePlugin {"id":"vscode.json-language-features","name":"json-language-features","publisherDisplayName":"vscode","activationEvents":"onLanguage:json,onLanguage:jsonc","isBuiltin":true,"reason":"onLanguage:json","pluginHostTelemetry":true}
[2018-11-19 17:14:43.927] [renderer1] [trace] telemetry/activatePlugin {"id":"vscode.npm","name":"npm","publisherDisplayName":"vscode","activationEvents":"onCommand:workbench.action.tasks.runTask,onLanguage:json,onView:npm","isBuiltin":true,"reason":"onLanguage:json","pluginHostTelemetry":true}
[2018-11-19 17:14:43.927] [renderer1] [trace] telemetry/activatePlugin {"id":"vscode.css-language-features","name":"css-language-features","publisherDisplayName":"vscode","activationEvents":"onLanguage:css,onLanguage:less,onLanguage:scss,onCommand:_css.applyCodeAction","isBuiltin":true,"reason":"onLanguage:css","pluginHostTelemetry":true}
[2018-11-19 17:14:43.928] [renderer1] [trace] telemetry/activatePlugin {"id":"vscode.typescript-language-features","name":"typescript-language-features","publisherDisplayName":"vscode","activationEvents":"onLanguage:javascript,onLanguage:javascriptreact,onLanguage:typescript,onLanguage:typescriptreact,onLanguage:jsx-tags,onCommand:typescript.reloadProjects,onCommand:javascript.reloadProjects,onCommand:typescript.selectTypeScriptVersion,onCommand:javascript.goToProjectConfig,onCommand:typescript.goToProjectConfig,onCommand:typescript.openTsServerLog,onCommand:workbench.action.tasks.runTask,onCommand:_typescript.configurePlugin,onLanguage:jsonc","isBuiltin":true,"reason":"onLanguage:typescript","pluginHostTelemetry":true}
[2018-11-19 17:14:44.013] [renderer1] [trace] CommandService#executeCommand setContext
[2018-11-19 17:14:44.041] [renderer1] [trace] CommandService#executeCommand setContext
[2018-11-19 17:14:44.181] [renderer1] [trace] [storage storage.db] updateItems(): insert(Map(2) {ms-vscode.cpptools => {"CppProperties.currentConfigurationIndex-project":0,"Client.registerProvider-project":false,"activatedPreviously":true}, viewservice.workbench.view.extension.cmake__viewContainer.enablement => true}), delete(Set(0) {})
[2018-11-19 17:14:44.208] [renderer1] [trace] [storage storage.db] Trace (event): BEGIN TRANSACTION
[2018-11-19 17:14:44.212] [renderer1] [trace] DialogService#show No CMake kits are available. What would you like to do?
[2018-11-19 17:14:44.221] [renderer1] [trace] [storage storage.db] Trace (event): INSERT INTO ItemTable VALUES ('ms-vscode.cpptools','{"CppProperties.currentConfigurationIndex-project":0,"Client.registerProvider-project":false,"activatedPreviously":true}')
[2018-11-19 17:14:44.221] [renderer1] [trace] [storage storage.db] Trace (event): INSERT INTO ItemTable VALUES ('viewservice.workbench.view.extension.cmake__viewContainer.enablement','true')
[2018-11-19 17:14:44.221] [renderer1] [trace] [storage storage.db] Trace (event): END TRANSACTION
[2018-11-19 17:14:44.357] [renderer1] [trace] Sending broadcast to main from window 1:  {"channel":"vscode:changeColorTheme","payload":"{\"baseTheme\":\"vs-dark\",\"background\":\"#1e1e1e\"}"}
[2018-11-19 17:14:45.124] [renderer1] [trace] telemetry/galleryService:query {"type":"all","text":""}
[2018-11-19 17:14:45.124] [renderer1] [trace] RequestService#request https://marketplace.visualstudio.com/_apis/public/gallery/extensionquery
[2018-11-19 17:14:52.580] [renderer1] [trace] [storage storage.db] updateItems(): insert(Map(3) {vector-of-bool.cmake-tools => {"activeVariantSettings":[["buildType","debug"]],"activeKitName":"GCC 8.2.0"}, workbench.panel.hidden => false, workbench.panelpart.activepanelid => workbench.panel.output}), delete(Set(0) {})
[2018-11-19 17:14:52.581] [renderer1] [trace] [storage storage.db] Trace (event): BEGIN TRANSACTION
[2018-11-19 17:14:52.581] [renderer1] [trace] [storage storage.db] Trace (event): INSERT INTO ItemTable VALUES ('vector-of-bool.cmake-tools','{"activeVariantSettings":[["buildType","debug"]],"activeKitName":"GCC 8.2.0"}')
[2018-11-19 17:14:52.581] [renderer1] [trace] [storage storage.db] Trace (event): INSERT INTO ItemTable VALUES ('workbench.panel.hidden','false')
[2018-11-19 17:14:52.581] [renderer1] [trace] [storage storage.db] Trace (event): INSERT INTO ItemTable VALUES ('workbench.panelpart.activepanelid','workbench.panel.output')
[2018-11-19 17:14:52.581] [renderer1] [trace] [storage storage.db] Trace (event): END TRANSACTION
[2018-11-19 17:14:55.821] [renderer1] [trace] telemetry/editorClosed {"typeId":"workbench.editors.webviewInput"}
[2018-11-19 17:14:55.828] [renderer1] [trace] load() - enter {"$mid":1,"fsPath":"/home/andrei/project/main.cpp","external":"file:///home/andrei/project/main.cpp","path":"/home/andrei/project/main.cpp","scheme":"file"}
[2018-11-19 17:14:57.330] [renderer1] [trace] telemetry/workbenchActionExecuted {"id":"notification.clear","from":"message"}
[2018-11-19 17:14:57.331] [renderer1] [trace] CommandService#executeCommand notification.clear
[2018-11-19 17:14:58.218] [renderer1] [trace] telemetry/workbenchActionExecuted {"id":"notification.clear","from":"message"}
[2018-11-19 17:14:58.218] [renderer1] [trace] CommandService#executeCommand notification.clear
[2018-11-19 17:14:59.939] [renderer1] [trace] telemetry/workbenchActionExecuted {"id":"workbench.action.closePanel","from":"panel"}
[2018-11-19 17:15:00.024] [renderer1] [trace] [storage storage.db] updateItems(): insert(Map(0) {}), delete(Set(1) {workbench.panel.hidden})
[2018-11-19 17:15:00.024] [renderer1] [trace] [storage storage.db] Trace (event): BEGIN TRANSACTION
[2018-11-19 17:15:00.024] [renderer1] [trace] [storage storage.db] Trace (event): DELETE FROM ItemTable WHERE key='workbench.panel.hidden'
[2018-11-19 17:15:00.024] [renderer1] [trace] [storage storage.db] Trace (event): END TRANSACTION
[2018-11-19 17:15:04.795] [renderer1] [trace] lifecycle: onBeforeUnload (reason: 1)
[2018-11-19 17:15:04.797] [renderer1] [trace] lifecycle: onBeforeUnload continues without veto
[2018-11-19 17:15:04.801] [renderer1] [trace] lifecycle: onWillUnload (reason: 1)
