[variant] Loaded new set of variants
[kit] Found Kit: GCC 8.2.0
[cms-client] Configuring using the "Unix Makefiles" CMake generator
[cms-client] Configuring using the "Unix Makefiles" CMake generator
[cmake] The C compiler identification is GNU 8.2.0
[cmake] The CXX compiler identification is GNU 8.2.0
[cmake] Check for working C compiler: /home/andrei/.nix-profile/bin/gcc
[cmake] Check for working C compiler: /home/andrei/.nix-profile/bin/gcc -- works
[cmake] Detecting C compiler ABI info
[cmake] Detecting C compiler ABI info - done
[cmake] Detecting C compile features
[cmake] Detecting C compile features - done
[cmake] Check for working CXX compiler: /home/andrei/.nix-profile/bin/g++
[cmake] Check for working CXX compiler: /home/andrei/.nix-profile/bin/g++ -- works
[cmake] Detecting CXX compiler ABI info
[cmake] Detecting CXX compiler ABI info - done
[cmake] Detecting CXX compile features
[cmake] Detecting CXX compile features - done
[cmake] CMake Error at CMakeLists.txt:6 (find_package):
[cmake]   By not providing "FindSFML.cmake" in CMAKE_MODULE_PATH this project has
[cmake]   asked CMake to find a package configuration file provided by "SFML", but
[cmake]   CMake did not find one.
[cmake] 
[cmake]   Could not find a package configuration file provided by "SFML" with any of
[cmake]   the following names:
[cmake] 
[cmake]     SFMLConfig.cmake
[cmake]     sfml-config.cmake
[cmake] 
[cmake]   Add the installation prefix of "SFML" to CMAKE_PREFIX_PATH or set
[cmake]   "SFML_DIR" to a directory containing one of the above files.  If "SFML"
[cmake]   provides a separate development package or SDK, be sure it has been
[cmake]   installed.
[cmake] 
[cmake] 
[cmake] Configuring incomplete, errors occurred!
[cmake] See also "/home/andrei/project/build/CMakeFiles/CMakeOutput.log".
[cms-driver] Error during CMake configure: [cmake-server] Configuration failed.
