[2018-11-17 17:53:29.065] [exthost] [info] extension host started
[2018-11-17 17:53:29.167] [exthost] [info] ExtensionService#_doActivateExtension vscode.debug-auto-launch {"startup":true,"activationEvent":"*"}
[2018-11-17 17:53:29.167] [exthost] [info] ExtensionService#loadCommonJSModule /nix/store/03040aq1c4hjgjdg002irfqqy9j4yza1-vscode-1.28.2/lib/vscode/resources/app/extensions/debug-auto-launch/dist/extension
[2018-11-17 17:53:29.213] [exthost] [info] ExtensionService#_doActivateExtension vscode.emmet {"startup":true,"activationEvent":"*"}
[2018-11-17 17:53:29.213] [exthost] [info] ExtensionService#loadCommonJSModule /nix/store/03040aq1c4hjgjdg002irfqqy9j4yza1-vscode-1.28.2/lib/vscode/resources/app/extensions/emmet/dist/extension
[2018-11-17 17:53:29.256] [exthost] [info] ExtensionService#_doActivateExtension vscode.git {"startup":true,"activationEvent":"*"}
[2018-11-17 17:53:29.256] [exthost] [info] ExtensionService#loadCommonJSModule /nix/store/03040aq1c4hjgjdg002irfqqy9j4yza1-vscode-1.28.2/lib/vscode/resources/app/extensions/git/dist/main
[2018-11-17 17:53:29.416] [exthost] [info] ExtensionService#_doActivateExtension vscode.merge-conflict {"startup":true,"activationEvent":"*"}
[2018-11-17 17:53:29.416] [exthost] [info] ExtensionService#loadCommonJSModule /nix/store/03040aq1c4hjgjdg002irfqqy9j4yza1-vscode-1.28.2/lib/vscode/resources/app/extensions/merge-conflict/dist/extension
[2018-11-17 17:53:29.431] [exthost] [info] ExtensionService#_doActivateExtension vscode.search-rg {"startup":true,"activationEvent":"*"}
[2018-11-17 17:53:29.431] [exthost] [info] ExtensionService#loadCommonJSModule /nix/store/03040aq1c4hjgjdg002irfqqy9j4yza1-vscode-1.28.2/lib/vscode/resources/app/extensions/search-rg/dist/extension
[2018-11-17 17:53:29.444] [exthost] [info] ExtensionService#_doActivateExtension PKief.material-icon-theme {"startup":true,"activationEvent":"*"}
[2018-11-17 17:53:29.444] [exthost] [info] ExtensionService#loadCommonJSModule /home/andrei/.vscode/extensions/pkief.material-icon-theme-3.6.0/out/src/extension
[2018-11-17 17:53:29.471] [exthost] [info] ExtensionService#_doActivateExtension ms-vscode.cpptools {"startup":false,"activationEvent":"onLanguage:cpp"}
[2018-11-17 17:53:29.471] [exthost] [info] ExtensionService#loadCommonJSModule /home/andrei/.vscode/extensions/ms-vscode.cpptools-0.20.1/out/src/main
[2018-11-17 17:53:29.815] [exthost] [info] ExtensionService#_doActivateExtension vector-of-bool.cmake-tools {"startup":true,"activationEvent":"workspaceContains:CMakeLists.txt"}
[2018-11-17 17:53:29.815] [exthost] [info] ExtensionService#loadCommonJSModule /home/andrei/.vscode/extensions/vector-of-bool.cmake-tools-1.1.2/out/src/extension
[2018-11-17 17:53:30.389] [exthost] [info] eager extensions activated
[2018-11-17 17:55:56.499] [exthost] [info] ExtensionService#_doActivateExtension vscode.configuration-editing {"startup":false,"activationEvent":"onLanguage:json"}
[2018-11-17 17:55:56.499] [exthost] [info] ExtensionService#loadCommonJSModule /nix/store/03040aq1c4hjgjdg002irfqqy9j4yza1-vscode-1.28.2/lib/vscode/resources/app/extensions/configuration-editing/dist/extension
[2018-11-17 17:55:56.563] [exthost] [info] ExtensionService#_doActivateExtension vscode.extension-editing {"startup":false,"activationEvent":"onLanguage:json"}
[2018-11-17 17:55:56.563] [exthost] [info] ExtensionService#loadCommonJSModule /nix/store/03040aq1c4hjgjdg002irfqqy9j4yza1-vscode-1.28.2/lib/vscode/resources/app/extensions/extension-editing/dist/extension
[2018-11-17 17:55:56.631] [exthost] [info] ExtensionService#_doActivateExtension vscode.json-language-features {"startup":false,"activationEvent":"onLanguage:json"}
[2018-11-17 17:55:56.631] [exthost] [info] ExtensionService#loadCommonJSModule /nix/store/03040aq1c4hjgjdg002irfqqy9j4yza1-vscode-1.28.2/lib/vscode/resources/app/extensions/json-language-features/client/dist/jsonMain
[2018-11-17 17:55:56.685] [exthost] [info] ExtensionService#_doActivateExtension vscode.npm {"startup":false,"activationEvent":"onLanguage:json"}
[2018-11-17 17:55:56.685] [exthost] [info] ExtensionService#loadCommonJSModule /nix/store/03040aq1c4hjgjdg002irfqqy9j4yza1-vscode-1.28.2/lib/vscode/resources/app/extensions/npm/dist/main
[2018-11-17 18:09:25.789] [exthost] [info] ExtensionService#_doActivateExtension twxs.cmake {"startup":false,"activationEvent":"onLanguage:cmake"}
[2018-11-17 18:09:25.789] [exthost] [info] ExtensionService#loadCommonJSModule /home/andrei/.vscode/extensions/twxs.cmake-0.0.17/out/extension
