[2018-11-17 04:44:33.666] [exthost] [info] extension host started
[2018-11-17 04:44:33.680] [exthost] [info] ExtensionService#_doActivateExtension vscode.debug-auto-launch {"startup":true,"activationEvent":"*"}
[2018-11-17 04:44:33.680] [exthost] [info] ExtensionService#loadCommonJSModule /nix/store/03040aq1c4hjgjdg002irfqqy9j4yza1-vscode-1.28.2/lib/vscode/resources/app/extensions/debug-auto-launch/dist/extension
[2018-11-17 04:44:33.685] [exthost] [info] ExtensionService#_doActivateExtension vscode.emmet {"startup":true,"activationEvent":"*"}
[2018-11-17 04:44:33.685] [exthost] [info] ExtensionService#loadCommonJSModule /nix/store/03040aq1c4hjgjdg002irfqqy9j4yza1-vscode-1.28.2/lib/vscode/resources/app/extensions/emmet/dist/extension
[2018-11-17 04:44:33.713] [exthost] [info] ExtensionService#_doActivateExtension vscode.git {"startup":true,"activationEvent":"*"}
[2018-11-17 04:44:33.713] [exthost] [info] ExtensionService#loadCommonJSModule /nix/store/03040aq1c4hjgjdg002irfqqy9j4yza1-vscode-1.28.2/lib/vscode/resources/app/extensions/git/dist/main
[2018-11-17 04:44:33.805] [exthost] [info] ExtensionService#_doActivateExtension vscode.merge-conflict {"startup":true,"activationEvent":"*"}
[2018-11-17 04:44:33.805] [exthost] [info] ExtensionService#loadCommonJSModule /nix/store/03040aq1c4hjgjdg002irfqqy9j4yza1-vscode-1.28.2/lib/vscode/resources/app/extensions/merge-conflict/dist/extension
[2018-11-17 04:44:33.811] [exthost] [info] ExtensionService#_doActivateExtension vscode.search-rg {"startup":true,"activationEvent":"*"}
[2018-11-17 04:44:33.811] [exthost] [info] ExtensionService#loadCommonJSModule /nix/store/03040aq1c4hjgjdg002irfqqy9j4yza1-vscode-1.28.2/lib/vscode/resources/app/extensions/search-rg/dist/extension
[2018-11-17 04:44:33.815] [exthost] [info] ExtensionService#_doActivateExtension PKief.material-icon-theme {"startup":true,"activationEvent":"*"}
[2018-11-17 04:44:33.815] [exthost] [info] ExtensionService#loadCommonJSModule /home/andrei/.vscode/extensions/pkief.material-icon-theme-3.6.0/out/src/extension
[2018-11-17 04:44:33.841] [exthost] [info] ExtensionService#_doActivateExtension vector-of-bool.cmake-tools {"startup":true,"activationEvent":"workspaceContains:CMakeLists.txt"}
[2018-11-17 04:44:33.841] [exthost] [info] ExtensionService#loadCommonJSModule /home/andrei/.vscode/extensions/vector-of-bool.cmake-tools-1.1.2/out/src/extension
[2018-11-17 04:44:34.021] [exthost] [info] ExtensionService#_doActivateExtension twxs.cmake {"startup":false,"activationEvent":"onLanguage:cmake"}
[2018-11-17 04:44:34.021] [exthost] [info] ExtensionService#loadCommonJSModule /home/andrei/.vscode/extensions/twxs.cmake-0.0.17/out/extension
[2018-11-17 04:44:34.184] [exthost] [info] ExtensionService#_doActivateExtension ms-vscode.cpptools {"startup":false}
[2018-11-17 04:44:34.184] [exthost] [info] ExtensionService#loadCommonJSModule /home/andrei/.vscode/extensions/ms-vscode.cpptools-0.20.1/out/src/main
[2018-11-17 04:44:34.296] [exthost] [info] eager extensions activated
