The system is: Linux - 4.4.0-78-generic - x86_64
Compiling the C compiler identification source file "CMakeCCompilerId.c" succeeded.
Compiler: /home/andrei/.nix-profile/bin/gcc 
Build flags: 
Id flags:  

The output was:
0


Compilation of the C compiler identification source "CMakeCCompilerId.c" produced "a.out"

The C compiler identification is GNU, found in "/home/andrei/project/build/CMakeFiles/3.12.1/CompilerIdC/a.out"

Compiling the CXX compiler identification source file "CMakeCXXCompilerId.cpp" succeeded.
Compiler: /home/andrei/.nix-profile/bin/g++ 
Build flags: 
Id flags:  

The output was:
0


Compilation of the CXX compiler identification source "CMakeCXXCompilerId.cpp" produced "a.out"

The CXX compiler identification is GNU, found in "/home/andrei/project/build/CMakeFiles/3.12.1/CompilerIdCXX/a.out"

Determining if the C compiler works passed with the following output:
Change Dir: /home/andrei/project/build/CMakeFiles/CMakeTmp

Run Build Command:"/home/andrei/.nix-profile/bin/make" "cmTC_370f2/fast"
/home/andrei/.nix-profile/bin/make -f CMakeFiles/cmTC_370f2.dir/build.make CMakeFiles/cmTC_370f2.dir/build
make[1]: Entering directory '/home/andrei/project/build/CMakeFiles/CMakeTmp'
Building C object CMakeFiles/cmTC_370f2.dir/testCCompiler.c.o
/home/andrei/.nix-profile/bin/gcc    -o CMakeFiles/cmTC_370f2.dir/testCCompiler.c.o   -c /home/andrei/project/build/CMakeFiles/CMakeTmp/testCCompiler.c
Linking C executable cmTC_370f2
/nix/store/sxxy01wn82n7wjl5a384344m2i4xszx6-cmake-3.12.1/bin/cmake -E cmake_link_script CMakeFiles/cmTC_370f2.dir/link.txt --verbose=1
/home/andrei/.nix-profile/bin/gcc      -rdynamic CMakeFiles/cmTC_370f2.dir/testCCompiler.c.o  -o cmTC_370f2 
make[1]: Leaving directory '/home/andrei/project/build/CMakeFiles/CMakeTmp'


Detecting C compiler ABI info compiled with the following output:
Change Dir: /home/andrei/project/build/CMakeFiles/CMakeTmp

Run Build Command:"/home/andrei/.nix-profile/bin/make" "cmTC_d33d8/fast"
/home/andrei/.nix-profile/bin/make -f CMakeFiles/cmTC_d33d8.dir/build.make CMakeFiles/cmTC_d33d8.dir/build
make[1]: Entering directory '/home/andrei/project/build/CMakeFiles/CMakeTmp'
Building C object CMakeFiles/cmTC_d33d8.dir/CMakeCCompilerABI.c.o
/home/andrei/.nix-profile/bin/gcc    -o CMakeFiles/cmTC_d33d8.dir/CMakeCCompilerABI.c.o   -c /nix/store/sxxy01wn82n7wjl5a384344m2i4xszx6-cmake-3.12.1/share/cmake-3.12/Modules/CMakeCCompilerABI.c
Linking C executable cmTC_d33d8
/nix/store/sxxy01wn82n7wjl5a384344m2i4xszx6-cmake-3.12.1/bin/cmake -E cmake_link_script CMakeFiles/cmTC_d33d8.dir/link.txt --verbose=1
/home/andrei/.nix-profile/bin/gcc     -v -rdynamic CMakeFiles/cmTC_d33d8.dir/CMakeCCompilerABI.c.o  -o cmTC_d33d8 
Using built-in specs.
COLLECT_GCC=/nix/store/2dr4kh5f865bsxwab23dhfiw9h86ql1v-gcc-8.2.0/bin/gcc
COLLECT_LTO_WRAPPER=/nix/store/2dr4kh5f865bsxwab23dhfiw9h86ql1v-gcc-8.2.0/libexec/gcc/x86_64-unknown-linux-gnu/8.2.0/lto-wrapper
Target: x86_64-unknown-linux-gnu
Configured with: 
Thread model: posix
gcc version 8.2.0 (GCC) 
COMPILER_PATH=/nix/store/9x31gd6hz7a2wxbrlgysfq5j1q9ingsn-gcc-8.2.0-lib/lib/:/nix/store/g2yk54hifqlsjiha3szr4q3ccmdzyrdv-glibc-2.27/lib/:/nix/store/fwckb6z3l9n8mxdqyl0qmfjjdgwpqi21-gcc-wrapper-8.2.0/bin/:/nix/store/2dr4kh5f865bsxwab23dhfiw9h86ql1v-gcc-8.2.0/libexec/gcc/x86_64-unknown-linux-gnu/8.2.0/:/nix/store/2dr4kh5f865bsxwab23dhfiw9h86ql1v-gcc-8.2.0/libexec/gcc/x86_64-unknown-linux-gnu/8.2.0/:/nix/store/2dr4kh5f865bsxwab23dhfiw9h86ql1v-gcc-8.2.0/libexec/gcc/x86_64-unknown-linux-gnu/:/nix/store/2dr4kh5f865bsxwab23dhfiw9h86ql1v-gcc-8.2.0/lib/gcc/x86_64-unknown-linux-gnu/8.2.0/:/nix/store/2dr4kh5f865bsxwab23dhfiw9h86ql1v-gcc-8.2.0/lib/gcc/x86_64-unknown-linux-gnu/
LIBRARY_PATH=/nix/store/9x31gd6hz7a2wxbrlgysfq5j1q9ingsn-gcc-8.2.0-lib/lib/:/nix/store/g2yk54hifqlsjiha3szr4q3ccmdzyrdv-glibc-2.27/lib/:/nix/store/fwckb6z3l9n8mxdqyl0qmfjjdgwpqi21-gcc-wrapper-8.2.0/bin/:/nix/store/2dr4kh5f865bsxwab23dhfiw9h86ql1v-gcc-8.2.0/lib/gcc/x86_64-unknown-linux-gnu/8.2.0/:/nix/store/2dr4kh5f865bsxwab23dhfiw9h86ql1v-gcc-8.2.0/lib/gcc/x86_64-unknown-linux-gnu/8.2.0/../../../../lib64/:/nix/store/2dr4kh5f865bsxwab23dhfiw9h86ql1v-gcc-8.2.0/lib/gcc/x86_64-unknown-linux-gnu/8.2.0/../../../
COLLECT_GCC_OPTIONS='-v' '-rdynamic' '-o' 'cmTC_d33d8' '-B' '/nix/store/9x31gd6hz7a2wxbrlgysfq5j1q9ingsn-gcc-8.2.0-lib/lib' '-B' '/nix/store/g2yk54hifqlsjiha3szr4q3ccmdzyrdv-glibc-2.27/lib/' '-idirafter' '/nix/store/kvdxajnlyisifi506ppbdpfycmcmsp6d-glibc-2.27-dev/include' '-idirafter' '/nix/store/2dr4kh5f865bsxwab23dhfiw9h86ql1v-gcc-8.2.0/lib/gcc/x86_64-unknown-linux-gnu/8.2.0/include-fixed' '-B' '/nix/store/fwckb6z3l9n8mxdqyl0qmfjjdgwpqi21-gcc-wrapper-8.2.0/bin/' '-L/nix/store/g2yk54hifqlsjiha3szr4q3ccmdzyrdv-glibc-2.27/lib' '-L/nix/store/9x31gd6hz7a2wxbrlgysfq5j1q9ingsn-gcc-8.2.0-lib/lib' '-mtune=generic' '-march=x86-64'
 /nix/store/2dr4kh5f865bsxwab23dhfiw9h86ql1v-gcc-8.2.0/libexec/gcc/x86_64-unknown-linux-gnu/8.2.0/collect2 -plugin /nix/store/2dr4kh5f865bsxwab23dhfiw9h86ql1v-gcc-8.2.0/libexec/gcc/x86_64-unknown-linux-gnu/8.2.0/liblto_plugin.so -plugin-opt=/nix/store/2dr4kh5f865bsxwab23dhfiw9h86ql1v-gcc-8.2.0/libexec/gcc/x86_64-unknown-linux-gnu/8.2.0/lto-wrapper -plugin-opt=-fresolution=/tmp/ccpItXMe.res -plugin-opt=-pass-through=-lgcc -plugin-opt=-pass-through=-lgcc_s -plugin-opt=-pass-through=-lc -plugin-opt=-pass-through=-lgcc -plugin-opt=-pass-through=-lgcc_s --eh-frame-hdr -m elf_x86_64 -export-dynamic -dynamic-linker /nix/store/g2yk54hifqlsjiha3szr4q3ccmdzyrdv-glibc-2.27/lib64/ld-linux-x86-64.so.2 -o cmTC_d33d8 /nix/store/g2yk54hifqlsjiha3szr4q3ccmdzyrdv-glibc-2.27/lib/crt1.o /nix/store/g2yk54hifqlsjiha3szr4q3ccmdzyrdv-glibc-2.27/lib/crti.o /nix/store/2dr4kh5f865bsxwab23dhfiw9h86ql1v-gcc-8.2.0/lib/gcc/x86_64-unknown-linux-gnu/8.2.0/crtbegin.o -L/nix/store/g2yk54hifqlsjiha3szr4q3ccmdzyrdv-glibc-2.27/lib -L/nix/store/9x31gd6hz7a2wxbrlgysfq5j1q9ingsn-gcc-8.2.0-lib/lib -L/nix/store/9x31gd6hz7a2wxbrlgysfq5j1q9ingsn-gcc-8.2.0-lib/lib -L/nix/store/g2yk54hifqlsjiha3szr4q3ccmdzyrdv-glibc-2.27/lib -L/nix/store/fwckb6z3l9n8mxdqyl0qmfjjdgwpqi21-gcc-wrapper-8.2.0/bin -L/nix/store/2dr4kh5f865bsxwab23dhfiw9h86ql1v-gcc-8.2.0/lib/gcc/x86_64-unknown-linux-gnu/8.2.0 -L/nix/store/2dr4kh5f865bsxwab23dhfiw9h86ql1v-gcc-8.2.0/lib/gcc/x86_64-unknown-linux-gnu/8.2.0/../../../../lib64 -L/nix/store/2dr4kh5f865bsxwab23dhfiw9h86ql1v-gcc-8.2.0/lib/gcc/x86_64-unknown-linux-gnu/8.2.0/../../.. -dynamic-linker /nix/store/g2yk54hifqlsjiha3szr4q3ccmdzyrdv-glibc-2.27/lib/ld-linux-x86-64.so.2 CMakeFiles/cmTC_d33d8.dir/CMakeCCompilerABI.c.o -lgcc --as-needed -lgcc_s --no-as-needed -lc -lgcc --as-needed -lgcc_s --no-as-needed /nix/store/2dr4kh5f865bsxwab23dhfiw9h86ql1v-gcc-8.2.0/lib/gcc/x86_64-unknown-linux-gnu/8.2.0/crtend.o /nix/store/g2yk54hifqlsjiha3szr4q3ccmdzyrdv-glibc-2.27/lib/crtn.o
COLLECT_GCC_OPTIONS='-v' '-rdynamic' '-o' 'cmTC_d33d8' '-B' '/nix/store/9x31gd6hz7a2wxbrlgysfq5j1q9ingsn-gcc-8.2.0-lib/lib' '-B' '/nix/store/g2yk54hifqlsjiha3szr4q3ccmdzyrdv-glibc-2.27/lib/' '-idirafter' '/nix/store/kvdxajnlyisifi506ppbdpfycmcmsp6d-glibc-2.27-dev/include' '-idirafter' '/nix/store/2dr4kh5f865bsxwab23dhfiw9h86ql1v-gcc-8.2.0/lib/gcc/x86_64-unknown-linux-gnu/8.2.0/include-fixed' '-B' '/nix/store/fwckb6z3l9n8mxdqyl0qmfjjdgwpqi21-gcc-wrapper-8.2.0/bin/' '-L/nix/store/g2yk54hifqlsjiha3szr4q3ccmdzyrdv-glibc-2.27/lib' '-L/nix/store/9x31gd6hz7a2wxbrlgysfq5j1q9ingsn-gcc-8.2.0-lib/lib' '-mtune=generic' '-march=x86-64'
make[1]: Leaving directory '/home/andrei/project/build/CMakeFiles/CMakeTmp'


Parsed C implicit link information from above output:
  link line regex: [^( *|.*[/\])(ld|CMAKE_LINK_STARTFILE-NOTFOUND|([^/\]+-)?ld|collect2)[^/\]*( |$)]
  ignore line: [Change Dir: /home/andrei/project/build/CMakeFiles/CMakeTmp]
  ignore line: []
  ignore line: [Run Build Command:"/home/andrei/.nix-profile/bin/make" "cmTC_d33d8/fast"]
  ignore line: [/home/andrei/.nix-profile/bin/make -f CMakeFiles/cmTC_d33d8.dir/build.make CMakeFiles/cmTC_d33d8.dir/build]
  ignore line: [make[1]: Entering directory '/home/andrei/project/build/CMakeFiles/CMakeTmp']
  ignore line: [Building C object CMakeFiles/cmTC_d33d8.dir/CMakeCCompilerABI.c.o]
  ignore line: [/home/andrei/.nix-profile/bin/gcc    -o CMakeFiles/cmTC_d33d8.dir/CMakeCCompilerABI.c.o   -c /nix/store/sxxy01wn82n7wjl5a384344m2i4xszx6-cmake-3.12.1/share/cmake-3.12/Modules/CMakeCCompilerABI.c]
  ignore line: [Linking C executable cmTC_d33d8]
  ignore line: [/nix/store/sxxy01wn82n7wjl5a384344m2i4xszx6-cmake-3.12.1/bin/cmake -E cmake_link_script CMakeFiles/cmTC_d33d8.dir/link.txt --verbose=1]
  ignore line: [/home/andrei/.nix-profile/bin/gcc     -v -rdynamic CMakeFiles/cmTC_d33d8.dir/CMakeCCompilerABI.c.o  -o cmTC_d33d8 ]
  ignore line: [Using built-in specs.]
  ignore line: [COLLECT_GCC=/nix/store/2dr4kh5f865bsxwab23dhfiw9h86ql1v-gcc-8.2.0/bin/gcc]
  ignore line: [COLLECT_LTO_WRAPPER=/nix/store/2dr4kh5f865bsxwab23dhfiw9h86ql1v-gcc-8.2.0/libexec/gcc/x86_64-unknown-linux-gnu/8.2.0/lto-wrapper]
  ignore line: [Target: x86_64-unknown-linux-gnu]
  ignore line: [Configured with: ]
  ignore line: [Thread model: posix]
  ignore line: [gcc version 8.2.0 (GCC) ]
  ignore line: [COMPILER_PATH=/nix/store/9x31gd6hz7a2wxbrlgysfq5j1q9ingsn-gcc-8.2.0-lib/lib/:/nix/store/g2yk54hifqlsjiha3szr4q3ccmdzyrdv-glibc-2.27/lib/:/nix/store/fwckb6z3l9n8mxdqyl0qmfjjdgwpqi21-gcc-wrapper-8.2.0/bin/:/nix/store/2dr4kh5f865bsxwab23dhfiw9h86ql1v-gcc-8.2.0/libexec/gcc/x86_64-unknown-linux-gnu/8.2.0/:/nix/store/2dr4kh5f865bsxwab23dhfiw9h86ql1v-gcc-8.2.0/libexec/gcc/x86_64-unknown-linux-gnu/8.2.0/:/nix/store/2dr4kh5f865bsxwab23dhfiw9h86ql1v-gcc-8.2.0/libexec/gcc/x86_64-unknown-linux-gnu/:/nix/store/2dr4kh5f865bsxwab23dhfiw9h86ql1v-gcc-8.2.0/lib/gcc/x86_64-unknown-linux-gnu/8.2.0/:/nix/store/2dr4kh5f865bsxwab23dhfiw9h86ql1v-gcc-8.2.0/lib/gcc/x86_64-unknown-linux-gnu/]
  ignore line: [LIBRARY_PATH=/nix/store/9x31gd6hz7a2wxbrlgysfq5j1q9ingsn-gcc-8.2.0-lib/lib/:/nix/store/g2yk54hifqlsjiha3szr4q3ccmdzyrdv-glibc-2.27/lib/:/nix/store/fwckb6z3l9n8mxdqyl0qmfjjdgwpqi21-gcc-wrapper-8.2.0/bin/:/nix/store/2dr4kh5f865bsxwab23dhfiw9h86ql1v-gcc-8.2.0/lib/gcc/x86_64-unknown-linux-gnu/8.2.0/:/nix/store/2dr4kh5f865bsxwab23dhfiw9h86ql1v-gcc-8.2.0/lib/gcc/x86_64-unknown-linux-gnu/8.2.0/../../../../lib64/:/nix/store/2dr4kh5f865bsxwab23dhfiw9h86ql1v-gcc-8.2.0/lib/gcc/x86_64-unknown-linux-gnu/8.2.0/../../../]
  ignore line: [COLLECT_GCC_OPTIONS='-v' '-rdynamic' '-o' 'cmTC_d33d8' '-B' '/nix/store/9x31gd6hz7a2wxbrlgysfq5j1q9ingsn-gcc-8.2.0-lib/lib' '-B' '/nix/store/g2yk54hifqlsjiha3szr4q3ccmdzyrdv-glibc-2.27/lib/' '-idirafter' '/nix/store/kvdxajnlyisifi506ppbdpfycmcmsp6d-glibc-2.27-dev/include' '-idirafter' '/nix/store/2dr4kh5f865bsxwab23dhfiw9h86ql1v-gcc-8.2.0/lib/gcc/x86_64-unknown-linux-gnu/8.2.0/include-fixed' '-B' '/nix/store/fwckb6z3l9n8mxdqyl0qmfjjdgwpqi21-gcc-wrapper-8.2.0/bin/' '-L/nix/store/g2yk54hifqlsjiha3szr4q3ccmdzyrdv-glibc-2.27/lib' '-L/nix/store/9x31gd6hz7a2wxbrlgysfq5j1q9ingsn-gcc-8.2.0-lib/lib' '-mtune=generic' '-march=x86-64']
  link line: [ /nix/store/2dr4kh5f865bsxwab23dhfiw9h86ql1v-gcc-8.2.0/libexec/gcc/x86_64-unknown-linux-gnu/8.2.0/collect2 -plugin /nix/store/2dr4kh5f865bsxwab23dhfiw9h86ql1v-gcc-8.2.0/libexec/gcc/x86_64-unknown-linux-gnu/8.2.0/liblto_plugin.so -plugin-opt=/nix/store/2dr4kh5f865bsxwab23dhfiw9h86ql1v-gcc-8.2.0/libexec/gcc/x86_64-unknown-linux-gnu/8.2.0/lto-wrapper -plugin-opt=-fresolution=/tmp/ccpItXMe.res -plugin-opt=-pass-through=-lgcc -plugin-opt=-pass-through=-lgcc_s -plugin-opt=-pass-through=-lc -plugin-opt=-pass-through=-lgcc -plugin-opt=-pass-through=-lgcc_s --eh-frame-hdr -m elf_x86_64 -export-dynamic -dynamic-linker /nix/store/g2yk54hifqlsjiha3szr4q3ccmdzyrdv-glibc-2.27/lib64/ld-linux-x86-64.so.2 -o cmTC_d33d8 /nix/store/g2yk54hifqlsjiha3szr4q3ccmdzyrdv-glibc-2.27/lib/crt1.o /nix/store/g2yk54hifqlsjiha3szr4q3ccmdzyrdv-glibc-2.27/lib/crti.o /nix/store/2dr4kh5f865bsxwab23dhfiw9h86ql1v-gcc-8.2.0/lib/gcc/x86_64-unknown-linux-gnu/8.2.0/crtbegin.o -L/nix/store/g2yk54hifqlsjiha3szr4q3ccmdzyrdv-glibc-2.27/lib -L/nix/store/9x31gd6hz7a2wxbrlgysfq5j1q9ingsn-gcc-8.2.0-lib/lib -L/nix/store/9x31gd6hz7a2wxbrlgysfq5j1q9ingsn-gcc-8.2.0-lib/lib -L/nix/store/g2yk54hifqlsjiha3szr4q3ccmdzyrdv-glibc-2.27/lib -L/nix/store/fwckb6z3l9n8mxdqyl0qmfjjdgwpqi21-gcc-wrapper-8.2.0/bin -L/nix/store/2dr4kh5f865bsxwab23dhfiw9h86ql1v-gcc-8.2.0/lib/gcc/x86_64-unknown-linux-gnu/8.2.0 -L/nix/store/2dr4kh5f865bsxwab23dhfiw9h86ql1v-gcc-8.2.0/lib/gcc/x86_64-unknown-linux-gnu/8.2.0/../../../../lib64 -L/nix/store/2dr4kh5f865bsxwab23dhfiw9h86ql1v-gcc-8.2.0/lib/gcc/x86_64-unknown-linux-gnu/8.2.0/../../.. -dynamic-linker /nix/store/g2yk54hifqlsjiha3szr4q3ccmdzyrdv-glibc-2.27/lib/ld-linux-x86-64.so.2 CMakeFiles/cmTC_d33d8.dir/CMakeCCompilerABI.c.o -lgcc --as-needed -lgcc_s --no-as-needed -lc -lgcc --as-needed -lgcc_s --no-as-needed /nix/store/2dr4kh5f865bsxwab23dhfiw9h86ql1v-gcc-8.2.0/lib/gcc/x86_64-unknown-linux-gnu/8.2.0/crtend.o /nix/store/g2yk54hifqlsjiha3szr4q3ccmdzyrdv-glibc-2.27/lib/crtn.o]
    arg [/nix/store/2dr4kh5f865bsxwab23dhfiw9h86ql1v-gcc-8.2.0/libexec/gcc/x86_64-unknown-linux-gnu/8.2.0/collect2] ==> ignore
    arg [-plugin] ==> ignore
    arg [/nix/store/2dr4kh5f865bsxwab23dhfiw9h86ql1v-gcc-8.2.0/libexec/gcc/x86_64-unknown-linux-gnu/8.2.0/liblto_plugin.so] ==> ignore
    arg [-plugin-opt=/nix/store/2dr4kh5f865bsxwab23dhfiw9h86ql1v-gcc-8.2.0/libexec/gcc/x86_64-unknown-linux-gnu/8.2.0/lto-wrapper] ==> ignore
    arg [-plugin-opt=-fresolution=/tmp/ccpItXMe.res] ==> ignore
    arg [-plugin-opt=-pass-through=-lgcc] ==> ignore
    arg [-plugin-opt=-pass-through=-lgcc_s] ==> ignore
    arg [-plugin-opt=-pass-through=-lc] ==> ignore
    arg [-plugin-opt=-pass-through=-lgcc] ==> ignore
    arg [-plugin-opt=-pass-through=-lgcc_s] ==> ignore
    arg [--eh-frame-hdr] ==> ignore
    arg [-m] ==> ignore
    arg [elf_x86_64] ==> ignore
    arg [-export-dynamic] ==> ignore
    arg [-dynamic-linker] ==> ignore
    arg [/nix/store/g2yk54hifqlsjiha3szr4q3ccmdzyrdv-glibc-2.27/lib64/ld-linux-x86-64.so.2] ==> ignore
    arg [-o] ==> ignore
    arg [cmTC_d33d8] ==> ignore
    arg [/nix/store/g2yk54hifqlsjiha3szr4q3ccmdzyrdv-glibc-2.27/lib/crt1.o] ==> ignore
    arg [/nix/store/g2yk54hifqlsjiha3szr4q3ccmdzyrdv-glibc-2.27/lib/crti.o] ==> ignore
    arg [/nix/store/2dr4kh5f865bsxwab23dhfiw9h86ql1v-gcc-8.2.0/lib/gcc/x86_64-unknown-linux-gnu/8.2.0/crtbegin.o] ==> ignore
    arg [-L/nix/store/g2yk54hifqlsjiha3szr4q3ccmdzyrdv-glibc-2.27/lib] ==> dir [/nix/store/g2yk54hifqlsjiha3szr4q3ccmdzyrdv-glibc-2.27/lib]
    arg [-L/nix/store/9x31gd6hz7a2wxbrlgysfq5j1q9ingsn-gcc-8.2.0-lib/lib] ==> dir [/nix/store/9x31gd6hz7a2wxbrlgysfq5j1q9ingsn-gcc-8.2.0-lib/lib]
    arg [-L/nix/store/9x31gd6hz7a2wxbrlgysfq5j1q9ingsn-gcc-8.2.0-lib/lib] ==> dir [/nix/store/9x31gd6hz7a2wxbrlgysfq5j1q9ingsn-gcc-8.2.0-lib/lib]
    arg [-L/nix/store/g2yk54hifqlsjiha3szr4q3ccmdzyrdv-glibc-2.27/lib] ==> dir [/nix/store/g2yk54hifqlsjiha3szr4q3ccmdzyrdv-glibc-2.27/lib]
    arg [-L/nix/store/fwckb6z3l9n8mxdqyl0qmfjjdgwpqi21-gcc-wrapper-8.2.0/bin] ==> dir [/nix/store/fwckb6z3l9n8mxdqyl0qmfjjdgwpqi21-gcc-wrapper-8.2.0/bin]
    arg [-L/nix/store/2dr4kh5f865bsxwab23dhfiw9h86ql1v-gcc-8.2.0/lib/gcc/x86_64-unknown-linux-gnu/8.2.0] ==> dir [/nix/store/2dr4kh5f865bsxwab23dhfiw9h86ql1v-gcc-8.2.0/lib/gcc/x86_64-unknown-linux-gnu/8.2.0]
    arg [-L/nix/store/2dr4kh5f865bsxwab23dhfiw9h86ql1v-gcc-8.2.0/lib/gcc/x86_64-unknown-linux-gnu/8.2.0/../../../../lib64] ==> dir [/nix/store/2dr4kh5f865bsxwab23dhfiw9h86ql1v-gcc-8.2.0/lib/gcc/x86_64-unknown-linux-gnu/8.2.0/../../../../lib64]
    arg [-L/nix/store/2dr4kh5f865bsxwab23dhfiw9h86ql1v-gcc-8.2.0/lib/gcc/x86_64-unknown-linux-gnu/8.2.0/../../..] ==> dir [/nix/store/2dr4kh5f865bsxwab23dhfiw9h86ql1v-gcc-8.2.0/lib/gcc/x86_64-unknown-linux-gnu/8.2.0/../../..]
    arg [-dynamic-linker] ==> ignore
    arg [/nix/store/g2yk54hifqlsjiha3szr4q3ccmdzyrdv-glibc-2.27/lib/ld-linux-x86-64.so.2] ==> ignore
    arg [CMakeFiles/cmTC_d33d8.dir/CMakeCCompilerABI.c.o] ==> ignore
    arg [-lgcc] ==> lib [gcc]
    arg [--as-needed] ==> ignore
    arg [-lgcc_s] ==> lib [gcc_s]
    arg [--no-as-needed] ==> ignore
    arg [-lc] ==> lib [c]
    arg [-lgcc] ==> lib [gcc]
    arg [--as-needed] ==> ignore
    arg [-lgcc_s] ==> lib [gcc_s]
    arg [--no-as-needed] ==> ignore
    arg [/nix/store/2dr4kh5f865bsxwab23dhfiw9h86ql1v-gcc-8.2.0/lib/gcc/x86_64-unknown-linux-gnu/8.2.0/crtend.o] ==> ignore
    arg [/nix/store/g2yk54hifqlsjiha3szr4q3ccmdzyrdv-glibc-2.27/lib/crtn.o] ==> ignore
  collapse library dir [/nix/store/g2yk54hifqlsjiha3szr4q3ccmdzyrdv-glibc-2.27/lib] ==> [/nix/store/g2yk54hifqlsjiha3szr4q3ccmdzyrdv-glibc-2.27/lib]
  collapse library dir [/nix/store/9x31gd6hz7a2wxbrlgysfq5j1q9ingsn-gcc-8.2.0-lib/lib] ==> [/nix/store/9x31gd6hz7a2wxbrlgysfq5j1q9ingsn-gcc-8.2.0-lib/lib]
  collapse library dir [/nix/store/9x31gd6hz7a2wxbrlgysfq5j1q9ingsn-gcc-8.2.0-lib/lib] ==> [/nix/store/9x31gd6hz7a2wxbrlgysfq5j1q9ingsn-gcc-8.2.0-lib/lib]
  collapse library dir [/nix/store/g2yk54hifqlsjiha3szr4q3ccmdzyrdv-glibc-2.27/lib] ==> [/nix/store/g2yk54hifqlsjiha3szr4q3ccmdzyrdv-glibc-2.27/lib]
  collapse library dir [/nix/store/fwckb6z3l9n8mxdqyl0qmfjjdgwpqi21-gcc-wrapper-8.2.0/bin] ==> [/nix/store/fwckb6z3l9n8mxdqyl0qmfjjdgwpqi21-gcc-wrapper-8.2.0/bin]
  collapse library dir [/nix/store/2dr4kh5f865bsxwab23dhfiw9h86ql1v-gcc-8.2.0/lib/gcc/x86_64-unknown-linux-gnu/8.2.0] ==> [/nix/store/2dr4kh5f865bsxwab23dhfiw9h86ql1v-gcc-8.2.0/lib/gcc/x86_64-unknown-linux-gnu/8.2.0]
  collapse library dir [/nix/store/2dr4kh5f865bsxwab23dhfiw9h86ql1v-gcc-8.2.0/lib/gcc/x86_64-unknown-linux-gnu/8.2.0/../../../../lib64] ==> [/nix/store/2dr4kh5f865bsxwab23dhfiw9h86ql1v-gcc-8.2.0/lib64]
  collapse library dir [/nix/store/2dr4kh5f865bsxwab23dhfiw9h86ql1v-gcc-8.2.0/lib/gcc/x86_64-unknown-linux-gnu/8.2.0/../../..] ==> [/nix/store/2dr4kh5f865bsxwab23dhfiw9h86ql1v-gcc-8.2.0/lib]
  implicit libs: [gcc;gcc_s;c;gcc;gcc_s]
  implicit dirs: [/nix/store/g2yk54hifqlsjiha3szr4q3ccmdzyrdv-glibc-2.27/lib;/nix/store/9x31gd6hz7a2wxbrlgysfq5j1q9ingsn-gcc-8.2.0-lib/lib;/nix/store/fwckb6z3l9n8mxdqyl0qmfjjdgwpqi21-gcc-wrapper-8.2.0/bin;/nix/store/2dr4kh5f865bsxwab23dhfiw9h86ql1v-gcc-8.2.0/lib/gcc/x86_64-unknown-linux-gnu/8.2.0;/nix/store/2dr4kh5f865bsxwab23dhfiw9h86ql1v-gcc-8.2.0/lib64;/nix/store/2dr4kh5f865bsxwab23dhfiw9h86ql1v-gcc-8.2.0/lib]
  implicit fwks: []




Detecting C [-std=c11] compiler features compiled with the following output:
Change Dir: /home/andrei/project/build/CMakeFiles/CMakeTmp

Run Build Command:"/home/andrei/.nix-profile/bin/make" "cmTC_b3258/fast"
/home/andrei/.nix-profile/bin/make -f CMakeFiles/cmTC_b3258.dir/build.make CMakeFiles/cmTC_b3258.dir/build
make[1]: Entering directory '/home/andrei/project/build/CMakeFiles/CMakeTmp'
Building C object CMakeFiles/cmTC_b3258.dir/feature_tests.c.o
/home/andrei/.nix-profile/bin/gcc   -std=c11 -o CMakeFiles/cmTC_b3258.dir/feature_tests.c.o   -c /home/andrei/project/build/CMakeFiles/feature_tests.c
Linking C executable cmTC_b3258
/nix/store/sxxy01wn82n7wjl5a384344m2i4xszx6-cmake-3.12.1/bin/cmake -E cmake_link_script CMakeFiles/cmTC_b3258.dir/link.txt --verbose=1
/home/andrei/.nix-profile/bin/gcc      -rdynamic CMakeFiles/cmTC_b3258.dir/feature_tests.c.o  -o cmTC_b3258 
make[1]: Leaving directory '/home/andrei/project/build/CMakeFiles/CMakeTmp'


    Feature record: C_FEATURE:1c_function_prototypes
    Feature record: C_FEATURE:1c_restrict
    Feature record: C_FEATURE:1c_static_assert
    Feature record: C_FEATURE:1c_variadic_macros


Detecting C [-std=c99] compiler features compiled with the following output:
Change Dir: /home/andrei/project/build/CMakeFiles/CMakeTmp

Run Build Command:"/home/andrei/.nix-profile/bin/make" "cmTC_28b3e/fast"
/home/andrei/.nix-profile/bin/make -f CMakeFiles/cmTC_28b3e.dir/build.make CMakeFiles/cmTC_28b3e.dir/build
make[1]: Entering directory '/home/andrei/project/build/CMakeFiles/CMakeTmp'
Building C object CMakeFiles/cmTC_28b3e.dir/feature_tests.c.o
/home/andrei/.nix-profile/bin/gcc   -std=c99 -o CMakeFiles/cmTC_28b3e.dir/feature_tests.c.o   -c /home/andrei/project/build/CMakeFiles/feature_tests.c
Linking C executable cmTC_28b3e
/nix/store/sxxy01wn82n7wjl5a384344m2i4xszx6-cmake-3.12.1/bin/cmake -E cmake_link_script CMakeFiles/cmTC_28b3e.dir/link.txt --verbose=1
/home/andrei/.nix-profile/bin/gcc      -rdynamic CMakeFiles/cmTC_28b3e.dir/feature_tests.c.o  -o cmTC_28b3e 
make[1]: Leaving directory '/home/andrei/project/build/CMakeFiles/CMakeTmp'


    Feature record: C_FEATURE:1c_function_prototypes
    Feature record: C_FEATURE:1c_restrict
    Feature record: C_FEATURE:0c_static_assert
    Feature record: C_FEATURE:1c_variadic_macros


Detecting C [-std=c90] compiler features compiled with the following output:
Change Dir: /home/andrei/project/build/CMakeFiles/CMakeTmp

Run Build Command:"/home/andrei/.nix-profile/bin/make" "cmTC_5b284/fast"
/home/andrei/.nix-profile/bin/make -f CMakeFiles/cmTC_5b284.dir/build.make CMakeFiles/cmTC_5b284.dir/build
make[1]: Entering directory '/home/andrei/project/build/CMakeFiles/CMakeTmp'
Building C object CMakeFiles/cmTC_5b284.dir/feature_tests.c.o
/home/andrei/.nix-profile/bin/gcc   -std=c90 -o CMakeFiles/cmTC_5b284.dir/feature_tests.c.o   -c /home/andrei/project/build/CMakeFiles/feature_tests.c
Linking C executable cmTC_5b284
/nix/store/sxxy01wn82n7wjl5a384344m2i4xszx6-cmake-3.12.1/bin/cmake -E cmake_link_script CMakeFiles/cmTC_5b284.dir/link.txt --verbose=1
/home/andrei/.nix-profile/bin/gcc      -rdynamic CMakeFiles/cmTC_5b284.dir/feature_tests.c.o  -o cmTC_5b284 
make[1]: Leaving directory '/home/andrei/project/build/CMakeFiles/CMakeTmp'


    Feature record: C_FEATURE:1c_function_prototypes
    Feature record: C_FEATURE:0c_restrict
    Feature record: C_FEATURE:0c_static_assert
    Feature record: C_FEATURE:0c_variadic_macros
Determining if the CXX compiler works passed with the following output:
Change Dir: /home/andrei/project/build/CMakeFiles/CMakeTmp

Run Build Command:"/home/andrei/.nix-profile/bin/make" "cmTC_10091/fast"
/home/andrei/.nix-profile/bin/make -f CMakeFiles/cmTC_10091.dir/build.make CMakeFiles/cmTC_10091.dir/build
make[1]: Entering directory '/home/andrei/project/build/CMakeFiles/CMakeTmp'
Building CXX object CMakeFiles/cmTC_10091.dir/testCXXCompiler.cxx.o
/home/andrei/.nix-profile/bin/g++     -o CMakeFiles/cmTC_10091.dir/testCXXCompiler.cxx.o -c /home/andrei/project/build/CMakeFiles/CMakeTmp/testCXXCompiler.cxx
Linking CXX executable cmTC_10091
/nix/store/sxxy01wn82n7wjl5a384344m2i4xszx6-cmake-3.12.1/bin/cmake -E cmake_link_script CMakeFiles/cmTC_10091.dir/link.txt --verbose=1
/home/andrei/.nix-profile/bin/g++       -rdynamic CMakeFiles/cmTC_10091.dir/testCXXCompiler.cxx.o  -o cmTC_10091 
make[1]: Leaving directory '/home/andrei/project/build/CMakeFiles/CMakeTmp'


Detecting CXX compiler ABI info compiled with the following output:
Change Dir: /home/andrei/project/build/CMakeFiles/CMakeTmp

Run Build Command:"/home/andrei/.nix-profile/bin/make" "cmTC_4566c/fast"
/home/andrei/.nix-profile/bin/make -f CMakeFiles/cmTC_4566c.dir/build.make CMakeFiles/cmTC_4566c.dir/build
make[1]: Entering directory '/home/andrei/project/build/CMakeFiles/CMakeTmp'
Building CXX object CMakeFiles/cmTC_4566c.dir/CMakeCXXCompilerABI.cpp.o
/home/andrei/.nix-profile/bin/g++     -o CMakeFiles/cmTC_4566c.dir/CMakeCXXCompilerABI.cpp.o -c /nix/store/sxxy01wn82n7wjl5a384344m2i4xszx6-cmake-3.12.1/share/cmake-3.12/Modules/CMakeCXXCompilerABI.cpp
Linking CXX executable cmTC_4566c
/nix/store/sxxy01wn82n7wjl5a384344m2i4xszx6-cmake-3.12.1/bin/cmake -E cmake_link_script CMakeFiles/cmTC_4566c.dir/link.txt --verbose=1
/home/andrei/.nix-profile/bin/g++      -v -rdynamic CMakeFiles/cmTC_4566c.dir/CMakeCXXCompilerABI.cpp.o  -o cmTC_4566c 
Using built-in specs.
COLLECT_GCC=/nix/store/2dr4kh5f865bsxwab23dhfiw9h86ql1v-gcc-8.2.0/bin/g++
COLLECT_LTO_WRAPPER=/nix/store/2dr4kh5f865bsxwab23dhfiw9h86ql1v-gcc-8.2.0/libexec/gcc/x86_64-unknown-linux-gnu/8.2.0/lto-wrapper
Target: x86_64-unknown-linux-gnu
Configured with: 
Thread model: posix
gcc version 8.2.0 (GCC) 
COMPILER_PATH=/nix/store/9x31gd6hz7a2wxbrlgysfq5j1q9ingsn-gcc-8.2.0-lib/lib/:/nix/store/g2yk54hifqlsjiha3szr4q3ccmdzyrdv-glibc-2.27/lib/:/nix/store/fwckb6z3l9n8mxdqyl0qmfjjdgwpqi21-gcc-wrapper-8.2.0/bin/:/nix/store/2dr4kh5f865bsxwab23dhfiw9h86ql1v-gcc-8.2.0/libexec/gcc/x86_64-unknown-linux-gnu/8.2.0/:/nix/store/2dr4kh5f865bsxwab23dhfiw9h86ql1v-gcc-8.2.0/libexec/gcc/x86_64-unknown-linux-gnu/8.2.0/:/nix/store/2dr4kh5f865bsxwab23dhfiw9h86ql1v-gcc-8.2.0/libexec/gcc/x86_64-unknown-linux-gnu/:/nix/store/2dr4kh5f865bsxwab23dhfiw9h86ql1v-gcc-8.2.0/lib/gcc/x86_64-unknown-linux-gnu/8.2.0/:/nix/store/2dr4kh5f865bsxwab23dhfiw9h86ql1v-gcc-8.2.0/lib/gcc/x86_64-unknown-linux-gnu/
LIBRARY_PATH=/nix/store/9x31gd6hz7a2wxbrlgysfq5j1q9ingsn-gcc-8.2.0-lib/lib/:/nix/store/g2yk54hifqlsjiha3szr4q3ccmdzyrdv-glibc-2.27/lib/:/nix/store/fwckb6z3l9n8mxdqyl0qmfjjdgwpqi21-gcc-wrapper-8.2.0/bin/:/nix/store/2dr4kh5f865bsxwab23dhfiw9h86ql1v-gcc-8.2.0/lib/gcc/x86_64-unknown-linux-gnu/8.2.0/:/nix/store/2dr4kh5f865bsxwab23dhfiw9h86ql1v-gcc-8.2.0/lib/gcc/x86_64-unknown-linux-gnu/8.2.0/../../../../lib64/:/nix/store/2dr4kh5f865bsxwab23dhfiw9h86ql1v-gcc-8.2.0/lib/gcc/x86_64-unknown-linux-gnu/8.2.0/../../../
COLLECT_GCC_OPTIONS='-v' '-rdynamic' '-o' 'cmTC_4566c' '-B' '/nix/store/9x31gd6hz7a2wxbrlgysfq5j1q9ingsn-gcc-8.2.0-lib/lib' '-B' '/nix/store/g2yk54hifqlsjiha3szr4q3ccmdzyrdv-glibc-2.27/lib/' '-idirafter' '/nix/store/kvdxajnlyisifi506ppbdpfycmcmsp6d-glibc-2.27-dev/include' '-idirafter' '/nix/store/2dr4kh5f865bsxwab23dhfiw9h86ql1v-gcc-8.2.0/lib/gcc/x86_64-unknown-linux-gnu/8.2.0/include-fixed' '-B' '/nix/store/fwckb6z3l9n8mxdqyl0qmfjjdgwpqi21-gcc-wrapper-8.2.0/bin/' '-L/nix/store/g2yk54hifqlsjiha3szr4q3ccmdzyrdv-glibc-2.27/lib' '-L/nix/store/9x31gd6hz7a2wxbrlgysfq5j1q9ingsn-gcc-8.2.0-lib/lib' '-shared-libgcc' '-mtune=generic' '-march=x86-64'
 /nix/store/2dr4kh5f865bsxwab23dhfiw9h86ql1v-gcc-8.2.0/libexec/gcc/x86_64-unknown-linux-gnu/8.2.0/collect2 -plugin /nix/store/2dr4kh5f865bsxwab23dhfiw9h86ql1v-gcc-8.2.0/libexec/gcc/x86_64-unknown-linux-gnu/8.2.0/liblto_plugin.so -plugin-opt=/nix/store/2dr4kh5f865bsxwab23dhfiw9h86ql1v-gcc-8.2.0/libexec/gcc/x86_64-unknown-linux-gnu/8.2.0/lto-wrapper -plugin-opt=-fresolution=/tmp/cc31ySnI.res -plugin-opt=-pass-through=-lgcc_s -plugin-opt=-pass-through=-lgcc -plugin-opt=-pass-through=-lc -plugin-opt=-pass-through=-lgcc_s -plugin-opt=-pass-through=-lgcc --eh-frame-hdr -m elf_x86_64 -export-dynamic -dynamic-linker /nix/store/g2yk54hifqlsjiha3szr4q3ccmdzyrdv-glibc-2.27/lib64/ld-linux-x86-64.so.2 -o cmTC_4566c /nix/store/g2yk54hifqlsjiha3szr4q3ccmdzyrdv-glibc-2.27/lib/crt1.o /nix/store/g2yk54hifqlsjiha3szr4q3ccmdzyrdv-glibc-2.27/lib/crti.o /nix/store/2dr4kh5f865bsxwab23dhfiw9h86ql1v-gcc-8.2.0/lib/gcc/x86_64-unknown-linux-gnu/8.2.0/crtbegin.o -L/nix/store/g2yk54hifqlsjiha3szr4q3ccmdzyrdv-glibc-2.27/lib -L/nix/store/9x31gd6hz7a2wxbrlgysfq5j1q9ingsn-gcc-8.2.0-lib/lib -L/nix/store/9x31gd6hz7a2wxbrlgysfq5j1q9ingsn-gcc-8.2.0-lib/lib -L/nix/store/g2yk54hifqlsjiha3szr4q3ccmdzyrdv-glibc-2.27/lib -L/nix/store/fwckb6z3l9n8mxdqyl0qmfjjdgwpqi21-gcc-wrapper-8.2.0/bin -L/nix/store/2dr4kh5f865bsxwab23dhfiw9h86ql1v-gcc-8.2.0/lib/gcc/x86_64-unknown-linux-gnu/8.2.0 -L/nix/store/2dr4kh5f865bsxwab23dhfiw9h86ql1v-gcc-8.2.0/lib/gcc/x86_64-unknown-linux-gnu/8.2.0/../../../../lib64 -L/nix/store/2dr4kh5f865bsxwab23dhfiw9h86ql1v-gcc-8.2.0/lib/gcc/x86_64-unknown-linux-gnu/8.2.0/../../.. -dynamic-linker /nix/store/g2yk54hifqlsjiha3szr4q3ccmdzyrdv-glibc-2.27/lib/ld-linux-x86-64.so.2 CMakeFiles/cmTC_4566c.dir/CMakeCXXCompilerABI.cpp.o -lstdc++ -lm -lgcc_s -lgcc -lc -lgcc_s -lgcc /nix/store/2dr4kh5f865bsxwab23dhfiw9h86ql1v-gcc-8.2.0/lib/gcc/x86_64-unknown-linux-gnu/8.2.0/crtend.o /nix/store/g2yk54hifqlsjiha3szr4q3ccmdzyrdv-glibc-2.27/lib/crtn.o
COLLECT_GCC_OPTIONS='-v' '-rdynamic' '-o' 'cmTC_4566c' '-B' '/nix/store/9x31gd6hz7a2wxbrlgysfq5j1q9ingsn-gcc-8.2.0-lib/lib' '-B' '/nix/store/g2yk54hifqlsjiha3szr4q3ccmdzyrdv-glibc-2.27/lib/' '-idirafter' '/nix/store/kvdxajnlyisifi506ppbdpfycmcmsp6d-glibc-2.27-dev/include' '-idirafter' '/nix/store/2dr4kh5f865bsxwab23dhfiw9h86ql1v-gcc-8.2.0/lib/gcc/x86_64-unknown-linux-gnu/8.2.0/include-fixed' '-B' '/nix/store/fwckb6z3l9n8mxdqyl0qmfjjdgwpqi21-gcc-wrapper-8.2.0/bin/' '-L/nix/store/g2yk54hifqlsjiha3szr4q3ccmdzyrdv-glibc-2.27/lib' '-L/nix/store/9x31gd6hz7a2wxbrlgysfq5j1q9ingsn-gcc-8.2.0-lib/lib' '-shared-libgcc' '-mtune=generic' '-march=x86-64'
make[1]: Leaving directory '/home/andrei/project/build/CMakeFiles/CMakeTmp'


Parsed CXX implicit link information from above output:
  link line regex: [^( *|.*[/\])(ld|CMAKE_LINK_STARTFILE-NOTFOUND|([^/\]+-)?ld|collect2)[^/\]*( |$)]
  ignore line: [Change Dir: /home/andrei/project/build/CMakeFiles/CMakeTmp]
  ignore line: []
  ignore line: [Run Build Command:"/home/andrei/.nix-profile/bin/make" "cmTC_4566c/fast"]
  ignore line: [/home/andrei/.nix-profile/bin/make -f CMakeFiles/cmTC_4566c.dir/build.make CMakeFiles/cmTC_4566c.dir/build]
  ignore line: [make[1]: Entering directory '/home/andrei/project/build/CMakeFiles/CMakeTmp']
  ignore line: [Building CXX object CMakeFiles/cmTC_4566c.dir/CMakeCXXCompilerABI.cpp.o]
  ignore line: [/home/andrei/.nix-profile/bin/g++     -o CMakeFiles/cmTC_4566c.dir/CMakeCXXCompilerABI.cpp.o -c /nix/store/sxxy01wn82n7wjl5a384344m2i4xszx6-cmake-3.12.1/share/cmake-3.12/Modules/CMakeCXXCompilerABI.cpp]
  ignore line: [Linking CXX executable cmTC_4566c]
  ignore line: [/nix/store/sxxy01wn82n7wjl5a384344m2i4xszx6-cmake-3.12.1/bin/cmake -E cmake_link_script CMakeFiles/cmTC_4566c.dir/link.txt --verbose=1]
  ignore line: [/home/andrei/.nix-profile/bin/g++      -v -rdynamic CMakeFiles/cmTC_4566c.dir/CMakeCXXCompilerABI.cpp.o  -o cmTC_4566c ]
  ignore line: [Using built-in specs.]
  ignore line: [COLLECT_GCC=/nix/store/2dr4kh5f865bsxwab23dhfiw9h86ql1v-gcc-8.2.0/bin/g++]
  ignore line: [COLLECT_LTO_WRAPPER=/nix/store/2dr4kh5f865bsxwab23dhfiw9h86ql1v-gcc-8.2.0/libexec/gcc/x86_64-unknown-linux-gnu/8.2.0/lto-wrapper]
  ignore line: [Target: x86_64-unknown-linux-gnu]
  ignore line: [Configured with: ]
  ignore line: [Thread model: posix]
  ignore line: [gcc version 8.2.0 (GCC) ]
  ignore line: [COMPILER_PATH=/nix/store/9x31gd6hz7a2wxbrlgysfq5j1q9ingsn-gcc-8.2.0-lib/lib/:/nix/store/g2yk54hifqlsjiha3szr4q3ccmdzyrdv-glibc-2.27/lib/:/nix/store/fwckb6z3l9n8mxdqyl0qmfjjdgwpqi21-gcc-wrapper-8.2.0/bin/:/nix/store/2dr4kh5f865bsxwab23dhfiw9h86ql1v-gcc-8.2.0/libexec/gcc/x86_64-unknown-linux-gnu/8.2.0/:/nix/store/2dr4kh5f865bsxwab23dhfiw9h86ql1v-gcc-8.2.0/libexec/gcc/x86_64-unknown-linux-gnu/8.2.0/:/nix/store/2dr4kh5f865bsxwab23dhfiw9h86ql1v-gcc-8.2.0/libexec/gcc/x86_64-unknown-linux-gnu/:/nix/store/2dr4kh5f865bsxwab23dhfiw9h86ql1v-gcc-8.2.0/lib/gcc/x86_64-unknown-linux-gnu/8.2.0/:/nix/store/2dr4kh5f865bsxwab23dhfiw9h86ql1v-gcc-8.2.0/lib/gcc/x86_64-unknown-linux-gnu/]
  ignore line: [LIBRARY_PATH=/nix/store/9x31gd6hz7a2wxbrlgysfq5j1q9ingsn-gcc-8.2.0-lib/lib/:/nix/store/g2yk54hifqlsjiha3szr4q3ccmdzyrdv-glibc-2.27/lib/:/nix/store/fwckb6z3l9n8mxdqyl0qmfjjdgwpqi21-gcc-wrapper-8.2.0/bin/:/nix/store/2dr4kh5f865bsxwab23dhfiw9h86ql1v-gcc-8.2.0/lib/gcc/x86_64-unknown-linux-gnu/8.2.0/:/nix/store/2dr4kh5f865bsxwab23dhfiw9h86ql1v-gcc-8.2.0/lib/gcc/x86_64-unknown-linux-gnu/8.2.0/../../../../lib64/:/nix/store/2dr4kh5f865bsxwab23dhfiw9h86ql1v-gcc-8.2.0/lib/gcc/x86_64-unknown-linux-gnu/8.2.0/../../../]
  ignore line: [COLLECT_GCC_OPTIONS='-v' '-rdynamic' '-o' 'cmTC_4566c' '-B' '/nix/store/9x31gd6hz7a2wxbrlgysfq5j1q9ingsn-gcc-8.2.0-lib/lib' '-B' '/nix/store/g2yk54hifqlsjiha3szr4q3ccmdzyrdv-glibc-2.27/lib/' '-idirafter' '/nix/store/kvdxajnlyisifi506ppbdpfycmcmsp6d-glibc-2.27-dev/include' '-idirafter' '/nix/store/2dr4kh5f865bsxwab23dhfiw9h86ql1v-gcc-8.2.0/lib/gcc/x86_64-unknown-linux-gnu/8.2.0/include-fixed' '-B' '/nix/store/fwckb6z3l9n8mxdqyl0qmfjjdgwpqi21-gcc-wrapper-8.2.0/bin/' '-L/nix/store/g2yk54hifqlsjiha3szr4q3ccmdzyrdv-glibc-2.27/lib' '-L/nix/store/9x31gd6hz7a2wxbrlgysfq5j1q9ingsn-gcc-8.2.0-lib/lib' '-shared-libgcc' '-mtune=generic' '-march=x86-64']
  link line: [ /nix/store/2dr4kh5f865bsxwab23dhfiw9h86ql1v-gcc-8.2.0/libexec/gcc/x86_64-unknown-linux-gnu/8.2.0/collect2 -plugin /nix/store/2dr4kh5f865bsxwab23dhfiw9h86ql1v-gcc-8.2.0/libexec/gcc/x86_64-unknown-linux-gnu/8.2.0/liblto_plugin.so -plugin-opt=/nix/store/2dr4kh5f865bsxwab23dhfiw9h86ql1v-gcc-8.2.0/libexec/gcc/x86_64-unknown-linux-gnu/8.2.0/lto-wrapper -plugin-opt=-fresolution=/tmp/cc31ySnI.res -plugin-opt=-pass-through=-lgcc_s -plugin-opt=-pass-through=-lgcc -plugin-opt=-pass-through=-lc -plugin-opt=-pass-through=-lgcc_s -plugin-opt=-pass-through=-lgcc --eh-frame-hdr -m elf_x86_64 -export-dynamic -dynamic-linker /nix/store/g2yk54hifqlsjiha3szr4q3ccmdzyrdv-glibc-2.27/lib64/ld-linux-x86-64.so.2 -o cmTC_4566c /nix/store/g2yk54hifqlsjiha3szr4q3ccmdzyrdv-glibc-2.27/lib/crt1.o /nix/store/g2yk54hifqlsjiha3szr4q3ccmdzyrdv-glibc-2.27/lib/crti.o /nix/store/2dr4kh5f865bsxwab23dhfiw9h86ql1v-gcc-8.2.0/lib/gcc/x86_64-unknown-linux-gnu/8.2.0/crtbegin.o -L/nix/store/g2yk54hifqlsjiha3szr4q3ccmdzyrdv-glibc-2.27/lib -L/nix/store/9x31gd6hz7a2wxbrlgysfq5j1q9ingsn-gcc-8.2.0-lib/lib -L/nix/store/9x31gd6hz7a2wxbrlgysfq5j1q9ingsn-gcc-8.2.0-lib/lib -L/nix/store/g2yk54hifqlsjiha3szr4q3ccmdzyrdv-glibc-2.27/lib -L/nix/store/fwckb6z3l9n8mxdqyl0qmfjjdgwpqi21-gcc-wrapper-8.2.0/bin -L/nix/store/2dr4kh5f865bsxwab23dhfiw9h86ql1v-gcc-8.2.0/lib/gcc/x86_64-unknown-linux-gnu/8.2.0 -L/nix/store/2dr4kh5f865bsxwab23dhfiw9h86ql1v-gcc-8.2.0/lib/gcc/x86_64-unknown-linux-gnu/8.2.0/../../../../lib64 -L/nix/store/2dr4kh5f865bsxwab23dhfiw9h86ql1v-gcc-8.2.0/lib/gcc/x86_64-unknown-linux-gnu/8.2.0/../../.. -dynamic-linker /nix/store/g2yk54hifqlsjiha3szr4q3ccmdzyrdv-glibc-2.27/lib/ld-linux-x86-64.so.2 CMakeFiles/cmTC_4566c.dir/CMakeCXXCompilerABI.cpp.o -lstdc++ -lm -lgcc_s -lgcc -lc -lgcc_s -lgcc /nix/store/2dr4kh5f865bsxwab23dhfiw9h86ql1v-gcc-8.2.0/lib/gcc/x86_64-unknown-linux-gnu/8.2.0/crtend.o /nix/store/g2yk54hifqlsjiha3szr4q3ccmdzyrdv-glibc-2.27/lib/crtn.o]
    arg [/nix/store/2dr4kh5f865bsxwab23dhfiw9h86ql1v-gcc-8.2.0/libexec/gcc/x86_64-unknown-linux-gnu/8.2.0/collect2] ==> ignore
    arg [-plugin] ==> ignore
    arg [/nix/store/2dr4kh5f865bsxwab23dhfiw9h86ql1v-gcc-8.2.0/libexec/gcc/x86_64-unknown-linux-gnu/8.2.0/liblto_plugin.so] ==> ignore
    arg [-plugin-opt=/nix/store/2dr4kh5f865bsxwab23dhfiw9h86ql1v-gcc-8.2.0/libexec/gcc/x86_64-unknown-linux-gnu/8.2.0/lto-wrapper] ==> ignore
    arg [-plugin-opt=-fresolution=/tmp/cc31ySnI.res] ==> ignore
    arg [-plugin-opt=-pass-through=-lgcc_s] ==> ignore
    arg [-plugin-opt=-pass-through=-lgcc] ==> ignore
    arg [-plugin-opt=-pass-through=-lc] ==> ignore
    arg [-plugin-opt=-pass-through=-lgcc_s] ==> ignore
    arg [-plugin-opt=-pass-through=-lgcc] ==> ignore
    arg [--eh-frame-hdr] ==> ignore
    arg [-m] ==> ignore
    arg [elf_x86_64] ==> ignore
    arg [-export-dynamic] ==> ignore
    arg [-dynamic-linker] ==> ignore
    arg [/nix/store/g2yk54hifqlsjiha3szr4q3ccmdzyrdv-glibc-2.27/lib64/ld-linux-x86-64.so.2] ==> ignore
    arg [-o] ==> ignore
    arg [cmTC_4566c] ==> ignore
    arg [/nix/store/g2yk54hifqlsjiha3szr4q3ccmdzyrdv-glibc-2.27/lib/crt1.o] ==> ignore
    arg [/nix/store/g2yk54hifqlsjiha3szr4q3ccmdzyrdv-glibc-2.27/lib/crti.o] ==> ignore
    arg [/nix/store/2dr4kh5f865bsxwab23dhfiw9h86ql1v-gcc-8.2.0/lib/gcc/x86_64-unknown-linux-gnu/8.2.0/crtbegin.o] ==> ignore
    arg [-L/nix/store/g2yk54hifqlsjiha3szr4q3ccmdzyrdv-glibc-2.27/lib] ==> dir [/nix/store/g2yk54hifqlsjiha3szr4q3ccmdzyrdv-glibc-2.27/lib]
    arg [-L/nix/store/9x31gd6hz7a2wxbrlgysfq5j1q9ingsn-gcc-8.2.0-lib/lib] ==> dir [/nix/store/9x31gd6hz7a2wxbrlgysfq5j1q9ingsn-gcc-8.2.0-lib/lib]
    arg [-L/nix/store/9x31gd6hz7a2wxbrlgysfq5j1q9ingsn-gcc-8.2.0-lib/lib] ==> dir [/nix/store/9x31gd6hz7a2wxbrlgysfq5j1q9ingsn-gcc-8.2.0-lib/lib]
    arg [-L/nix/store/g2yk54hifqlsjiha3szr4q3ccmdzyrdv-glibc-2.27/lib] ==> dir [/nix/store/g2yk54hifqlsjiha3szr4q3ccmdzyrdv-glibc-2.27/lib]
    arg [-L/nix/store/fwckb6z3l9n8mxdqyl0qmfjjdgwpqi21-gcc-wrapper-8.2.0/bin] ==> dir [/nix/store/fwckb6z3l9n8mxdqyl0qmfjjdgwpqi21-gcc-wrapper-8.2.0/bin]
    arg [-L/nix/store/2dr4kh5f865bsxwab23dhfiw9h86ql1v-gcc-8.2.0/lib/gcc/x86_64-unknown-linux-gnu/8.2.0] ==> dir [/nix/store/2dr4kh5f865bsxwab23dhfiw9h86ql1v-gcc-8.2.0/lib/gcc/x86_64-unknown-linux-gnu/8.2.0]
    arg [-L/nix/store/2dr4kh5f865bsxwab23dhfiw9h86ql1v-gcc-8.2.0/lib/gcc/x86_64-unknown-linux-gnu/8.2.0/../../../../lib64] ==> dir [/nix/store/2dr4kh5f865bsxwab23dhfiw9h86ql1v-gcc-8.2.0/lib/gcc/x86_64-unknown-linux-gnu/8.2.0/../../../../lib64]
    arg [-L/nix/store/2dr4kh5f865bsxwab23dhfiw9h86ql1v-gcc-8.2.0/lib/gcc/x86_64-unknown-linux-gnu/8.2.0/../../..] ==> dir [/nix/store/2dr4kh5f865bsxwab23dhfiw9h86ql1v-gcc-8.2.0/lib/gcc/x86_64-unknown-linux-gnu/8.2.0/../../..]
    arg [-dynamic-linker] ==> ignore
    arg [/nix/store/g2yk54hifqlsjiha3szr4q3ccmdzyrdv-glibc-2.27/lib/ld-linux-x86-64.so.2] ==> ignore
    arg [CMakeFiles/cmTC_4566c.dir/CMakeCXXCompilerABI.cpp.o] ==> ignore
    arg [-lstdc++] ==> lib [stdc++]
    arg [-lm] ==> lib [m]
    arg [-lgcc_s] ==> lib [gcc_s]
    arg [-lgcc] ==> lib [gcc]
    arg [-lc] ==> lib [c]
    arg [-lgcc_s] ==> lib [gcc_s]
    arg [-lgcc] ==> lib [gcc]
    arg [/nix/store/2dr4kh5f865bsxwab23dhfiw9h86ql1v-gcc-8.2.0/lib/gcc/x86_64-unknown-linux-gnu/8.2.0/crtend.o] ==> ignore
    arg [/nix/store/g2yk54hifqlsjiha3szr4q3ccmdzyrdv-glibc-2.27/lib/crtn.o] ==> ignore
  collapse library dir [/nix/store/g2yk54hifqlsjiha3szr4q3ccmdzyrdv-glibc-2.27/lib] ==> [/nix/store/g2yk54hifqlsjiha3szr4q3ccmdzyrdv-glibc-2.27/lib]
  collapse library dir [/nix/store/9x31gd6hz7a2wxbrlgysfq5j1q9ingsn-gcc-8.2.0-lib/lib] ==> [/nix/store/9x31gd6hz7a2wxbrlgysfq5j1q9ingsn-gcc-8.2.0-lib/lib]
  collapse library dir [/nix/store/9x31gd6hz7a2wxbrlgysfq5j1q9ingsn-gcc-8.2.0-lib/lib] ==> [/nix/store/9x31gd6hz7a2wxbrlgysfq5j1q9ingsn-gcc-8.2.0-lib/lib]
  collapse library dir [/nix/store/g2yk54hifqlsjiha3szr4q3ccmdzyrdv-glibc-2.27/lib] ==> [/nix/store/g2yk54hifqlsjiha3szr4q3ccmdzyrdv-glibc-2.27/lib]
  collapse library dir [/nix/store/fwckb6z3l9n8mxdqyl0qmfjjdgwpqi21-gcc-wrapper-8.2.0/bin] ==> [/nix/store/fwckb6z3l9n8mxdqyl0qmfjjdgwpqi21-gcc-wrapper-8.2.0/bin]
  collapse library dir [/nix/store/2dr4kh5f865bsxwab23dhfiw9h86ql1v-gcc-8.2.0/lib/gcc/x86_64-unknown-linux-gnu/8.2.0] ==> [/nix/store/2dr4kh5f865bsxwab23dhfiw9h86ql1v-gcc-8.2.0/lib/gcc/x86_64-unknown-linux-gnu/8.2.0]
  collapse library dir [/nix/store/2dr4kh5f865bsxwab23dhfiw9h86ql1v-gcc-8.2.0/lib/gcc/x86_64-unknown-linux-gnu/8.2.0/../../../../lib64] ==> [/nix/store/2dr4kh5f865bsxwab23dhfiw9h86ql1v-gcc-8.2.0/lib64]
  collapse library dir [/nix/store/2dr4kh5f865bsxwab23dhfiw9h86ql1v-gcc-8.2.0/lib/gcc/x86_64-unknown-linux-gnu/8.2.0/../../..] ==> [/nix/store/2dr4kh5f865bsxwab23dhfiw9h86ql1v-gcc-8.2.0/lib]
  implicit libs: [stdc++;m;gcc_s;gcc;c;gcc_s;gcc]
  implicit dirs: [/nix/store/g2yk54hifqlsjiha3szr4q3ccmdzyrdv-glibc-2.27/lib;/nix/store/9x31gd6hz7a2wxbrlgysfq5j1q9ingsn-gcc-8.2.0-lib/lib;/nix/store/fwckb6z3l9n8mxdqyl0qmfjjdgwpqi21-gcc-wrapper-8.2.0/bin;/nix/store/2dr4kh5f865bsxwab23dhfiw9h86ql1v-gcc-8.2.0/lib/gcc/x86_64-unknown-linux-gnu/8.2.0;/nix/store/2dr4kh5f865bsxwab23dhfiw9h86ql1v-gcc-8.2.0/lib64;/nix/store/2dr4kh5f865bsxwab23dhfiw9h86ql1v-gcc-8.2.0/lib]
  implicit fwks: []




Detecting CXX [-std=c++2a] compiler features compiled with the following output:
Change Dir: /home/andrei/project/build/CMakeFiles/CMakeTmp

Run Build Command:"/home/andrei/.nix-profile/bin/make" "cmTC_8257e/fast"
/home/andrei/.nix-profile/bin/make -f CMakeFiles/cmTC_8257e.dir/build.make CMakeFiles/cmTC_8257e.dir/build
make[1]: Entering directory '/home/andrei/project/build/CMakeFiles/CMakeTmp'
Building CXX object CMakeFiles/cmTC_8257e.dir/feature_tests.cxx.o
/home/andrei/.nix-profile/bin/g++    -std=c++2a -o CMakeFiles/cmTC_8257e.dir/feature_tests.cxx.o -c /home/andrei/project/build/CMakeFiles/feature_tests.cxx
Linking CXX executable cmTC_8257e
/nix/store/sxxy01wn82n7wjl5a384344m2i4xszx6-cmake-3.12.1/bin/cmake -E cmake_link_script CMakeFiles/cmTC_8257e.dir/link.txt --verbose=1
/home/andrei/.nix-profile/bin/g++       -rdynamic CMakeFiles/cmTC_8257e.dir/feature_tests.cxx.o  -o cmTC_8257e 
make[1]: Leaving directory '/home/andrei/project/build/CMakeFiles/CMakeTmp'


    Feature record: CXX_FEATURE:1cxx_aggregate_default_initializers
    Feature record: CXX_FEATURE:1cxx_alias_templates
    Feature record: CXX_FEATURE:1cxx_alignas
    Feature record: CXX_FEATURE:1cxx_alignof
    Feature record: CXX_FEATURE:1cxx_attributes
    Feature record: CXX_FEATURE:1cxx_attribute_deprecated
    Feature record: CXX_FEATURE:1cxx_auto_type
    Feature record: CXX_FEATURE:1cxx_binary_literals
    Feature record: CXX_FEATURE:1cxx_constexpr
    Feature record: CXX_FEATURE:1cxx_contextual_conversions
    Feature record: CXX_FEATURE:1cxx_decltype
    Feature record: CXX_FEATURE:1cxx_decltype_auto
    Feature record: CXX_FEATURE:1cxx_decltype_incomplete_return_types
    Feature record: CXX_FEATURE:1cxx_default_function_template_args
    Feature record: CXX_FEATURE:1cxx_defaulted_functions
    Feature record: CXX_FEATURE:1cxx_defaulted_move_initializers
    Feature record: CXX_FEATURE:1cxx_delegating_constructors
    Feature record: CXX_FEATURE:1cxx_deleted_functions
    Feature record: CXX_FEATURE:1cxx_digit_separators
    Feature record: CXX_FEATURE:1cxx_enum_forward_declarations
    Feature record: CXX_FEATURE:1cxx_explicit_conversions
    Feature record: CXX_FEATURE:1cxx_extended_friend_declarations
    Feature record: CXX_FEATURE:1cxx_extern_templates
    Feature record: CXX_FEATURE:1cxx_final
    Feature record: CXX_FEATURE:1cxx_func_identifier
    Feature record: CXX_FEATURE:1cxx_generalized_initializers
    Feature record: CXX_FEATURE:1cxx_generic_lambdas
    Feature record: CXX_FEATURE:1cxx_inheriting_constructors
    Feature record: CXX_FEATURE:1cxx_inline_namespaces
    Feature record: CXX_FEATURE:1cxx_lambdas
    Feature record: CXX_FEATURE:1cxx_lambda_init_captures
    Feature record: CXX_FEATURE:1cxx_local_type_template_args
    Feature record: CXX_FEATURE:1cxx_long_long_type
    Feature record: CXX_FEATURE:1cxx_noexcept
    Feature record: CXX_FEATURE:1cxx_nonstatic_member_init
    Feature record: CXX_FEATURE:1cxx_nullptr
    Feature record: CXX_FEATURE:1cxx_override
    Feature record: CXX_FEATURE:1cxx_range_for
    Feature record: CXX_FEATURE:1cxx_raw_string_literals
    Feature record: CXX_FEATURE:1cxx_reference_qualified_functions
    Feature record: CXX_FEATURE:1cxx_relaxed_constexpr
    Feature record: CXX_FEATURE:1cxx_return_type_deduction
    Feature record: CXX_FEATURE:1cxx_right_angle_brackets
    Feature record: CXX_FEATURE:1cxx_rvalue_references
    Feature record: CXX_FEATURE:1cxx_sizeof_member
    Feature record: CXX_FEATURE:1cxx_static_assert
    Feature record: CXX_FEATURE:1cxx_strong_enums
    Feature record: CXX_FEATURE:1cxx_template_template_parameters
    Feature record: CXX_FEATURE:1cxx_thread_local
    Feature record: CXX_FEATURE:1cxx_trailing_return_types
    Feature record: CXX_FEATURE:1cxx_unicode_literals
    Feature record: CXX_FEATURE:1cxx_uniform_initialization
    Feature record: CXX_FEATURE:1cxx_unrestricted_unions
    Feature record: CXX_FEATURE:1cxx_user_literals
    Feature record: CXX_FEATURE:1cxx_variable_templates
    Feature record: CXX_FEATURE:1cxx_variadic_macros
    Feature record: CXX_FEATURE:1cxx_variadic_templates


Detecting CXX [-std=c++17] compiler features compiled with the following output:
Change Dir: /home/andrei/project/build/CMakeFiles/CMakeTmp

Run Build Command:"/home/andrei/.nix-profile/bin/make" "cmTC_85796/fast"
/home/andrei/.nix-profile/bin/make -f CMakeFiles/cmTC_85796.dir/build.make CMakeFiles/cmTC_85796.dir/build
make[1]: Entering directory '/home/andrei/project/build/CMakeFiles/CMakeTmp'
Building CXX object CMakeFiles/cmTC_85796.dir/feature_tests.cxx.o
/home/andrei/.nix-profile/bin/g++    -std=c++17 -o CMakeFiles/cmTC_85796.dir/feature_tests.cxx.o -c /home/andrei/project/build/CMakeFiles/feature_tests.cxx
Linking CXX executable cmTC_85796
/nix/store/sxxy01wn82n7wjl5a384344m2i4xszx6-cmake-3.12.1/bin/cmake -E cmake_link_script CMakeFiles/cmTC_85796.dir/link.txt --verbose=1
/home/andrei/.nix-profile/bin/g++       -rdynamic CMakeFiles/cmTC_85796.dir/feature_tests.cxx.o  -o cmTC_85796 
make[1]: Leaving directory '/home/andrei/project/build/CMakeFiles/CMakeTmp'


    Feature record: CXX_FEATURE:1cxx_aggregate_default_initializers
    Feature record: CXX_FEATURE:1cxx_alias_templates
    Feature record: CXX_FEATURE:1cxx_alignas
    Feature record: CXX_FEATURE:1cxx_alignof
    Feature record: CXX_FEATURE:1cxx_attributes
    Feature record: CXX_FEATURE:1cxx_attribute_deprecated
    Feature record: CXX_FEATURE:1cxx_auto_type
    Feature record: CXX_FEATURE:1cxx_binary_literals
    Feature record: CXX_FEATURE:1cxx_constexpr
    Feature record: CXX_FEATURE:1cxx_contextual_conversions
    Feature record: CXX_FEATURE:1cxx_decltype
    Feature record: CXX_FEATURE:1cxx_decltype_auto
    Feature record: CXX_FEATURE:1cxx_decltype_incomplete_return_types
    Feature record: CXX_FEATURE:1cxx_default_function_template_args
    Feature record: CXX_FEATURE:1cxx_defaulted_functions
    Feature record: CXX_FEATURE:1cxx_defaulted_move_initializers
    Feature record: CXX_FEATURE:1cxx_delegating_constructors
    Feature record: CXX_FEATURE:1cxx_deleted_functions
    Feature record: CXX_FEATURE:1cxx_digit_separators
    Feature record: CXX_FEATURE:1cxx_enum_forward_declarations
    Feature record: CXX_FEATURE:1cxx_explicit_conversions
    Feature record: CXX_FEATURE:1cxx_extended_friend_declarations
    Feature record: CXX_FEATURE:1cxx_extern_templates
    Feature record: CXX_FEATURE:1cxx_final
    Feature record: CXX_FEATURE:1cxx_func_identifier
    Feature record: CXX_FEATURE:1cxx_generalized_initializers
    Feature record: CXX_FEATURE:1cxx_generic_lambdas
    Feature record: CXX_FEATURE:1cxx_inheriting_constructors
    Feature record: CXX_FEATURE:1cxx_inline_namespaces
    Feature record: CXX_FEATURE:1cxx_lambdas
    Feature record: CXX_FEATURE:1cxx_lambda_init_captures
    Feature record: CXX_FEATURE:1cxx_local_type_template_args
    Feature record: CXX_FEATURE:1cxx_long_long_type
    Feature record: CXX_FEATURE:1cxx_noexcept
    Feature record: CXX_FEATURE:1cxx_nonstatic_member_init
    Feature record: CXX_FEATURE:1cxx_nullptr
    Feature record: CXX_FEATURE:1cxx_override
    Feature record: CXX_FEATURE:1cxx_range_for
    Feature record: CXX_FEATURE:1cxx_raw_string_literals
    Feature record: CXX_FEATURE:1cxx_reference_qualified_functions
    Feature record: CXX_FEATURE:1cxx_relaxed_constexpr
    Feature record: CXX_FEATURE:1cxx_return_type_deduction
    Feature record: CXX_FEATURE:1cxx_right_angle_brackets
    Feature record: CXX_FEATURE:1cxx_rvalue_references
    Feature record: CXX_FEATURE:1cxx_sizeof_member
    Feature record: CXX_FEATURE:1cxx_static_assert
    Feature record: CXX_FEATURE:1cxx_strong_enums
    Feature record: CXX_FEATURE:1cxx_template_template_parameters
    Feature record: CXX_FEATURE:1cxx_thread_local
    Feature record: CXX_FEATURE:1cxx_trailing_return_types
    Feature record: CXX_FEATURE:1cxx_unicode_literals
    Feature record: CXX_FEATURE:1cxx_uniform_initialization
    Feature record: CXX_FEATURE:1cxx_unrestricted_unions
    Feature record: CXX_FEATURE:1cxx_user_literals
    Feature record: CXX_FEATURE:1cxx_variable_templates
    Feature record: CXX_FEATURE:1cxx_variadic_macros
    Feature record: CXX_FEATURE:1cxx_variadic_templates


Detecting CXX [-std=c++14] compiler features compiled with the following output:
Change Dir: /home/andrei/project/build/CMakeFiles/CMakeTmp

Run Build Command:"/home/andrei/.nix-profile/bin/make" "cmTC_e562b/fast"
/home/andrei/.nix-profile/bin/make -f CMakeFiles/cmTC_e562b.dir/build.make CMakeFiles/cmTC_e562b.dir/build
make[1]: Entering directory '/home/andrei/project/build/CMakeFiles/CMakeTmp'
Building CXX object CMakeFiles/cmTC_e562b.dir/feature_tests.cxx.o
/home/andrei/.nix-profile/bin/g++    -std=c++14 -o CMakeFiles/cmTC_e562b.dir/feature_tests.cxx.o -c /home/andrei/project/build/CMakeFiles/feature_tests.cxx
Linking CXX executable cmTC_e562b
/nix/store/sxxy01wn82n7wjl5a384344m2i4xszx6-cmake-3.12.1/bin/cmake -E cmake_link_script CMakeFiles/cmTC_e562b.dir/link.txt --verbose=1
/home/andrei/.nix-profile/bin/g++       -rdynamic CMakeFiles/cmTC_e562b.dir/feature_tests.cxx.o  -o cmTC_e562b 
make[1]: Leaving directory '/home/andrei/project/build/CMakeFiles/CMakeTmp'


    Feature record: CXX_FEATURE:1cxx_aggregate_default_initializers
    Feature record: CXX_FEATURE:1cxx_alias_templates
    Feature record: CXX_FEATURE:1cxx_alignas
    Feature record: CXX_FEATURE:1cxx_alignof
    Feature record: CXX_FEATURE:1cxx_attributes
    Feature record: CXX_FEATURE:1cxx_attribute_deprecated
    Feature record: CXX_FEATURE:1cxx_auto_type
    Feature record: CXX_FEATURE:1cxx_binary_literals
    Feature record: CXX_FEATURE:1cxx_constexpr
    Feature record: CXX_FEATURE:1cxx_contextual_conversions
    Feature record: CXX_FEATURE:1cxx_decltype
    Feature record: CXX_FEATURE:1cxx_decltype_auto
    Feature record: CXX_FEATURE:1cxx_decltype_incomplete_return_types
    Feature record: CXX_FEATURE:1cxx_default_function_template_args
    Feature record: CXX_FEATURE:1cxx_defaulted_functions
    Feature record: CXX_FEATURE:1cxx_defaulted_move_initializers
    Feature record: CXX_FEATURE:1cxx_delegating_constructors
    Feature record: CXX_FEATURE:1cxx_deleted_functions
    Feature record: CXX_FEATURE:1cxx_digit_separators
    Feature record: CXX_FEATURE:1cxx_enum_forward_declarations
    Feature record: CXX_FEATURE:1cxx_explicit_conversions
    Feature record: CXX_FEATURE:1cxx_extended_friend_declarations
    Feature record: CXX_FEATURE:1cxx_extern_templates
    Feature record: CXX_FEATURE:1cxx_final
    Feature record: CXX_FEATURE:1cxx_func_identifier
    Feature record: CXX_FEATURE:1cxx_generalized_initializers
    Feature record: CXX_FEATURE:1cxx_generic_lambdas
    Feature record: CXX_FEATURE:1cxx_inheriting_constructors
    Feature record: CXX_FEATURE:1cxx_inline_namespaces
    Feature record: CXX_FEATURE:1cxx_lambdas
    Feature record: CXX_FEATURE:1cxx_lambda_init_captures
    Feature record: CXX_FEATURE:1cxx_local_type_template_args
    Feature record: CXX_FEATURE:1cxx_long_long_type
    Feature record: CXX_FEATURE:1cxx_noexcept
    Feature record: CXX_FEATURE:1cxx_nonstatic_member_init
    Feature record: CXX_FEATURE:1cxx_nullptr
    Feature record: CXX_FEATURE:1cxx_override
    Feature record: CXX_FEATURE:1cxx_range_for
    Feature record: CXX_FEATURE:1cxx_raw_string_literals
    Feature record: CXX_FEATURE:1cxx_reference_qualified_functions
    Feature record: CXX_FEATURE:1cxx_relaxed_constexpr
    Feature record: CXX_FEATURE:1cxx_return_type_deduction
    Feature record: CXX_FEATURE:1cxx_right_angle_brackets
    Feature record: CXX_FEATURE:1cxx_rvalue_references
    Feature record: CXX_FEATURE:1cxx_sizeof_member
    Feature record: CXX_FEATURE:1cxx_static_assert
    Feature record: CXX_FEATURE:1cxx_strong_enums
    Feature record: CXX_FEATURE:1cxx_template_template_parameters
    Feature record: CXX_FEATURE:1cxx_thread_local
    Feature record: CXX_FEATURE:1cxx_trailing_return_types
    Feature record: CXX_FEATURE:1cxx_unicode_literals
    Feature record: CXX_FEATURE:1cxx_uniform_initialization
    Feature record: CXX_FEATURE:1cxx_unrestricted_unions
    Feature record: CXX_FEATURE:1cxx_user_literals
    Feature record: CXX_FEATURE:1cxx_variable_templates
    Feature record: CXX_FEATURE:1cxx_variadic_macros
    Feature record: CXX_FEATURE:1cxx_variadic_templates


Detecting CXX [-std=c++11] compiler features compiled with the following output:
Change Dir: /home/andrei/project/build/CMakeFiles/CMakeTmp

Run Build Command:"/home/andrei/.nix-profile/bin/make" "cmTC_579ad/fast"
/home/andrei/.nix-profile/bin/make -f CMakeFiles/cmTC_579ad.dir/build.make CMakeFiles/cmTC_579ad.dir/build
make[1]: Entering directory '/home/andrei/project/build/CMakeFiles/CMakeTmp'
Building CXX object CMakeFiles/cmTC_579ad.dir/feature_tests.cxx.o
/home/andrei/.nix-profile/bin/g++    -std=c++11 -o CMakeFiles/cmTC_579ad.dir/feature_tests.cxx.o -c /home/andrei/project/build/CMakeFiles/feature_tests.cxx
Linking CXX executable cmTC_579ad
/nix/store/sxxy01wn82n7wjl5a384344m2i4xszx6-cmake-3.12.1/bin/cmake -E cmake_link_script CMakeFiles/cmTC_579ad.dir/link.txt --verbose=1
/home/andrei/.nix-profile/bin/g++       -rdynamic CMakeFiles/cmTC_579ad.dir/feature_tests.cxx.o  -o cmTC_579ad 
make[1]: Leaving directory '/home/andrei/project/build/CMakeFiles/CMakeTmp'


    Feature record: CXX_FEATURE:0cxx_aggregate_default_initializers
    Feature record: CXX_FEATURE:1cxx_alias_templates
    Feature record: CXX_FEATURE:1cxx_alignas
    Feature record: CXX_FEATURE:1cxx_alignof
    Feature record: CXX_FEATURE:1cxx_attributes
    Feature record: CXX_FEATURE:0cxx_attribute_deprecated
    Feature record: CXX_FEATURE:1cxx_auto_type
    Feature record: CXX_FEATURE:0cxx_binary_literals
    Feature record: CXX_FEATURE:1cxx_constexpr
    Feature record: CXX_FEATURE:0cxx_contextual_conversions
    Feature record: CXX_FEATURE:1cxx_decltype
    Feature record: CXX_FEATURE:0cxx_decltype_auto
    Feature record: CXX_FEATURE:1cxx_decltype_incomplete_return_types
    Feature record: CXX_FEATURE:1cxx_default_function_template_args
    Feature record: CXX_FEATURE:1cxx_defaulted_functions
    Feature record: CXX_FEATURE:1cxx_defaulted_move_initializers
    Feature record: CXX_FEATURE:1cxx_delegating_constructors
    Feature record: CXX_FEATURE:1cxx_deleted_functions
    Feature record: CXX_FEATURE:0cxx_digit_separators
    Feature record: CXX_FEATURE:1cxx_enum_forward_declarations
    Feature record: CXX_FEATURE:1cxx_explicit_conversions
    Feature record: CXX_FEATURE:1cxx_extended_friend_declarations
    Feature record: CXX_FEATURE:1cxx_extern_templates
    Feature record: CXX_FEATURE:1cxx_final
    Feature record: CXX_FEATURE:1cxx_func_identifier
    Feature record: CXX_FEATURE:1cxx_generalized_initializers
    Feature record: CXX_FEATURE:0cxx_generic_lambdas
    Feature record: CXX_FEATURE:1cxx_inheriting_constructors
    Feature record: CXX_FEATURE:1cxx_inline_namespaces
    Feature record: CXX_FEATURE:1cxx_lambdas
    Feature record: CXX_FEATURE:0cxx_lambda_init_captures
    Feature record: CXX_FEATURE:1cxx_local_type_template_args
    Feature record: CXX_FEATURE:1cxx_long_long_type
    Feature record: CXX_FEATURE:1cxx_noexcept
    Feature record: CXX_FEATURE:1cxx_nonstatic_member_init
    Feature record: CXX_FEATURE:1cxx_nullptr
    Feature record: CXX_FEATURE:1cxx_override
    Feature record: CXX_FEATURE:1cxx_range_for
    Feature record: CXX_FEATURE:1cxx_raw_string_literals
    Feature record: CXX_FEATURE:1cxx_reference_qualified_functions
    Feature record: CXX_FEATURE:0cxx_relaxed_constexpr
    Feature record: CXX_FEATURE:0cxx_return_type_deduction
    Feature record: CXX_FEATURE:1cxx_right_angle_brackets
    Feature record: CXX_FEATURE:1cxx_rvalue_references
    Feature record: CXX_FEATURE:1cxx_sizeof_member
    Feature record: CXX_FEATURE:1cxx_static_assert
    Feature record: CXX_FEATURE:1cxx_strong_enums
    Feature record: CXX_FEATURE:1cxx_template_template_parameters
    Feature record: CXX_FEATURE:1cxx_thread_local
    Feature record: CXX_FEATURE:1cxx_trailing_return_types
    Feature record: CXX_FEATURE:1cxx_unicode_literals
    Feature record: CXX_FEATURE:1cxx_uniform_initialization
    Feature record: CXX_FEATURE:1cxx_unrestricted_unions
    Feature record: CXX_FEATURE:1cxx_user_literals
    Feature record: CXX_FEATURE:0cxx_variable_templates
    Feature record: CXX_FEATURE:1cxx_variadic_macros
    Feature record: CXX_FEATURE:1cxx_variadic_templates


Detecting CXX [-std=c++98] compiler features compiled with the following output:
Change Dir: /home/andrei/project/build/CMakeFiles/CMakeTmp

Run Build Command:"/home/andrei/.nix-profile/bin/make" "cmTC_d9dc8/fast"
/home/andrei/.nix-profile/bin/make -f CMakeFiles/cmTC_d9dc8.dir/build.make CMakeFiles/cmTC_d9dc8.dir/build
make[1]: Entering directory '/home/andrei/project/build/CMakeFiles/CMakeTmp'
Building CXX object CMakeFiles/cmTC_d9dc8.dir/feature_tests.cxx.o
/home/andrei/.nix-profile/bin/g++    -std=c++98 -o CMakeFiles/cmTC_d9dc8.dir/feature_tests.cxx.o -c /home/andrei/project/build/CMakeFiles/feature_tests.cxx
Linking CXX executable cmTC_d9dc8
/nix/store/sxxy01wn82n7wjl5a384344m2i4xszx6-cmake-3.12.1/bin/cmake -E cmake_link_script CMakeFiles/cmTC_d9dc8.dir/link.txt --verbose=1
/home/andrei/.nix-profile/bin/g++       -rdynamic CMakeFiles/cmTC_d9dc8.dir/feature_tests.cxx.o  -o cmTC_d9dc8 
make[1]: Leaving directory '/home/andrei/project/build/CMakeFiles/CMakeTmp'


    Feature record: CXX_FEATURE:0cxx_aggregate_default_initializers
    Feature record: CXX_FEATURE:0cxx_alias_templates
    Feature record: CXX_FEATURE:0cxx_alignas
    Feature record: CXX_FEATURE:0cxx_alignof
    Feature record: CXX_FEATURE:0cxx_attributes
    Feature record: CXX_FEATURE:0cxx_attribute_deprecated
    Feature record: CXX_FEATURE:0cxx_auto_type
    Feature record: CXX_FEATURE:0cxx_binary_literals
    Feature record: CXX_FEATURE:0cxx_constexpr
    Feature record: CXX_FEATURE:0cxx_contextual_conversions
    Feature record: CXX_FEATURE:0cxx_decltype
    Feature record: CXX_FEATURE:0cxx_decltype_auto
    Feature record: CXX_FEATURE:0cxx_decltype_incomplete_return_types
    Feature record: CXX_FEATURE:0cxx_default_function_template_args
    Feature record: CXX_FEATURE:0cxx_defaulted_functions
    Feature record: CXX_FEATURE:0cxx_defaulted_move_initializers
    Feature record: CXX_FEATURE:0cxx_delegating_constructors
    Feature record: CXX_FEATURE:0cxx_deleted_functions
    Feature record: CXX_FEATURE:0cxx_digit_separators
    Feature record: CXX_FEATURE:0cxx_enum_forward_declarations
    Feature record: CXX_FEATURE:0cxx_explicit_conversions
    Feature record: CXX_FEATURE:0cxx_extended_friend_declarations
    Feature record: CXX_FEATURE:0cxx_extern_templates
    Feature record: CXX_FEATURE:0cxx_final
    Feature record: CXX_FEATURE:0cxx_func_identifier
    Feature record: CXX_FEATURE:0cxx_generalized_initializers
    Feature record: CXX_FEATURE:0cxx_generic_lambdas
    Feature record: CXX_FEATURE:0cxx_inheriting_constructors
    Feature record: CXX_FEATURE:0cxx_inline_namespaces
    Feature record: CXX_FEATURE:0cxx_lambdas
    Feature record: CXX_FEATURE:0cxx_lambda_init_captures
    Feature record: CXX_FEATURE:0cxx_local_type_template_args
    Feature record: CXX_FEATURE:0cxx_long_long_type
    Feature record: CXX_FEATURE:0cxx_noexcept
    Feature record: CXX_FEATURE:0cxx_nonstatic_member_init
    Feature record: CXX_FEATURE:0cxx_nullptr
    Feature record: CXX_FEATURE:0cxx_override
    Feature record: CXX_FEATURE:0cxx_range_for
    Feature record: CXX_FEATURE:0cxx_raw_string_literals
    Feature record: CXX_FEATURE:0cxx_reference_qualified_functions
    Feature record: CXX_FEATURE:0cxx_relaxed_constexpr
    Feature record: CXX_FEATURE:0cxx_return_type_deduction
    Feature record: CXX_FEATURE:0cxx_right_angle_brackets
    Feature record: CXX_FEATURE:0cxx_rvalue_references
    Feature record: CXX_FEATURE:0cxx_sizeof_member
    Feature record: CXX_FEATURE:0cxx_static_assert
    Feature record: CXX_FEATURE:0cxx_strong_enums
    Feature record: CXX_FEATURE:1cxx_template_template_parameters
    Feature record: CXX_FEATURE:0cxx_thread_local
    Feature record: CXX_FEATURE:0cxx_trailing_return_types
    Feature record: CXX_FEATURE:0cxx_unicode_literals
    Feature record: CXX_FEATURE:0cxx_uniform_initialization
    Feature record: CXX_FEATURE:0cxx_unrestricted_unions
    Feature record: CXX_FEATURE:0cxx_user_literals
    Feature record: CXX_FEATURE:0cxx_variable_templates
    Feature record: CXX_FEATURE:0cxx_variadic_macros
    Feature record: CXX_FEATURE:0cxx_variadic_templates
