The system is: Linux - 4.4.0-78-generic - x86_64
Compiling the C compiler identification source file "CMakeCCompilerId.c" succeeded.
Compiler: /home/andrei/.nix-profile/bin/cc 
Build flags: 
Id flags:  

The output was:
0


Compilation of the C compiler identification source "CMakeCCompilerId.c" produced "a.out"

The C compiler identification is GNU, found in "/home/andrei/project/CMakeFiles/3.12.1/CompilerIdC/a.out"

Compiling the CXX compiler identification source file "CMakeCXXCompilerId.cpp" succeeded.
Compiler: /home/andrei/.nix-profile/bin/c++ 
Build flags: 
Id flags:  

The output was:
0


Compilation of the CXX compiler identification source "CMakeCXXCompilerId.cpp" produced "a.out"

The CXX compiler identification is GNU, found in "/home/andrei/project/CMakeFiles/3.12.1/CompilerIdCXX/a.out"

Determining if the C compiler works passed with the following output:
Change Dir: /home/andrei/project/CMakeFiles/CMakeTmp

Run Build Command:"/home/andrei/.nix-profile/bin/make" "cmTC_58e80/fast"
/home/andrei/.nix-profile/bin/make -f CMakeFiles/cmTC_58e80.dir/build.make CMakeFiles/cmTC_58e80.dir/build
make[1]: Entering directory '/home/andrei/project/CMakeFiles/CMakeTmp'
Building C object CMakeFiles/cmTC_58e80.dir/testCCompiler.c.o
/home/andrei/.nix-profile/bin/cc    -o CMakeFiles/cmTC_58e80.dir/testCCompiler.c.o   -c /home/andrei/project/CMakeFiles/CMakeTmp/testCCompiler.c
Linking C executable cmTC_58e80
/nix/store/sxxy01wn82n7wjl5a384344m2i4xszx6-cmake-3.12.1/bin/cmake -E cmake_link_script CMakeFiles/cmTC_58e80.dir/link.txt --verbose=1
/home/andrei/.nix-profile/bin/cc      -rdynamic CMakeFiles/cmTC_58e80.dir/testCCompiler.c.o  -o cmTC_58e80 
make[1]: Leaving directory '/home/andrei/project/CMakeFiles/CMakeTmp'


Detecting C compiler ABI info compiled with the following output:
Change Dir: /home/andrei/project/CMakeFiles/CMakeTmp

Run Build Command:"/home/andrei/.nix-profile/bin/make" "cmTC_fc9aa/fast"
/home/andrei/.nix-profile/bin/make -f CMakeFiles/cmTC_fc9aa.dir/build.make CMakeFiles/cmTC_fc9aa.dir/build
make[1]: Entering directory '/home/andrei/project/CMakeFiles/CMakeTmp'
Building C object CMakeFiles/cmTC_fc9aa.dir/CMakeCCompilerABI.c.o
/home/andrei/.nix-profile/bin/cc    -o CMakeFiles/cmTC_fc9aa.dir/CMakeCCompilerABI.c.o   -c /nix/store/sxxy01wn82n7wjl5a384344m2i4xszx6-cmake-3.12.1/share/cmake-3.12/Modules/CMakeCCompilerABI.c
Linking C executable cmTC_fc9aa
/nix/store/sxxy01wn82n7wjl5a384344m2i4xszx6-cmake-3.12.1/bin/cmake -E cmake_link_script CMakeFiles/cmTC_fc9aa.dir/link.txt --verbose=1
/home/andrei/.nix-profile/bin/cc     -v -rdynamic CMakeFiles/cmTC_fc9aa.dir/CMakeCCompilerABI.c.o  -o cmTC_fc9aa 
Using built-in specs.
COLLECT_GCC=/nix/store/2dr4kh5f865bsxwab23dhfiw9h86ql1v-gcc-8.2.0/bin/gcc
COLLECT_LTO_WRAPPER=/nix/store/2dr4kh5f865bsxwab23dhfiw9h86ql1v-gcc-8.2.0/libexec/gcc/x86_64-unknown-linux-gnu/8.2.0/lto-wrapper
Target: x86_64-unknown-linux-gnu
Configured with: 
Thread model: posix
gcc version 8.2.0 (GCC) 
COMPILER_PATH=/nix/store/9x31gd6hz7a2wxbrlgysfq5j1q9ingsn-gcc-8.2.0-lib/lib/:/nix/store/g2yk54hifqlsjiha3szr4q3ccmdzyrdv-glibc-2.27/lib/:/nix/store/fwckb6z3l9n8mxdqyl0qmfjjdgwpqi21-gcc-wrapper-8.2.0/bin/:/nix/store/2dr4kh5f865bsxwab23dhfiw9h86ql1v-gcc-8.2.0/libexec/gcc/x86_64-unknown-linux-gnu/8.2.0/:/nix/store/2dr4kh5f865bsxwab23dhfiw9h86ql1v-gcc-8.2.0/libexec/gcc/x86_64-unknown-linux-gnu/8.2.0/:/nix/store/2dr4kh5f865bsxwab23dhfiw9h86ql1v-gcc-8.2.0/libexec/gcc/x86_64-unknown-linux-gnu/:/nix/store/2dr4kh5f865bsxwab23dhfiw9h86ql1v-gcc-8.2.0/lib/gcc/x86_64-unknown-linux-gnu/8.2.0/:/nix/store/2dr4kh5f865bsxwab23dhfiw9h86ql1v-gcc-8.2.0/lib/gcc/x86_64-unknown-linux-gnu/
LIBRARY_PATH=/nix/store/9x31gd6hz7a2wxbrlgysfq5j1q9ingsn-gcc-8.2.0-lib/lib/:/nix/store/g2yk54hifqlsjiha3szr4q3ccmdzyrdv-glibc-2.27/lib/:/nix/store/fwckb6z3l9n8mxdqyl0qmfjjdgwpqi21-gcc-wrapper-8.2.0/bin/:/nix/store/2dr4kh5f865bsxwab23dhfiw9h86ql1v-gcc-8.2.0/lib/gcc/x86_64-unknown-linux-gnu/8.2.0/:/nix/store/2dr4kh5f865bsxwab23dhfiw9h86ql1v-gcc-8.2.0/lib/gcc/x86_64-unknown-linux-gnu/8.2.0/../../../../lib64/:/home/andrei/.nix-profile/lib/:/nix/store/2dr4kh5f865bsxwab23dhfiw9h86ql1v-gcc-8.2.0/lib/gcc/x86_64-unknown-linux-gnu/8.2.0/../../../
COLLECT_GCC_OPTIONS='-v' '-rdynamic' '-o' 'cmTC_fc9aa' '-B' '/nix/store/9x31gd6hz7a2wxbrlgysfq5j1q9ingsn-gcc-8.2.0-lib/lib' '-B' '/nix/store/g2yk54hifqlsjiha3szr4q3ccmdzyrdv-glibc-2.27/lib/' '-idirafter' '/nix/store/kvdxajnlyisifi506ppbdpfycmcmsp6d-glibc-2.27-dev/include' '-idirafter' '/nix/store/2dr4kh5f865bsxwab23dhfiw9h86ql1v-gcc-8.2.0/lib/gcc/x86_64-unknown-linux-gnu/8.2.0/include-fixed' '-B' '/nix/store/fwckb6z3l9n8mxdqyl0qmfjjdgwpqi21-gcc-wrapper-8.2.0/bin/' '-L/nix/store/g2yk54hifqlsjiha3szr4q3ccmdzyrdv-glibc-2.27/lib' '-L/nix/store/9x31gd6hz7a2wxbrlgysfq5j1q9ingsn-gcc-8.2.0-lib/lib' '-mtune=generic' '-march=x86-64'
 /nix/store/2dr4kh5f865bsxwab23dhfiw9h86ql1v-gcc-8.2.0/libexec/gcc/x86_64-unknown-linux-gnu/8.2.0/collect2 -plugin /nix/store/2dr4kh5f865bsxwab23dhfiw9h86ql1v-gcc-8.2.0/libexec/gcc/x86_64-unknown-linux-gnu/8.2.0/liblto_plugin.so -plugin-opt=/nix/store/2dr4kh5f865bsxwab23dhfiw9h86ql1v-gcc-8.2.0/libexec/gcc/x86_64-unknown-linux-gnu/8.2.0/lto-wrapper -plugin-opt=-fresolution=/tmp/ccXq9rSb.res -plugin-opt=-pass-through=-lgcc -plugin-opt=-pass-through=-lgcc_s -plugin-opt=-pass-through=-lc -plugin-opt=-pass-through=-lgcc -plugin-opt=-pass-through=-lgcc_s --eh-frame-hdr -m elf_x86_64 -export-dynamic -dynamic-linker /nix/store/g2yk54hifqlsjiha3szr4q3ccmdzyrdv-glibc-2.27/lib64/ld-linux-x86-64.so.2 -o cmTC_fc9aa /nix/store/g2yk54hifqlsjiha3szr4q3ccmdzyrdv-glibc-2.27/lib/crt1.o /nix/store/g2yk54hifqlsjiha3szr4q3ccmdzyrdv-glibc-2.27/lib/crti.o /nix/store/2dr4kh5f865bsxwab23dhfiw9h86ql1v-gcc-8.2.0/lib/gcc/x86_64-unknown-linux-gnu/8.2.0/crtbegin.o -L/nix/store/g2yk54hifqlsjiha3szr4q3ccmdzyrdv-glibc-2.27/lib -L/nix/store/9x31gd6hz7a2wxbrlgysfq5j1q9ingsn-gcc-8.2.0-lib/lib -L/nix/store/9x31gd6hz7a2wxbrlgysfq5j1q9ingsn-gcc-8.2.0-lib/lib -L/nix/store/g2yk54hifqlsjiha3szr4q3ccmdzyrdv-glibc-2.27/lib -L/nix/store/fwckb6z3l9n8mxdqyl0qmfjjdgwpqi21-gcc-wrapper-8.2.0/bin -L/nix/store/2dr4kh5f865bsxwab23dhfiw9h86ql1v-gcc-8.2.0/lib/gcc/x86_64-unknown-linux-gnu/8.2.0 -L/nix/store/2dr4kh5f865bsxwab23dhfiw9h86ql1v-gcc-8.2.0/lib/gcc/x86_64-unknown-linux-gnu/8.2.0/../../../../lib64 -L/home/andrei/.nix-profile/lib -L/nix/store/2dr4kh5f865bsxwab23dhfiw9h86ql1v-gcc-8.2.0/lib/gcc/x86_64-unknown-linux-gnu/8.2.0/../../.. -dynamic-linker /nix/store/g2yk54hifqlsjiha3szr4q3ccmdzyrdv-glibc-2.27/lib/ld-linux-x86-64.so.2 CMakeFiles/cmTC_fc9aa.dir/CMakeCCompilerABI.c.o -lgcc --as-needed -lgcc_s --no-as-needed -lc -lgcc --as-needed -lgcc_s --no-as-needed /nix/store/2dr4kh5f865bsxwab23dhfiw9h86ql1v-gcc-8.2.0/lib/gcc/x86_64-unknown-linux-gnu/8.2.0/crtend.o /nix/store/g2yk54hifqlsjiha3szr4q3ccmdzyrdv-glibc-2.27/lib/crtn.o
COLLECT_GCC_OPTIONS='-v' '-rdynamic' '-o' 'cmTC_fc9aa' '-B' '/nix/store/9x31gd6hz7a2wxbrlgysfq5j1q9ingsn-gcc-8.2.0-lib/lib' '-B' '/nix/store/g2yk54hifqlsjiha3szr4q3ccmdzyrdv-glibc-2.27/lib/' '-idirafter' '/nix/store/kvdxajnlyisifi506ppbdpfycmcmsp6d-glibc-2.27-dev/include' '-idirafter' '/nix/store/2dr4kh5f865bsxwab23dhfiw9h86ql1v-gcc-8.2.0/lib/gcc/x86_64-unknown-linux-gnu/8.2.0/include-fixed' '-B' '/nix/store/fwckb6z3l9n8mxdqyl0qmfjjdgwpqi21-gcc-wrapper-8.2.0/bin/' '-L/nix/store/g2yk54hifqlsjiha3szr4q3ccmdzyrdv-glibc-2.27/lib' '-L/nix/store/9x31gd6hz7a2wxbrlgysfq5j1q9ingsn-gcc-8.2.0-lib/lib' '-mtune=generic' '-march=x86-64'
make[1]: Leaving directory '/home/andrei/project/CMakeFiles/CMakeTmp'


Parsed C implicit link information from above output:
  link line regex: [^( *|.*[/\])(ld|CMAKE_LINK_STARTFILE-NOTFOUND|([^/\]+-)?ld|collect2)[^/\]*( |$)]
  ignore line: [Change Dir: /home/andrei/project/CMakeFiles/CMakeTmp]
  ignore line: []
  ignore line: [Run Build Command:"/home/andrei/.nix-profile/bin/make" "cmTC_fc9aa/fast"]
  ignore line: [/home/andrei/.nix-profile/bin/make -f CMakeFiles/cmTC_fc9aa.dir/build.make CMakeFiles/cmTC_fc9aa.dir/build]
  ignore line: [make[1]: Entering directory '/home/andrei/project/CMakeFiles/CMakeTmp']
  ignore line: [Building C object CMakeFiles/cmTC_fc9aa.dir/CMakeCCompilerABI.c.o]
  ignore line: [/home/andrei/.nix-profile/bin/cc    -o CMakeFiles/cmTC_fc9aa.dir/CMakeCCompilerABI.c.o   -c /nix/store/sxxy01wn82n7wjl5a384344m2i4xszx6-cmake-3.12.1/share/cmake-3.12/Modules/CMakeCCompilerABI.c]
  ignore line: [Linking C executable cmTC_fc9aa]
  ignore line: [/nix/store/sxxy01wn82n7wjl5a384344m2i4xszx6-cmake-3.12.1/bin/cmake -E cmake_link_script CMakeFiles/cmTC_fc9aa.dir/link.txt --verbose=1]
  ignore line: [/home/andrei/.nix-profile/bin/cc     -v -rdynamic CMakeFiles/cmTC_fc9aa.dir/CMakeCCompilerABI.c.o  -o cmTC_fc9aa ]
  ignore line: [Using built-in specs.]
  ignore line: [COLLECT_GCC=/nix/store/2dr4kh5f865bsxwab23dhfiw9h86ql1v-gcc-8.2.0/bin/gcc]
  ignore line: [COLLECT_LTO_WRAPPER=/nix/store/2dr4kh5f865bsxwab23dhfiw9h86ql1v-gcc-8.2.0/libexec/gcc/x86_64-unknown-linux-gnu/8.2.0/lto-wrapper]
  ignore line: [Target: x86_64-unknown-linux-gnu]
  ignore line: [Configured with: ]
  ignore line: [Thread model: posix]
  ignore line: [gcc version 8.2.0 (GCC) ]
  ignore line: [COMPILER_PATH=/nix/store/9x31gd6hz7a2wxbrlgysfq5j1q9ingsn-gcc-8.2.0-lib/lib/:/nix/store/g2yk54hifqlsjiha3szr4q3ccmdzyrdv-glibc-2.27/lib/:/nix/store/fwckb6z3l9n8mxdqyl0qmfjjdgwpqi21-gcc-wrapper-8.2.0/bin/:/nix/store/2dr4kh5f865bsxwab23dhfiw9h86ql1v-gcc-8.2.0/libexec/gcc/x86_64-unknown-linux-gnu/8.2.0/:/nix/store/2dr4kh5f865bsxwab23dhfiw9h86ql1v-gcc-8.2.0/libexec/gcc/x86_64-unknown-linux-gnu/8.2.0/:/nix/store/2dr4kh5f865bsxwab23dhfiw9h86ql1v-gcc-8.2.0/libexec/gcc/x86_64-unknown-linux-gnu/:/nix/store/2dr4kh5f865bsxwab23dhfiw9h86ql1v-gcc-8.2.0/lib/gcc/x86_64-unknown-linux-gnu/8.2.0/:/nix/store/2dr4kh5f865bsxwab23dhfiw9h86ql1v-gcc-8.2.0/lib/gcc/x86_64-unknown-linux-gnu/]
  ignore line: [LIBRARY_PATH=/nix/store/9x31gd6hz7a2wxbrlgysfq5j1q9ingsn-gcc-8.2.0-lib/lib/:/nix/store/g2yk54hifqlsjiha3szr4q3ccmdzyrdv-glibc-2.27/lib/:/nix/store/fwckb6z3l9n8mxdqyl0qmfjjdgwpqi21-gcc-wrapper-8.2.0/bin/:/nix/store/2dr4kh5f865bsxwab23dhfiw9h86ql1v-gcc-8.2.0/lib/gcc/x86_64-unknown-linux-gnu/8.2.0/:/nix/store/2dr4kh5f865bsxwab23dhfiw9h86ql1v-gcc-8.2.0/lib/gcc/x86_64-unknown-linux-gnu/8.2.0/../../../../lib64/:/home/andrei/.nix-profile/lib/:/nix/store/2dr4kh5f865bsxwab23dhfiw9h86ql1v-gcc-8.2.0/lib/gcc/x86_64-unknown-linux-gnu/8.2.0/../../../]
  ignore line: [COLLECT_GCC_OPTIONS='-v' '-rdynamic' '-o' 'cmTC_fc9aa' '-B' '/nix/store/9x31gd6hz7a2wxbrlgysfq5j1q9ingsn-gcc-8.2.0-lib/lib' '-B' '/nix/store/g2yk54hifqlsjiha3szr4q3ccmdzyrdv-glibc-2.27/lib/' '-idirafter' '/nix/store/kvdxajnlyisifi506ppbdpfycmcmsp6d-glibc-2.27-dev/include' '-idirafter' '/nix/store/2dr4kh5f865bsxwab23dhfiw9h86ql1v-gcc-8.2.0/lib/gcc/x86_64-unknown-linux-gnu/8.2.0/include-fixed' '-B' '/nix/store/fwckb6z3l9n8mxdqyl0qmfjjdgwpqi21-gcc-wrapper-8.2.0/bin/' '-L/nix/store/g2yk54hifqlsjiha3szr4q3ccmdzyrdv-glibc-2.27/lib' '-L/nix/store/9x31gd6hz7a2wxbrlgysfq5j1q9ingsn-gcc-8.2.0-lib/lib' '-mtune=generic' '-march=x86-64']
  link line: [ /nix/store/2dr4kh5f865bsxwab23dhfiw9h86ql1v-gcc-8.2.0/libexec/gcc/x86_64-unknown-linux-gnu/8.2.0/collect2 -plugin /nix/store/2dr4kh5f865bsxwab23dhfiw9h86ql1v-gcc-8.2.0/libexec/gcc/x86_64-unknown-linux-gnu/8.2.0/liblto_plugin.so -plugin-opt=/nix/store/2dr4kh5f865bsxwab23dhfiw9h86ql1v-gcc-8.2.0/libexec/gcc/x86_64-unknown-linux-gnu/8.2.0/lto-wrapper -plugin-opt=-fresolution=/tmp/ccXq9rSb.res -plugin-opt=-pass-through=-lgcc -plugin-opt=-pass-through=-lgcc_s -plugin-opt=-pass-through=-lc -plugin-opt=-pass-through=-lgcc -plugin-opt=-pass-through=-lgcc_s --eh-frame-hdr -m elf_x86_64 -export-dynamic -dynamic-linker /nix/store/g2yk54hifqlsjiha3szr4q3ccmdzyrdv-glibc-2.27/lib64/ld-linux-x86-64.so.2 -o cmTC_fc9aa /nix/store/g2yk54hifqlsjiha3szr4q3ccmdzyrdv-glibc-2.27/lib/crt1.o /nix/store/g2yk54hifqlsjiha3szr4q3ccmdzyrdv-glibc-2.27/lib/crti.o /nix/store/2dr4kh5f865bsxwab23dhfiw9h86ql1v-gcc-8.2.0/lib/gcc/x86_64-unknown-linux-gnu/8.2.0/crtbegin.o -L/nix/store/g2yk54hifqlsjiha3szr4q3ccmdzyrdv-glibc-2.27/lib -L/nix/store/9x31gd6hz7a2wxbrlgysfq5j1q9ingsn-gcc-8.2.0-lib/lib -L/nix/store/9x31gd6hz7a2wxbrlgysfq5j1q9ingsn-gcc-8.2.0-lib/lib -L/nix/store/g2yk54hifqlsjiha3szr4q3ccmdzyrdv-glibc-2.27/lib -L/nix/store/fwckb6z3l9n8mxdqyl0qmfjjdgwpqi21-gcc-wrapper-8.2.0/bin -L/nix/store/2dr4kh5f865bsxwab23dhfiw9h86ql1v-gcc-8.2.0/lib/gcc/x86_64-unknown-linux-gnu/8.2.0 -L/nix/store/2dr4kh5f865bsxwab23dhfiw9h86ql1v-gcc-8.2.0/lib/gcc/x86_64-unknown-linux-gnu/8.2.0/../../../../lib64 -L/home/andrei/.nix-profile/lib -L/nix/store/2dr4kh5f865bsxwab23dhfiw9h86ql1v-gcc-8.2.0/lib/gcc/x86_64-unknown-linux-gnu/8.2.0/../../.. -dynamic-linker /nix/store/g2yk54hifqlsjiha3szr4q3ccmdzyrdv-glibc-2.27/lib/ld-linux-x86-64.so.2 CMakeFiles/cmTC_fc9aa.dir/CMakeCCompilerABI.c.o -lgcc --as-needed -lgcc_s --no-as-needed -lc -lgcc --as-needed -lgcc_s --no-as-needed /nix/store/2dr4kh5f865bsxwab23dhfiw9h86ql1v-gcc-8.2.0/lib/gcc/x86_64-unknown-linux-gnu/8.2.0/crtend.o /nix/store/g2yk54hifqlsjiha3szr4q3ccmdzyrdv-glibc-2.27/lib/crtn.o]
    arg [/nix/store/2dr4kh5f865bsxwab23dhfiw9h86ql1v-gcc-8.2.0/libexec/gcc/x86_64-unknown-linux-gnu/8.2.0/collect2] ==> ignore
    arg [-plugin] ==> ignore
    arg [/nix/store/2dr4kh5f865bsxwab23dhfiw9h86ql1v-gcc-8.2.0/libexec/gcc/x86_64-unknown-linux-gnu/8.2.0/liblto_plugin.so] ==> ignore
    arg [-plugin-opt=/nix/store/2dr4kh5f865bsxwab23dhfiw9h86ql1v-gcc-8.2.0/libexec/gcc/x86_64-unknown-linux-gnu/8.2.0/lto-wrapper] ==> ignore
    arg [-plugin-opt=-fresolution=/tmp/ccXq9rSb.res] ==> ignore
    arg [-plugin-opt=-pass-through=-lgcc] ==> ignore
    arg [-plugin-opt=-pass-through=-lgcc_s] ==> ignore
    arg [-plugin-opt=-pass-through=-lc] ==> ignore
    arg [-plugin-opt=-pass-through=-lgcc] ==> ignore
    arg [-plugin-opt=-pass-through=-lgcc_s] ==> ignore
    arg [--eh-frame-hdr] ==> ignore
    arg [-m] ==> ignore
    arg [elf_x86_64] ==> ignore
    arg [-export-dynamic] ==> ignore
    arg [-dynamic-linker] ==> ignore
    arg [/nix/store/g2yk54hifqlsjiha3szr4q3ccmdzyrdv-glibc-2.27/lib64/ld-linux-x86-64.so.2] ==> ignore
    arg [-o] ==> ignore
    arg [cmTC_fc9aa] ==> ignore
    arg [/nix/store/g2yk54hifqlsjiha3szr4q3ccmdzyrdv-glibc-2.27/lib/crt1.o] ==> ignore
    arg [/nix/store/g2yk54hifqlsjiha3szr4q3ccmdzyrdv-glibc-2.27/lib/crti.o] ==> ignore
    arg [/nix/store/2dr4kh5f865bsxwab23dhfiw9h86ql1v-gcc-8.2.0/lib/gcc/x86_64-unknown-linux-gnu/8.2.0/crtbegin.o] ==> ignore
    arg [-L/nix/store/g2yk54hifqlsjiha3szr4q3ccmdzyrdv-glibc-2.27/lib] ==> dir [/nix/store/g2yk54hifqlsjiha3szr4q3ccmdzyrdv-glibc-2.27/lib]
    arg [-L/nix/store/9x31gd6hz7a2wxbrlgysfq5j1q9ingsn-gcc-8.2.0-lib/lib] ==> dir [/nix/store/9x31gd6hz7a2wxbrlgysfq5j1q9ingsn-gcc-8.2.0-lib/lib]
    arg [-L/nix/store/9x31gd6hz7a2wxbrlgysfq5j1q9ingsn-gcc-8.2.0-lib/lib] ==> dir [/nix/store/9x31gd6hz7a2wxbrlgysfq5j1q9ingsn-gcc-8.2.0-lib/lib]
    arg [-L/nix/store/g2yk54hifqlsjiha3szr4q3ccmdzyrdv-glibc-2.27/lib] ==> dir [/nix/store/g2yk54hifqlsjiha3szr4q3ccmdzyrdv-glibc-2.27/lib]
    arg [-L/nix/store/fwckb6z3l9n8mxdqyl0qmfjjdgwpqi21-gcc-wrapper-8.2.0/bin] ==> dir [/nix/store/fwckb6z3l9n8mxdqyl0qmfjjdgwpqi21-gcc-wrapper-8.2.0/bin]
    arg [-L/nix/store/2dr4kh5f865bsxwab23dhfiw9h86ql1v-gcc-8.2.0/lib/gcc/x86_64-unknown-linux-gnu/8.2.0] ==> dir [/nix/store/2dr4kh5f865bsxwab23dhfiw9h86ql1v-gcc-8.2.0/lib/gcc/x86_64-unknown-linux-gnu/8.2.0]
    arg [-L/nix/store/2dr4kh5f865bsxwab23dhfiw9h86ql1v-gcc-8.2.0/lib/gcc/x86_64-unknown-linux-gnu/8.2.0/../../../../lib64] ==> dir [/nix/store/2dr4kh5f865bsxwab23dhfiw9h86ql1v-gcc-8.2.0/lib/gcc/x86_64-unknown-linux-gnu/8.2.0/../../../../lib64]
    arg [-L/home/andrei/.nix-profile/lib] ==> dir [/home/andrei/.nix-profile/lib]
    arg [-L/nix/store/2dr4kh5f865bsxwab23dhfiw9h86ql1v-gcc-8.2.0/lib/gcc/x86_64-unknown-linux-gnu/8.2.0/../../..] ==> dir [/nix/store/2dr4kh5f865bsxwab23dhfiw9h86ql1v-gcc-8.2.0/lib/gcc/x86_64-unknown-linux-gnu/8.2.0/../../..]
    arg [-dynamic-linker] ==> ignore
    arg [/nix/store/g2yk54hifqlsjiha3szr4q3ccmdzyrdv-glibc-2.27/lib/ld-linux-x86-64.so.2] ==> ignore
    arg [CMakeFiles/cmTC_fc9aa.dir/CMakeCCompilerABI.c.o] ==> ignore
    arg [-lgcc] ==> lib [gcc]
    arg [--as-needed] ==> ignore
    arg [-lgcc_s] ==> lib [gcc_s]
    arg [--no-as-needed] ==> ignore
    arg [-lc] ==> lib [c]
    arg [-lgcc] ==> lib [gcc]
    arg [--as-needed] ==> ignore
    arg [-lgcc_s] ==> lib [gcc_s]
    arg [--no-as-needed] ==> ignore
    arg [/nix/store/2dr4kh5f865bsxwab23dhfiw9h86ql1v-gcc-8.2.0/lib/gcc/x86_64-unknown-linux-gnu/8.2.0/crtend.o] ==> ignore
    arg [/nix/store/g2yk54hifqlsjiha3szr4q3ccmdzyrdv-glibc-2.27/lib/crtn.o] ==> ignore
  collapse library dir [/nix/store/g2yk54hifqlsjiha3szr4q3ccmdzyrdv-glibc-2.27/lib] ==> [/nix/store/g2yk54hifqlsjiha3szr4q3ccmdzyrdv-glibc-2.27/lib]
  collapse library dir [/nix/store/9x31gd6hz7a2wxbrlgysfq5j1q9ingsn-gcc-8.2.0-lib/lib] ==> [/nix/store/9x31gd6hz7a2wxbrlgysfq5j1q9ingsn-gcc-8.2.0-lib/lib]
  collapse library dir [/nix/store/9x31gd6hz7a2wxbrlgysfq5j1q9ingsn-gcc-8.2.0-lib/lib] ==> [/nix/store/9x31gd6hz7a2wxbrlgysfq5j1q9ingsn-gcc-8.2.0-lib/lib]
  collapse library dir [/nix/store/g2yk54hifqlsjiha3szr4q3ccmdzyrdv-glibc-2.27/lib] ==> [/nix/store/g2yk54hifqlsjiha3szr4q3ccmdzyrdv-glibc-2.27/lib]
  collapse library dir [/nix/store/fwckb6z3l9n8mxdqyl0qmfjjdgwpqi21-gcc-wrapper-8.2.0/bin] ==> [/nix/store/fwckb6z3l9n8mxdqyl0qmfjjdgwpqi21-gcc-wrapper-8.2.0/bin]
  collapse library dir [/nix/store/2dr4kh5f865bsxwab23dhfiw9h86ql1v-gcc-8.2.0/lib/gcc/x86_64-unknown-linux-gnu/8.2.0] ==> [/nix/store/2dr4kh5f865bsxwab23dhfiw9h86ql1v-gcc-8.2.0/lib/gcc/x86_64-unknown-linux-gnu/8.2.0]
  collapse library dir [/nix/store/2dr4kh5f865bsxwab23dhfiw9h86ql1v-gcc-8.2.0/lib/gcc/x86_64-unknown-linux-gnu/8.2.0/../../../../lib64] ==> [/nix/store/2dr4kh5f865bsxwab23dhfiw9h86ql1v-gcc-8.2.0/lib64]
  collapse library dir [/home/andrei/.nix-profile/lib] ==> [/home/andrei/.nix-profile/lib]
  collapse library dir [/nix/store/2dr4kh5f865bsxwab23dhfiw9h86ql1v-gcc-8.2.0/lib/gcc/x86_64-unknown-linux-gnu/8.2.0/../../..] ==> [/nix/store/2dr4kh5f865bsxwab23dhfiw9h86ql1v-gcc-8.2.0/lib]
  implicit libs: [gcc;gcc_s;c;gcc;gcc_s]
  implicit dirs: [/nix/store/g2yk54hifqlsjiha3szr4q3ccmdzyrdv-glibc-2.27/lib;/nix/store/9x31gd6hz7a2wxbrlgysfq5j1q9ingsn-gcc-8.2.0-lib/lib;/nix/store/fwckb6z3l9n8mxdqyl0qmfjjdgwpqi21-gcc-wrapper-8.2.0/bin;/nix/store/2dr4kh5f865bsxwab23dhfiw9h86ql1v-gcc-8.2.0/lib/gcc/x86_64-unknown-linux-gnu/8.2.0;/nix/store/2dr4kh5f865bsxwab23dhfiw9h86ql1v-gcc-8.2.0/lib64;/home/andrei/.nix-profile/lib;/nix/store/2dr4kh5f865bsxwab23dhfiw9h86ql1v-gcc-8.2.0/lib]
  implicit fwks: []




Detecting C [-std=c11] compiler features compiled with the following output:
Change Dir: /home/andrei/project/CMakeFiles/CMakeTmp

Run Build Command:"/home/andrei/.nix-profile/bin/make" "cmTC_0f748/fast"
/home/andrei/.nix-profile/bin/make -f CMakeFiles/cmTC_0f748.dir/build.make CMakeFiles/cmTC_0f748.dir/build
make[1]: Entering directory '/home/andrei/project/CMakeFiles/CMakeTmp'
Building C object CMakeFiles/cmTC_0f748.dir/feature_tests.c.o
/home/andrei/.nix-profile/bin/cc   -std=c11 -o CMakeFiles/cmTC_0f748.dir/feature_tests.c.o   -c /home/andrei/project/CMakeFiles/feature_tests.c
Linking C executable cmTC_0f748
/nix/store/sxxy01wn82n7wjl5a384344m2i4xszx6-cmake-3.12.1/bin/cmake -E cmake_link_script CMakeFiles/cmTC_0f748.dir/link.txt --verbose=1
/home/andrei/.nix-profile/bin/cc      -rdynamic CMakeFiles/cmTC_0f748.dir/feature_tests.c.o  -o cmTC_0f748 
make[1]: Leaving directory '/home/andrei/project/CMakeFiles/CMakeTmp'


    Feature record: C_FEATURE:1c_function_prototypes
    Feature record: C_FEATURE:1c_restrict
    Feature record: C_FEATURE:1c_static_assert
    Feature record: C_FEATURE:1c_variadic_macros


Detecting C [-std=c99] compiler features compiled with the following output:
Change Dir: /home/andrei/project/CMakeFiles/CMakeTmp

Run Build Command:"/home/andrei/.nix-profile/bin/make" "cmTC_afed0/fast"
/home/andrei/.nix-profile/bin/make -f CMakeFiles/cmTC_afed0.dir/build.make CMakeFiles/cmTC_afed0.dir/build
make[1]: Entering directory '/home/andrei/project/CMakeFiles/CMakeTmp'
Building C object CMakeFiles/cmTC_afed0.dir/feature_tests.c.o
/home/andrei/.nix-profile/bin/cc   -std=c99 -o CMakeFiles/cmTC_afed0.dir/feature_tests.c.o   -c /home/andrei/project/CMakeFiles/feature_tests.c
Linking C executable cmTC_afed0
/nix/store/sxxy01wn82n7wjl5a384344m2i4xszx6-cmake-3.12.1/bin/cmake -E cmake_link_script CMakeFiles/cmTC_afed0.dir/link.txt --verbose=1
/home/andrei/.nix-profile/bin/cc      -rdynamic CMakeFiles/cmTC_afed0.dir/feature_tests.c.o  -o cmTC_afed0 
make[1]: Leaving directory '/home/andrei/project/CMakeFiles/CMakeTmp'


    Feature record: C_FEATURE:1c_function_prototypes
    Feature record: C_FEATURE:1c_restrict
    Feature record: C_FEATURE:0c_static_assert
    Feature record: C_FEATURE:1c_variadic_macros


Detecting C [-std=c90] compiler features compiled with the following output:
Change Dir: /home/andrei/project/CMakeFiles/CMakeTmp

Run Build Command:"/home/andrei/.nix-profile/bin/make" "cmTC_38efe/fast"
/home/andrei/.nix-profile/bin/make -f CMakeFiles/cmTC_38efe.dir/build.make CMakeFiles/cmTC_38efe.dir/build
make[1]: Entering directory '/home/andrei/project/CMakeFiles/CMakeTmp'
Building C object CMakeFiles/cmTC_38efe.dir/feature_tests.c.o
/home/andrei/.nix-profile/bin/cc   -std=c90 -o CMakeFiles/cmTC_38efe.dir/feature_tests.c.o   -c /home/andrei/project/CMakeFiles/feature_tests.c
Linking C executable cmTC_38efe
/nix/store/sxxy01wn82n7wjl5a384344m2i4xszx6-cmake-3.12.1/bin/cmake -E cmake_link_script CMakeFiles/cmTC_38efe.dir/link.txt --verbose=1
/home/andrei/.nix-profile/bin/cc      -rdynamic CMakeFiles/cmTC_38efe.dir/feature_tests.c.o  -o cmTC_38efe 
make[1]: Leaving directory '/home/andrei/project/CMakeFiles/CMakeTmp'


    Feature record: C_FEATURE:1c_function_prototypes
    Feature record: C_FEATURE:0c_restrict
    Feature record: C_FEATURE:0c_static_assert
    Feature record: C_FEATURE:0c_variadic_macros
Determining if the CXX compiler works passed with the following output:
Change Dir: /home/andrei/project/CMakeFiles/CMakeTmp

Run Build Command:"/home/andrei/.nix-profile/bin/make" "cmTC_08ab8/fast"
/home/andrei/.nix-profile/bin/make -f CMakeFiles/cmTC_08ab8.dir/build.make CMakeFiles/cmTC_08ab8.dir/build
make[1]: Entering directory '/home/andrei/project/CMakeFiles/CMakeTmp'
Building CXX object CMakeFiles/cmTC_08ab8.dir/testCXXCompiler.cxx.o
/home/andrei/.nix-profile/bin/c++     -o CMakeFiles/cmTC_08ab8.dir/testCXXCompiler.cxx.o -c /home/andrei/project/CMakeFiles/CMakeTmp/testCXXCompiler.cxx
Linking CXX executable cmTC_08ab8
/nix/store/sxxy01wn82n7wjl5a384344m2i4xszx6-cmake-3.12.1/bin/cmake -E cmake_link_script CMakeFiles/cmTC_08ab8.dir/link.txt --verbose=1
/home/andrei/.nix-profile/bin/c++       -rdynamic CMakeFiles/cmTC_08ab8.dir/testCXXCompiler.cxx.o  -o cmTC_08ab8 
make[1]: Leaving directory '/home/andrei/project/CMakeFiles/CMakeTmp'


Detecting CXX compiler ABI info compiled with the following output:
Change Dir: /home/andrei/project/CMakeFiles/CMakeTmp

Run Build Command:"/home/andrei/.nix-profile/bin/make" "cmTC_9d976/fast"
/home/andrei/.nix-profile/bin/make -f CMakeFiles/cmTC_9d976.dir/build.make CMakeFiles/cmTC_9d976.dir/build
make[1]: Entering directory '/home/andrei/project/CMakeFiles/CMakeTmp'
Building CXX object CMakeFiles/cmTC_9d976.dir/CMakeCXXCompilerABI.cpp.o
/home/andrei/.nix-profile/bin/c++     -o CMakeFiles/cmTC_9d976.dir/CMakeCXXCompilerABI.cpp.o -c /nix/store/sxxy01wn82n7wjl5a384344m2i4xszx6-cmake-3.12.1/share/cmake-3.12/Modules/CMakeCXXCompilerABI.cpp
Linking CXX executable cmTC_9d976
/nix/store/sxxy01wn82n7wjl5a384344m2i4xszx6-cmake-3.12.1/bin/cmake -E cmake_link_script CMakeFiles/cmTC_9d976.dir/link.txt --verbose=1
/home/andrei/.nix-profile/bin/c++      -v -rdynamic CMakeFiles/cmTC_9d976.dir/CMakeCXXCompilerABI.cpp.o  -o cmTC_9d976 
Using built-in specs.
COLLECT_GCC=/nix/store/2dr4kh5f865bsxwab23dhfiw9h86ql1v-gcc-8.2.0/bin/g++
COLLECT_LTO_WRAPPER=/nix/store/2dr4kh5f865bsxwab23dhfiw9h86ql1v-gcc-8.2.0/libexec/gcc/x86_64-unknown-linux-gnu/8.2.0/lto-wrapper
Target: x86_64-unknown-linux-gnu
Configured with: 
Thread model: posix
gcc version 8.2.0 (GCC) 
COMPILER_PATH=/nix/store/9x31gd6hz7a2wxbrlgysfq5j1q9ingsn-gcc-8.2.0-lib/lib/:/nix/store/g2yk54hifqlsjiha3szr4q3ccmdzyrdv-glibc-2.27/lib/:/nix/store/fwckb6z3l9n8mxdqyl0qmfjjdgwpqi21-gcc-wrapper-8.2.0/bin/:/nix/store/2dr4kh5f865bsxwab23dhfiw9h86ql1v-gcc-8.2.0/libexec/gcc/x86_64-unknown-linux-gnu/8.2.0/:/nix/store/2dr4kh5f865bsxwab23dhfiw9h86ql1v-gcc-8.2.0/libexec/gcc/x86_64-unknown-linux-gnu/8.2.0/:/nix/store/2dr4kh5f865bsxwab23dhfiw9h86ql1v-gcc-8.2.0/libexec/gcc/x86_64-unknown-linux-gnu/:/nix/store/2dr4kh5f865bsxwab23dhfiw9h86ql1v-gcc-8.2.0/lib/gcc/x86_64-unknown-linux-gnu/8.2.0/:/nix/store/2dr4kh5f865bsxwab23dhfiw9h86ql1v-gcc-8.2.0/lib/gcc/x86_64-unknown-linux-gnu/
LIBRARY_PATH=/nix/store/9x31gd6hz7a2wxbrlgysfq5j1q9ingsn-gcc-8.2.0-lib/lib/:/nix/store/g2yk54hifqlsjiha3szr4q3ccmdzyrdv-glibc-2.27/lib/:/nix/store/fwckb6z3l9n8mxdqyl0qmfjjdgwpqi21-gcc-wrapper-8.2.0/bin/:/nix/store/2dr4kh5f865bsxwab23dhfiw9h86ql1v-gcc-8.2.0/lib/gcc/x86_64-unknown-linux-gnu/8.2.0/:/nix/store/2dr4kh5f865bsxwab23dhfiw9h86ql1v-gcc-8.2.0/lib/gcc/x86_64-unknown-linux-gnu/8.2.0/../../../../lib64/:/home/andrei/.nix-profile/lib/:/nix/store/2dr4kh5f865bsxwab23dhfiw9h86ql1v-gcc-8.2.0/lib/gcc/x86_64-unknown-linux-gnu/8.2.0/../../../
COLLECT_GCC_OPTIONS='-v' '-rdynamic' '-o' 'cmTC_9d976' '-B' '/nix/store/9x31gd6hz7a2wxbrlgysfq5j1q9ingsn-gcc-8.2.0-lib/lib' '-B' '/nix/store/g2yk54hifqlsjiha3szr4q3ccmdzyrdv-glibc-2.27/lib/' '-idirafter' '/nix/store/kvdxajnlyisifi506ppbdpfycmcmsp6d-glibc-2.27-dev/include' '-idirafter' '/nix/store/2dr4kh5f865bsxwab23dhfiw9h86ql1v-gcc-8.2.0/lib/gcc/x86_64-unknown-linux-gnu/8.2.0/include-fixed' '-B' '/nix/store/fwckb6z3l9n8mxdqyl0qmfjjdgwpqi21-gcc-wrapper-8.2.0/bin/' '-L/nix/store/g2yk54hifqlsjiha3szr4q3ccmdzyrdv-glibc-2.27/lib' '-L/nix/store/9x31gd6hz7a2wxbrlgysfq5j1q9ingsn-gcc-8.2.0-lib/lib' '-shared-libgcc' '-mtune=generic' '-march=x86-64'
 /nix/store/2dr4kh5f865bsxwab23dhfiw9h86ql1v-gcc-8.2.0/libexec/gcc/x86_64-unknown-linux-gnu/8.2.0/collect2 -plugin /nix/store/2dr4kh5f865bsxwab23dhfiw9h86ql1v-gcc-8.2.0/libexec/gcc/x86_64-unknown-linux-gnu/8.2.0/liblto_plugin.so -plugin-opt=/nix/store/2dr4kh5f865bsxwab23dhfiw9h86ql1v-gcc-8.2.0/libexec/gcc/x86_64-unknown-linux-gnu/8.2.0/lto-wrapper -plugin-opt=-fresolution=/tmp/cczhbBpC.res -plugin-opt=-pass-through=-lgcc_s -plugin-opt=-pass-through=-lgcc -plugin-opt=-pass-through=-lc -plugin-opt=-pass-through=-lgcc_s -plugin-opt=-pass-through=-lgcc --eh-frame-hdr -m elf_x86_64 -export-dynamic -dynamic-linker /nix/store/g2yk54hifqlsjiha3szr4q3ccmdzyrdv-glibc-2.27/lib64/ld-linux-x86-64.so.2 -o cmTC_9d976 /nix/store/g2yk54hifqlsjiha3szr4q3ccmdzyrdv-glibc-2.27/lib/crt1.o /nix/store/g2yk54hifqlsjiha3szr4q3ccmdzyrdv-glibc-2.27/lib/crti.o /nix/store/2dr4kh5f865bsxwab23dhfiw9h86ql1v-gcc-8.2.0/lib/gcc/x86_64-unknown-linux-gnu/8.2.0/crtbegin.o -L/nix/store/g2yk54hifqlsjiha3szr4q3ccmdzyrdv-glibc-2.27/lib -L/nix/store/9x31gd6hz7a2wxbrlgysfq5j1q9ingsn-gcc-8.2.0-lib/lib -L/nix/store/9x31gd6hz7a2wxbrlgysfq5j1q9ingsn-gcc-8.2.0-lib/lib -L/nix/store/g2yk54hifqlsjiha3szr4q3ccmdzyrdv-glibc-2.27/lib -L/nix/store/fwckb6z3l9n8mxdqyl0qmfjjdgwpqi21-gcc-wrapper-8.2.0/bin -L/nix/store/2dr4kh5f865bsxwab23dhfiw9h86ql1v-gcc-8.2.0/lib/gcc/x86_64-unknown-linux-gnu/8.2.0 -L/nix/store/2dr4kh5f865bsxwab23dhfiw9h86ql1v-gcc-8.2.0/lib/gcc/x86_64-unknown-linux-gnu/8.2.0/../../../../lib64 -L/home/andrei/.nix-profile/lib -L/nix/store/2dr4kh5f865bsxwab23dhfiw9h86ql1v-gcc-8.2.0/lib/gcc/x86_64-unknown-linux-gnu/8.2.0/../../.. -dynamic-linker /nix/store/g2yk54hifqlsjiha3szr4q3ccmdzyrdv-glibc-2.27/lib/ld-linux-x86-64.so.2 CMakeFiles/cmTC_9d976.dir/CMakeCXXCompilerABI.cpp.o -lstdc++ -lm -lgcc_s -lgcc -lc -lgcc_s -lgcc /nix/store/2dr4kh5f865bsxwab23dhfiw9h86ql1v-gcc-8.2.0/lib/gcc/x86_64-unknown-linux-gnu/8.2.0/crtend.o /nix/store/g2yk54hifqlsjiha3szr4q3ccmdzyrdv-glibc-2.27/lib/crtn.o
COLLECT_GCC_OPTIONS='-v' '-rdynamic' '-o' 'cmTC_9d976' '-B' '/nix/store/9x31gd6hz7a2wxbrlgysfq5j1q9ingsn-gcc-8.2.0-lib/lib' '-B' '/nix/store/g2yk54hifqlsjiha3szr4q3ccmdzyrdv-glibc-2.27/lib/' '-idirafter' '/nix/store/kvdxajnlyisifi506ppbdpfycmcmsp6d-glibc-2.27-dev/include' '-idirafter' '/nix/store/2dr4kh5f865bsxwab23dhfiw9h86ql1v-gcc-8.2.0/lib/gcc/x86_64-unknown-linux-gnu/8.2.0/include-fixed' '-B' '/nix/store/fwckb6z3l9n8mxdqyl0qmfjjdgwpqi21-gcc-wrapper-8.2.0/bin/' '-L/nix/store/g2yk54hifqlsjiha3szr4q3ccmdzyrdv-glibc-2.27/lib' '-L/nix/store/9x31gd6hz7a2wxbrlgysfq5j1q9ingsn-gcc-8.2.0-lib/lib' '-shared-libgcc' '-mtune=generic' '-march=x86-64'
make[1]: Leaving directory '/home/andrei/project/CMakeFiles/CMakeTmp'


Parsed CXX implicit link information from above output:
  link line regex: [^( *|.*[/\])(ld|CMAKE_LINK_STARTFILE-NOTFOUND|([^/\]+-)?ld|collect2)[^/\]*( |$)]
  ignore line: [Change Dir: /home/andrei/project/CMakeFiles/CMakeTmp]
  ignore line: []
  ignore line: [Run Build Command:"/home/andrei/.nix-profile/bin/make" "cmTC_9d976/fast"]
  ignore line: [/home/andrei/.nix-profile/bin/make -f CMakeFiles/cmTC_9d976.dir/build.make CMakeFiles/cmTC_9d976.dir/build]
  ignore line: [make[1]: Entering directory '/home/andrei/project/CMakeFiles/CMakeTmp']
  ignore line: [Building CXX object CMakeFiles/cmTC_9d976.dir/CMakeCXXCompilerABI.cpp.o]
  ignore line: [/home/andrei/.nix-profile/bin/c++     -o CMakeFiles/cmTC_9d976.dir/CMakeCXXCompilerABI.cpp.o -c /nix/store/sxxy01wn82n7wjl5a384344m2i4xszx6-cmake-3.12.1/share/cmake-3.12/Modules/CMakeCXXCompilerABI.cpp]
  ignore line: [Linking CXX executable cmTC_9d976]
  ignore line: [/nix/store/sxxy01wn82n7wjl5a384344m2i4xszx6-cmake-3.12.1/bin/cmake -E cmake_link_script CMakeFiles/cmTC_9d976.dir/link.txt --verbose=1]
  ignore line: [/home/andrei/.nix-profile/bin/c++      -v -rdynamic CMakeFiles/cmTC_9d976.dir/CMakeCXXCompilerABI.cpp.o  -o cmTC_9d976 ]
  ignore line: [Using built-in specs.]
  ignore line: [COLLECT_GCC=/nix/store/2dr4kh5f865bsxwab23dhfiw9h86ql1v-gcc-8.2.0/bin/g++]
  ignore line: [COLLECT_LTO_WRAPPER=/nix/store/2dr4kh5f865bsxwab23dhfiw9h86ql1v-gcc-8.2.0/libexec/gcc/x86_64-unknown-linux-gnu/8.2.0/lto-wrapper]
  ignore line: [Target: x86_64-unknown-linux-gnu]
  ignore line: [Configured with: ]
  ignore line: [Thread model: posix]
  ignore line: [gcc version 8.2.0 (GCC) ]
  ignore line: [COMPILER_PATH=/nix/store/9x31gd6hz7a2wxbrlgysfq5j1q9ingsn-gcc-8.2.0-lib/lib/:/nix/store/g2yk54hifqlsjiha3szr4q3ccmdzyrdv-glibc-2.27/lib/:/nix/store/fwckb6z3l9n8mxdqyl0qmfjjdgwpqi21-gcc-wrapper-8.2.0/bin/:/nix/store/2dr4kh5f865bsxwab23dhfiw9h86ql1v-gcc-8.2.0/libexec/gcc/x86_64-unknown-linux-gnu/8.2.0/:/nix/store/2dr4kh5f865bsxwab23dhfiw9h86ql1v-gcc-8.2.0/libexec/gcc/x86_64-unknown-linux-gnu/8.2.0/:/nix/store/2dr4kh5f865bsxwab23dhfiw9h86ql1v-gcc-8.2.0/libexec/gcc/x86_64-unknown-linux-gnu/:/nix/store/2dr4kh5f865bsxwab23dhfiw9h86ql1v-gcc-8.2.0/lib/gcc/x86_64-unknown-linux-gnu/8.2.0/:/nix/store/2dr4kh5f865bsxwab23dhfiw9h86ql1v-gcc-8.2.0/lib/gcc/x86_64-unknown-linux-gnu/]
  ignore line: [LIBRARY_PATH=/nix/store/9x31gd6hz7a2wxbrlgysfq5j1q9ingsn-gcc-8.2.0-lib/lib/:/nix/store/g2yk54hifqlsjiha3szr4q3ccmdzyrdv-glibc-2.27/lib/:/nix/store/fwckb6z3l9n8mxdqyl0qmfjjdgwpqi21-gcc-wrapper-8.2.0/bin/:/nix/store/2dr4kh5f865bsxwab23dhfiw9h86ql1v-gcc-8.2.0/lib/gcc/x86_64-unknown-linux-gnu/8.2.0/:/nix/store/2dr4kh5f865bsxwab23dhfiw9h86ql1v-gcc-8.2.0/lib/gcc/x86_64-unknown-linux-gnu/8.2.0/../../../../lib64/:/home/andrei/.nix-profile/lib/:/nix/store/2dr4kh5f865bsxwab23dhfiw9h86ql1v-gcc-8.2.0/lib/gcc/x86_64-unknown-linux-gnu/8.2.0/../../../]
  ignore line: [COLLECT_GCC_OPTIONS='-v' '-rdynamic' '-o' 'cmTC_9d976' '-B' '/nix/store/9x31gd6hz7a2wxbrlgysfq5j1q9ingsn-gcc-8.2.0-lib/lib' '-B' '/nix/store/g2yk54hifqlsjiha3szr4q3ccmdzyrdv-glibc-2.27/lib/' '-idirafter' '/nix/store/kvdxajnlyisifi506ppbdpfycmcmsp6d-glibc-2.27-dev/include' '-idirafter' '/nix/store/2dr4kh5f865bsxwab23dhfiw9h86ql1v-gcc-8.2.0/lib/gcc/x86_64-unknown-linux-gnu/8.2.0/include-fixed' '-B' '/nix/store/fwckb6z3l9n8mxdqyl0qmfjjdgwpqi21-gcc-wrapper-8.2.0/bin/' '-L/nix/store/g2yk54hifqlsjiha3szr4q3ccmdzyrdv-glibc-2.27/lib' '-L/nix/store/9x31gd6hz7a2wxbrlgysfq5j1q9ingsn-gcc-8.2.0-lib/lib' '-shared-libgcc' '-mtune=generic' '-march=x86-64']
  link line: [ /nix/store/2dr4kh5f865bsxwab23dhfiw9h86ql1v-gcc-8.2.0/libexec/gcc/x86_64-unknown-linux-gnu/8.2.0/collect2 -plugin /nix/store/2dr4kh5f865bsxwab23dhfiw9h86ql1v-gcc-8.2.0/libexec/gcc/x86_64-unknown-linux-gnu/8.2.0/liblto_plugin.so -plugin-opt=/nix/store/2dr4kh5f865bsxwab23dhfiw9h86ql1v-gcc-8.2.0/libexec/gcc/x86_64-unknown-linux-gnu/8.2.0/lto-wrapper -plugin-opt=-fresolution=/tmp/cczhbBpC.res -plugin-opt=-pass-through=-lgcc_s -plugin-opt=-pass-through=-lgcc -plugin-opt=-pass-through=-lc -plugin-opt=-pass-through=-lgcc_s -plugin-opt=-pass-through=-lgcc --eh-frame-hdr -m elf_x86_64 -export-dynamic -dynamic-linker /nix/store/g2yk54hifqlsjiha3szr4q3ccmdzyrdv-glibc-2.27/lib64/ld-linux-x86-64.so.2 -o cmTC_9d976 /nix/store/g2yk54hifqlsjiha3szr4q3ccmdzyrdv-glibc-2.27/lib/crt1.o /nix/store/g2yk54hifqlsjiha3szr4q3ccmdzyrdv-glibc-2.27/lib/crti.o /nix/store/2dr4kh5f865bsxwab23dhfiw9h86ql1v-gcc-8.2.0/lib/gcc/x86_64-unknown-linux-gnu/8.2.0/crtbegin.o -L/nix/store/g2yk54hifqlsjiha3szr4q3ccmdzyrdv-glibc-2.27/lib -L/nix/store/9x31gd6hz7a2wxbrlgysfq5j1q9ingsn-gcc-8.2.0-lib/lib -L/nix/store/9x31gd6hz7a2wxbrlgysfq5j1q9ingsn-gcc-8.2.0-lib/lib -L/nix/store/g2yk54hifqlsjiha3szr4q3ccmdzyrdv-glibc-2.27/lib -L/nix/store/fwckb6z3l9n8mxdqyl0qmfjjdgwpqi21-gcc-wrapper-8.2.0/bin -L/nix/store/2dr4kh5f865bsxwab23dhfiw9h86ql1v-gcc-8.2.0/lib/gcc/x86_64-unknown-linux-gnu/8.2.0 -L/nix/store/2dr4kh5f865bsxwab23dhfiw9h86ql1v-gcc-8.2.0/lib/gcc/x86_64-unknown-linux-gnu/8.2.0/../../../../lib64 -L/home/andrei/.nix-profile/lib -L/nix/store/2dr4kh5f865bsxwab23dhfiw9h86ql1v-gcc-8.2.0/lib/gcc/x86_64-unknown-linux-gnu/8.2.0/../../.. -dynamic-linker /nix/store/g2yk54hifqlsjiha3szr4q3ccmdzyrdv-glibc-2.27/lib/ld-linux-x86-64.so.2 CMakeFiles/cmTC_9d976.dir/CMakeCXXCompilerABI.cpp.o -lstdc++ -lm -lgcc_s -lgcc -lc -lgcc_s -lgcc /nix/store/2dr4kh5f865bsxwab23dhfiw9h86ql1v-gcc-8.2.0/lib/gcc/x86_64-unknown-linux-gnu/8.2.0/crtend.o /nix/store/g2yk54hifqlsjiha3szr4q3ccmdzyrdv-glibc-2.27/lib/crtn.o]
    arg [/nix/store/2dr4kh5f865bsxwab23dhfiw9h86ql1v-gcc-8.2.0/libexec/gcc/x86_64-unknown-linux-gnu/8.2.0/collect2] ==> ignore
    arg [-plugin] ==> ignore
    arg [/nix/store/2dr4kh5f865bsxwab23dhfiw9h86ql1v-gcc-8.2.0/libexec/gcc/x86_64-unknown-linux-gnu/8.2.0/liblto_plugin.so] ==> ignore
    arg [-plugin-opt=/nix/store/2dr4kh5f865bsxwab23dhfiw9h86ql1v-gcc-8.2.0/libexec/gcc/x86_64-unknown-linux-gnu/8.2.0/lto-wrapper] ==> ignore
    arg [-plugin-opt=-fresolution=/tmp/cczhbBpC.res] ==> ignore
    arg [-plugin-opt=-pass-through=-lgcc_s] ==> ignore
    arg [-plugin-opt=-pass-through=-lgcc] ==> ignore
    arg [-plugin-opt=-pass-through=-lc] ==> ignore
    arg [-plugin-opt=-pass-through=-lgcc_s] ==> ignore
    arg [-plugin-opt=-pass-through=-lgcc] ==> ignore
    arg [--eh-frame-hdr] ==> ignore
    arg [-m] ==> ignore
    arg [elf_x86_64] ==> ignore
    arg [-export-dynamic] ==> ignore
    arg [-dynamic-linker] ==> ignore
    arg [/nix/store/g2yk54hifqlsjiha3szr4q3ccmdzyrdv-glibc-2.27/lib64/ld-linux-x86-64.so.2] ==> ignore
    arg [-o] ==> ignore
    arg [cmTC_9d976] ==> ignore
    arg [/nix/store/g2yk54hifqlsjiha3szr4q3ccmdzyrdv-glibc-2.27/lib/crt1.o] ==> ignore
    arg [/nix/store/g2yk54hifqlsjiha3szr4q3ccmdzyrdv-glibc-2.27/lib/crti.o] ==> ignore
    arg [/nix/store/2dr4kh5f865bsxwab23dhfiw9h86ql1v-gcc-8.2.0/lib/gcc/x86_64-unknown-linux-gnu/8.2.0/crtbegin.o] ==> ignore
    arg [-L/nix/store/g2yk54hifqlsjiha3szr4q3ccmdzyrdv-glibc-2.27/lib] ==> dir [/nix/store/g2yk54hifqlsjiha3szr4q3ccmdzyrdv-glibc-2.27/lib]
    arg [-L/nix/store/9x31gd6hz7a2wxbrlgysfq5j1q9ingsn-gcc-8.2.0-lib/lib] ==> dir [/nix/store/9x31gd6hz7a2wxbrlgysfq5j1q9ingsn-gcc-8.2.0-lib/lib]
    arg [-L/nix/store/9x31gd6hz7a2wxbrlgysfq5j1q9ingsn-gcc-8.2.0-lib/lib] ==> dir [/nix/store/9x31gd6hz7a2wxbrlgysfq5j1q9ingsn-gcc-8.2.0-lib/lib]
    arg [-L/nix/store/g2yk54hifqlsjiha3szr4q3ccmdzyrdv-glibc-2.27/lib] ==> dir [/nix/store/g2yk54hifqlsjiha3szr4q3ccmdzyrdv-glibc-2.27/lib]
    arg [-L/nix/store/fwckb6z3l9n8mxdqyl0qmfjjdgwpqi21-gcc-wrapper-8.2.0/bin] ==> dir [/nix/store/fwckb6z3l9n8mxdqyl0qmfjjdgwpqi21-gcc-wrapper-8.2.0/bin]
    arg [-L/nix/store/2dr4kh5f865bsxwab23dhfiw9h86ql1v-gcc-8.2.0/lib/gcc/x86_64-unknown-linux-gnu/8.2.0] ==> dir [/nix/store/2dr4kh5f865bsxwab23dhfiw9h86ql1v-gcc-8.2.0/lib/gcc/x86_64-unknown-linux-gnu/8.2.0]
    arg [-L/nix/store/2dr4kh5f865bsxwab23dhfiw9h86ql1v-gcc-8.2.0/lib/gcc/x86_64-unknown-linux-gnu/8.2.0/../../../../lib64] ==> dir [/nix/store/2dr4kh5f865bsxwab23dhfiw9h86ql1v-gcc-8.2.0/lib/gcc/x86_64-unknown-linux-gnu/8.2.0/../../../../lib64]
    arg [-L/home/andrei/.nix-profile/lib] ==> dir [/home/andrei/.nix-profile/lib]
    arg [-L/nix/store/2dr4kh5f865bsxwab23dhfiw9h86ql1v-gcc-8.2.0/lib/gcc/x86_64-unknown-linux-gnu/8.2.0/../../..] ==> dir [/nix/store/2dr4kh5f865bsxwab23dhfiw9h86ql1v-gcc-8.2.0/lib/gcc/x86_64-unknown-linux-gnu/8.2.0/../../..]
    arg [-dynamic-linker] ==> ignore
    arg [/nix/store/g2yk54hifqlsjiha3szr4q3ccmdzyrdv-glibc-2.27/lib/ld-linux-x86-64.so.2] ==> ignore
    arg [CMakeFiles/cmTC_9d976.dir/CMakeCXXCompilerABI.cpp.o] ==> ignore
    arg [-lstdc++] ==> lib [stdc++]
    arg [-lm] ==> lib [m]
    arg [-lgcc_s] ==> lib [gcc_s]
    arg [-lgcc] ==> lib [gcc]
    arg [-lc] ==> lib [c]
    arg [-lgcc_s] ==> lib [gcc_s]
    arg [-lgcc] ==> lib [gcc]
    arg [/nix/store/2dr4kh5f865bsxwab23dhfiw9h86ql1v-gcc-8.2.0/lib/gcc/x86_64-unknown-linux-gnu/8.2.0/crtend.o] ==> ignore
    arg [/nix/store/g2yk54hifqlsjiha3szr4q3ccmdzyrdv-glibc-2.27/lib/crtn.o] ==> ignore
  collapse library dir [/nix/store/g2yk54hifqlsjiha3szr4q3ccmdzyrdv-glibc-2.27/lib] ==> [/nix/store/g2yk54hifqlsjiha3szr4q3ccmdzyrdv-glibc-2.27/lib]
  collapse library dir [/nix/store/9x31gd6hz7a2wxbrlgysfq5j1q9ingsn-gcc-8.2.0-lib/lib] ==> [/nix/store/9x31gd6hz7a2wxbrlgysfq5j1q9ingsn-gcc-8.2.0-lib/lib]
  collapse library dir [/nix/store/9x31gd6hz7a2wxbrlgysfq5j1q9ingsn-gcc-8.2.0-lib/lib] ==> [/nix/store/9x31gd6hz7a2wxbrlgysfq5j1q9ingsn-gcc-8.2.0-lib/lib]
  collapse library dir [/nix/store/g2yk54hifqlsjiha3szr4q3ccmdzyrdv-glibc-2.27/lib] ==> [/nix/store/g2yk54hifqlsjiha3szr4q3ccmdzyrdv-glibc-2.27/lib]
  collapse library dir [/nix/store/fwckb6z3l9n8mxdqyl0qmfjjdgwpqi21-gcc-wrapper-8.2.0/bin] ==> [/nix/store/fwckb6z3l9n8mxdqyl0qmfjjdgwpqi21-gcc-wrapper-8.2.0/bin]
  collapse library dir [/nix/store/2dr4kh5f865bsxwab23dhfiw9h86ql1v-gcc-8.2.0/lib/gcc/x86_64-unknown-linux-gnu/8.2.0] ==> [/nix/store/2dr4kh5f865bsxwab23dhfiw9h86ql1v-gcc-8.2.0/lib/gcc/x86_64-unknown-linux-gnu/8.2.0]
  collapse library dir [/nix/store/2dr4kh5f865bsxwab23dhfiw9h86ql1v-gcc-8.2.0/lib/gcc/x86_64-unknown-linux-gnu/8.2.0/../../../../lib64] ==> [/nix/store/2dr4kh5f865bsxwab23dhfiw9h86ql1v-gcc-8.2.0/lib64]
  collapse library dir [/home/andrei/.nix-profile/lib] ==> [/home/andrei/.nix-profile/lib]
  collapse library dir [/nix/store/2dr4kh5f865bsxwab23dhfiw9h86ql1v-gcc-8.2.0/lib/gcc/x86_64-unknown-linux-gnu/8.2.0/../../..] ==> [/nix/store/2dr4kh5f865bsxwab23dhfiw9h86ql1v-gcc-8.2.0/lib]
  implicit libs: [stdc++;m;gcc_s;gcc;c;gcc_s;gcc]
  implicit dirs: [/nix/store/g2yk54hifqlsjiha3szr4q3ccmdzyrdv-glibc-2.27/lib;/nix/store/9x31gd6hz7a2wxbrlgysfq5j1q9ingsn-gcc-8.2.0-lib/lib;/nix/store/fwckb6z3l9n8mxdqyl0qmfjjdgwpqi21-gcc-wrapper-8.2.0/bin;/nix/store/2dr4kh5f865bsxwab23dhfiw9h86ql1v-gcc-8.2.0/lib/gcc/x86_64-unknown-linux-gnu/8.2.0;/nix/store/2dr4kh5f865bsxwab23dhfiw9h86ql1v-gcc-8.2.0/lib64;/home/andrei/.nix-profile/lib;/nix/store/2dr4kh5f865bsxwab23dhfiw9h86ql1v-gcc-8.2.0/lib]
  implicit fwks: []




Detecting CXX [-std=c++2a] compiler features compiled with the following output:
Change Dir: /home/andrei/project/CMakeFiles/CMakeTmp

Run Build Command:"/home/andrei/.nix-profile/bin/make" "cmTC_612c3/fast"
/home/andrei/.nix-profile/bin/make -f CMakeFiles/cmTC_612c3.dir/build.make CMakeFiles/cmTC_612c3.dir/build
make[1]: Entering directory '/home/andrei/project/CMakeFiles/CMakeTmp'
Building CXX object CMakeFiles/cmTC_612c3.dir/feature_tests.cxx.o
/home/andrei/.nix-profile/bin/c++    -std=c++2a -o CMakeFiles/cmTC_612c3.dir/feature_tests.cxx.o -c /home/andrei/project/CMakeFiles/feature_tests.cxx
Linking CXX executable cmTC_612c3
/nix/store/sxxy01wn82n7wjl5a384344m2i4xszx6-cmake-3.12.1/bin/cmake -E cmake_link_script CMakeFiles/cmTC_612c3.dir/link.txt --verbose=1
/home/andrei/.nix-profile/bin/c++       -rdynamic CMakeFiles/cmTC_612c3.dir/feature_tests.cxx.o  -o cmTC_612c3 
make[1]: Leaving directory '/home/andrei/project/CMakeFiles/CMakeTmp'


    Feature record: CXX_FEATURE:1cxx_aggregate_default_initializers
    Feature record: CXX_FEATURE:1cxx_alias_templates
    Feature record: CXX_FEATURE:1cxx_alignas
    Feature record: CXX_FEATURE:1cxx_alignof
    Feature record: CXX_FEATURE:1cxx_attributes
    Feature record: CXX_FEATURE:1cxx_attribute_deprecated
    Feature record: CXX_FEATURE:1cxx_auto_type
    Feature record: CXX_FEATURE:1cxx_binary_literals
    Feature record: CXX_FEATURE:1cxx_constexpr
    Feature record: CXX_FEATURE:1cxx_contextual_conversions
    Feature record: CXX_FEATURE:1cxx_decltype
    Feature record: CXX_FEATURE:1cxx_decltype_auto
    Feature record: CXX_FEATURE:1cxx_decltype_incomplete_return_types
    Feature record: CXX_FEATURE:1cxx_default_function_template_args
    Feature record: CXX_FEATURE:1cxx_defaulted_functions
    Feature record: CXX_FEATURE:1cxx_defaulted_move_initializers
    Feature record: CXX_FEATURE:1cxx_delegating_constructors
    Feature record: CXX_FEATURE:1cxx_deleted_functions
    Feature record: CXX_FEATURE:1cxx_digit_separators
    Feature record: CXX_FEATURE:1cxx_enum_forward_declarations
    Feature record: CXX_FEATURE:1cxx_explicit_conversions
    Feature record: CXX_FEATURE:1cxx_extended_friend_declarations
    Feature record: CXX_FEATURE:1cxx_extern_templates
    Feature record: CXX_FEATURE:1cxx_final
    Feature record: CXX_FEATURE:1cxx_func_identifier
    Feature record: CXX_FEATURE:1cxx_generalized_initializers
    Feature record: CXX_FEATURE:1cxx_generic_lambdas
    Feature record: CXX_FEATURE:1cxx_inheriting_constructors
    Feature record: CXX_FEATURE:1cxx_inline_namespaces
    Feature record: CXX_FEATURE:1cxx_lambdas
    Feature record: CXX_FEATURE:1cxx_lambda_init_captures
    Feature record: CXX_FEATURE:1cxx_local_type_template_args
    Feature record: CXX_FEATURE:1cxx_long_long_type
    Feature record: CXX_FEATURE:1cxx_noexcept
    Feature record: CXX_FEATURE:1cxx_nonstatic_member_init
    Feature record: CXX_FEATURE:1cxx_nullptr
    Feature record: CXX_FEATURE:1cxx_override
    Feature record: CXX_FEATURE:1cxx_range_for
    Feature record: CXX_FEATURE:1cxx_raw_string_literals
    Feature record: CXX_FEATURE:1cxx_reference_qualified_functions
    Feature record: CXX_FEATURE:1cxx_relaxed_constexpr
    Feature record: CXX_FEATURE:1cxx_return_type_deduction
    Feature record: CXX_FEATURE:1cxx_right_angle_brackets
    Feature record: CXX_FEATURE:1cxx_rvalue_references
    Feature record: CXX_FEATURE:1cxx_sizeof_member
    Feature record: CXX_FEATURE:1cxx_static_assert
    Feature record: CXX_FEATURE:1cxx_strong_enums
    Feature record: CXX_FEATURE:1cxx_template_template_parameters
    Feature record: CXX_FEATURE:1cxx_thread_local
    Feature record: CXX_FEATURE:1cxx_trailing_return_types
    Feature record: CXX_FEATURE:1cxx_unicode_literals
    Feature record: CXX_FEATURE:1cxx_uniform_initialization
    Feature record: CXX_FEATURE:1cxx_unrestricted_unions
    Feature record: CXX_FEATURE:1cxx_user_literals
    Feature record: CXX_FEATURE:1cxx_variable_templates
    Feature record: CXX_FEATURE:1cxx_variadic_macros
    Feature record: CXX_FEATURE:1cxx_variadic_templates


Detecting CXX [-std=c++17] compiler features compiled with the following output:
Change Dir: /home/andrei/project/CMakeFiles/CMakeTmp

Run Build Command:"/home/andrei/.nix-profile/bin/make" "cmTC_e3439/fast"
/home/andrei/.nix-profile/bin/make -f CMakeFiles/cmTC_e3439.dir/build.make CMakeFiles/cmTC_e3439.dir/build
make[1]: Entering directory '/home/andrei/project/CMakeFiles/CMakeTmp'
Building CXX object CMakeFiles/cmTC_e3439.dir/feature_tests.cxx.o
/home/andrei/.nix-profile/bin/c++    -std=c++17 -o CMakeFiles/cmTC_e3439.dir/feature_tests.cxx.o -c /home/andrei/project/CMakeFiles/feature_tests.cxx
Linking CXX executable cmTC_e3439
/nix/store/sxxy01wn82n7wjl5a384344m2i4xszx6-cmake-3.12.1/bin/cmake -E cmake_link_script CMakeFiles/cmTC_e3439.dir/link.txt --verbose=1
/home/andrei/.nix-profile/bin/c++       -rdynamic CMakeFiles/cmTC_e3439.dir/feature_tests.cxx.o  -o cmTC_e3439 
make[1]: Leaving directory '/home/andrei/project/CMakeFiles/CMakeTmp'


    Feature record: CXX_FEATURE:1cxx_aggregate_default_initializers
    Feature record: CXX_FEATURE:1cxx_alias_templates
    Feature record: CXX_FEATURE:1cxx_alignas
    Feature record: CXX_FEATURE:1cxx_alignof
    Feature record: CXX_FEATURE:1cxx_attributes
    Feature record: CXX_FEATURE:1cxx_attribute_deprecated
    Feature record: CXX_FEATURE:1cxx_auto_type
    Feature record: CXX_FEATURE:1cxx_binary_literals
    Feature record: CXX_FEATURE:1cxx_constexpr
    Feature record: CXX_FEATURE:1cxx_contextual_conversions
    Feature record: CXX_FEATURE:1cxx_decltype
    Feature record: CXX_FEATURE:1cxx_decltype_auto
    Feature record: CXX_FEATURE:1cxx_decltype_incomplete_return_types
    Feature record: CXX_FEATURE:1cxx_default_function_template_args
    Feature record: CXX_FEATURE:1cxx_defaulted_functions
    Feature record: CXX_FEATURE:1cxx_defaulted_move_initializers
    Feature record: CXX_FEATURE:1cxx_delegating_constructors
    Feature record: CXX_FEATURE:1cxx_deleted_functions
    Feature record: CXX_FEATURE:1cxx_digit_separators
    Feature record: CXX_FEATURE:1cxx_enum_forward_declarations
    Feature record: CXX_FEATURE:1cxx_explicit_conversions
    Feature record: CXX_FEATURE:1cxx_extended_friend_declarations
    Feature record: CXX_FEATURE:1cxx_extern_templates
    Feature record: CXX_FEATURE:1cxx_final
    Feature record: CXX_FEATURE:1cxx_func_identifier
    Feature record: CXX_FEATURE:1cxx_generalized_initializers
    Feature record: CXX_FEATURE:1cxx_generic_lambdas
    Feature record: CXX_FEATURE:1cxx_inheriting_constructors
    Feature record: CXX_FEATURE:1cxx_inline_namespaces
    Feature record: CXX_FEATURE:1cxx_lambdas
    Feature record: CXX_FEATURE:1cxx_lambda_init_captures
    Feature record: CXX_FEATURE:1cxx_local_type_template_args
    Feature record: CXX_FEATURE:1cxx_long_long_type
    Feature record: CXX_FEATURE:1cxx_noexcept
    Feature record: CXX_FEATURE:1cxx_nonstatic_member_init
    Feature record: CXX_FEATURE:1cxx_nullptr
    Feature record: CXX_FEATURE:1cxx_override
    Feature record: CXX_FEATURE:1cxx_range_for
    Feature record: CXX_FEATURE:1cxx_raw_string_literals
    Feature record: CXX_FEATURE:1cxx_reference_qualified_functions
    Feature record: CXX_FEATURE:1cxx_relaxed_constexpr
    Feature record: CXX_FEATURE:1cxx_return_type_deduction
    Feature record: CXX_FEATURE:1cxx_right_angle_brackets
    Feature record: CXX_FEATURE:1cxx_rvalue_references
    Feature record: CXX_FEATURE:1cxx_sizeof_member
    Feature record: CXX_FEATURE:1cxx_static_assert
    Feature record: CXX_FEATURE:1cxx_strong_enums
    Feature record: CXX_FEATURE:1cxx_template_template_parameters
    Feature record: CXX_FEATURE:1cxx_thread_local
    Feature record: CXX_FEATURE:1cxx_trailing_return_types
    Feature record: CXX_FEATURE:1cxx_unicode_literals
    Feature record: CXX_FEATURE:1cxx_uniform_initialization
    Feature record: CXX_FEATURE:1cxx_unrestricted_unions
    Feature record: CXX_FEATURE:1cxx_user_literals
    Feature record: CXX_FEATURE:1cxx_variable_templates
    Feature record: CXX_FEATURE:1cxx_variadic_macros
    Feature record: CXX_FEATURE:1cxx_variadic_templates


Detecting CXX [-std=c++14] compiler features compiled with the following output:
Change Dir: /home/andrei/project/CMakeFiles/CMakeTmp

Run Build Command:"/home/andrei/.nix-profile/bin/make" "cmTC_97d17/fast"
/home/andrei/.nix-profile/bin/make -f CMakeFiles/cmTC_97d17.dir/build.make CMakeFiles/cmTC_97d17.dir/build
make[1]: Entering directory '/home/andrei/project/CMakeFiles/CMakeTmp'
Building CXX object CMakeFiles/cmTC_97d17.dir/feature_tests.cxx.o
/home/andrei/.nix-profile/bin/c++    -std=c++14 -o CMakeFiles/cmTC_97d17.dir/feature_tests.cxx.o -c /home/andrei/project/CMakeFiles/feature_tests.cxx
Linking CXX executable cmTC_97d17
/nix/store/sxxy01wn82n7wjl5a384344m2i4xszx6-cmake-3.12.1/bin/cmake -E cmake_link_script CMakeFiles/cmTC_97d17.dir/link.txt --verbose=1
/home/andrei/.nix-profile/bin/c++       -rdynamic CMakeFiles/cmTC_97d17.dir/feature_tests.cxx.o  -o cmTC_97d17 
make[1]: Leaving directory '/home/andrei/project/CMakeFiles/CMakeTmp'


    Feature record: CXX_FEATURE:1cxx_aggregate_default_initializers
    Feature record: CXX_FEATURE:1cxx_alias_templates
    Feature record: CXX_FEATURE:1cxx_alignas
    Feature record: CXX_FEATURE:1cxx_alignof
    Feature record: CXX_FEATURE:1cxx_attributes
    Feature record: CXX_FEATURE:1cxx_attribute_deprecated
    Feature record: CXX_FEATURE:1cxx_auto_type
    Feature record: CXX_FEATURE:1cxx_binary_literals
    Feature record: CXX_FEATURE:1cxx_constexpr
    Feature record: CXX_FEATURE:1cxx_contextual_conversions
    Feature record: CXX_FEATURE:1cxx_decltype
    Feature record: CXX_FEATURE:1cxx_decltype_auto
    Feature record: CXX_FEATURE:1cxx_decltype_incomplete_return_types
    Feature record: CXX_FEATURE:1cxx_default_function_template_args
    Feature record: CXX_FEATURE:1cxx_defaulted_functions
    Feature record: CXX_FEATURE:1cxx_defaulted_move_initializers
    Feature record: CXX_FEATURE:1cxx_delegating_constructors
    Feature record: CXX_FEATURE:1cxx_deleted_functions
    Feature record: CXX_FEATURE:1cxx_digit_separators
    Feature record: CXX_FEATURE:1cxx_enum_forward_declarations
    Feature record: CXX_FEATURE:1cxx_explicit_conversions
    Feature record: CXX_FEATURE:1cxx_extended_friend_declarations
    Feature record: CXX_FEATURE:1cxx_extern_templates
    Feature record: CXX_FEATURE:1cxx_final
    Feature record: CXX_FEATURE:1cxx_func_identifier
    Feature record: CXX_FEATURE:1cxx_generalized_initializers
    Feature record: CXX_FEATURE:1cxx_generic_lambdas
    Feature record: CXX_FEATURE:1cxx_inheriting_constructors
    Feature record: CXX_FEATURE:1cxx_inline_namespaces
    Feature record: CXX_FEATURE:1cxx_lambdas
    Feature record: CXX_FEATURE:1cxx_lambda_init_captures
    Feature record: CXX_FEATURE:1cxx_local_type_template_args
    Feature record: CXX_FEATURE:1cxx_long_long_type
    Feature record: CXX_FEATURE:1cxx_noexcept
    Feature record: CXX_FEATURE:1cxx_nonstatic_member_init
    Feature record: CXX_FEATURE:1cxx_nullptr
    Feature record: CXX_FEATURE:1cxx_override
    Feature record: CXX_FEATURE:1cxx_range_for
    Feature record: CXX_FEATURE:1cxx_raw_string_literals
    Feature record: CXX_FEATURE:1cxx_reference_qualified_functions
    Feature record: CXX_FEATURE:1cxx_relaxed_constexpr
    Feature record: CXX_FEATURE:1cxx_return_type_deduction
    Feature record: CXX_FEATURE:1cxx_right_angle_brackets
    Feature record: CXX_FEATURE:1cxx_rvalue_references
    Feature record: CXX_FEATURE:1cxx_sizeof_member
    Feature record: CXX_FEATURE:1cxx_static_assert
    Feature record: CXX_FEATURE:1cxx_strong_enums
    Feature record: CXX_FEATURE:1cxx_template_template_parameters
    Feature record: CXX_FEATURE:1cxx_thread_local
    Feature record: CXX_FEATURE:1cxx_trailing_return_types
    Feature record: CXX_FEATURE:1cxx_unicode_literals
    Feature record: CXX_FEATURE:1cxx_uniform_initialization
    Feature record: CXX_FEATURE:1cxx_unrestricted_unions
    Feature record: CXX_FEATURE:1cxx_user_literals
    Feature record: CXX_FEATURE:1cxx_variable_templates
    Feature record: CXX_FEATURE:1cxx_variadic_macros
    Feature record: CXX_FEATURE:1cxx_variadic_templates


Detecting CXX [-std=c++11] compiler features compiled with the following output:
Change Dir: /home/andrei/project/CMakeFiles/CMakeTmp

Run Build Command:"/home/andrei/.nix-profile/bin/make" "cmTC_94cc0/fast"
/home/andrei/.nix-profile/bin/make -f CMakeFiles/cmTC_94cc0.dir/build.make CMakeFiles/cmTC_94cc0.dir/build
make[1]: Entering directory '/home/andrei/project/CMakeFiles/CMakeTmp'
Building CXX object CMakeFiles/cmTC_94cc0.dir/feature_tests.cxx.o
/home/andrei/.nix-profile/bin/c++    -std=c++11 -o CMakeFiles/cmTC_94cc0.dir/feature_tests.cxx.o -c /home/andrei/project/CMakeFiles/feature_tests.cxx
Linking CXX executable cmTC_94cc0
/nix/store/sxxy01wn82n7wjl5a384344m2i4xszx6-cmake-3.12.1/bin/cmake -E cmake_link_script CMakeFiles/cmTC_94cc0.dir/link.txt --verbose=1
/home/andrei/.nix-profile/bin/c++       -rdynamic CMakeFiles/cmTC_94cc0.dir/feature_tests.cxx.o  -o cmTC_94cc0 
make[1]: Leaving directory '/home/andrei/project/CMakeFiles/CMakeTmp'


    Feature record: CXX_FEATURE:0cxx_aggregate_default_initializers
    Feature record: CXX_FEATURE:1cxx_alias_templates
    Feature record: CXX_FEATURE:1cxx_alignas
    Feature record: CXX_FEATURE:1cxx_alignof
    Feature record: CXX_FEATURE:1cxx_attributes
    Feature record: CXX_FEATURE:0cxx_attribute_deprecated
    Feature record: CXX_FEATURE:1cxx_auto_type
    Feature record: CXX_FEATURE:0cxx_binary_literals
    Feature record: CXX_FEATURE:1cxx_constexpr
    Feature record: CXX_FEATURE:0cxx_contextual_conversions
    Feature record: CXX_FEATURE:1cxx_decltype
    Feature record: CXX_FEATURE:0cxx_decltype_auto
    Feature record: CXX_FEATURE:1cxx_decltype_incomplete_return_types
    Feature record: CXX_FEATURE:1cxx_default_function_template_args
    Feature record: CXX_FEATURE:1cxx_defaulted_functions
    Feature record: CXX_FEATURE:1cxx_defaulted_move_initializers
    Feature record: CXX_FEATURE:1cxx_delegating_constructors
    Feature record: CXX_FEATURE:1cxx_deleted_functions
    Feature record: CXX_FEATURE:0cxx_digit_separators
    Feature record: CXX_FEATURE:1cxx_enum_forward_declarations
    Feature record: CXX_FEATURE:1cxx_explicit_conversions
    Feature record: CXX_FEATURE:1cxx_extended_friend_declarations
    Feature record: CXX_FEATURE:1cxx_extern_templates
    Feature record: CXX_FEATURE:1cxx_final
    Feature record: CXX_FEATURE:1cxx_func_identifier
    Feature record: CXX_FEATURE:1cxx_generalized_initializers
    Feature record: CXX_FEATURE:0cxx_generic_lambdas
    Feature record: CXX_FEATURE:1cxx_inheriting_constructors
    Feature record: CXX_FEATURE:1cxx_inline_namespaces
    Feature record: CXX_FEATURE:1cxx_lambdas
    Feature record: CXX_FEATURE:0cxx_lambda_init_captures
    Feature record: CXX_FEATURE:1cxx_local_type_template_args
    Feature record: CXX_FEATURE:1cxx_long_long_type
    Feature record: CXX_FEATURE:1cxx_noexcept
    Feature record: CXX_FEATURE:1cxx_nonstatic_member_init
    Feature record: CXX_FEATURE:1cxx_nullptr
    Feature record: CXX_FEATURE:1cxx_override
    Feature record: CXX_FEATURE:1cxx_range_for
    Feature record: CXX_FEATURE:1cxx_raw_string_literals
    Feature record: CXX_FEATURE:1cxx_reference_qualified_functions
    Feature record: CXX_FEATURE:0cxx_relaxed_constexpr
    Feature record: CXX_FEATURE:0cxx_return_type_deduction
    Feature record: CXX_FEATURE:1cxx_right_angle_brackets
    Feature record: CXX_FEATURE:1cxx_rvalue_references
    Feature record: CXX_FEATURE:1cxx_sizeof_member
    Feature record: CXX_FEATURE:1cxx_static_assert
    Feature record: CXX_FEATURE:1cxx_strong_enums
    Feature record: CXX_FEATURE:1cxx_template_template_parameters
    Feature record: CXX_FEATURE:1cxx_thread_local
    Feature record: CXX_FEATURE:1cxx_trailing_return_types
    Feature record: CXX_FEATURE:1cxx_unicode_literals
    Feature record: CXX_FEATURE:1cxx_uniform_initialization
    Feature record: CXX_FEATURE:1cxx_unrestricted_unions
    Feature record: CXX_FEATURE:1cxx_user_literals
    Feature record: CXX_FEATURE:0cxx_variable_templates
    Feature record: CXX_FEATURE:1cxx_variadic_macros
    Feature record: CXX_FEATURE:1cxx_variadic_templates


Detecting CXX [-std=c++98] compiler features compiled with the following output:
Change Dir: /home/andrei/project/CMakeFiles/CMakeTmp

Run Build Command:"/home/andrei/.nix-profile/bin/make" "cmTC_6c6f1/fast"
/home/andrei/.nix-profile/bin/make -f CMakeFiles/cmTC_6c6f1.dir/build.make CMakeFiles/cmTC_6c6f1.dir/build
make[1]: Entering directory '/home/andrei/project/CMakeFiles/CMakeTmp'
Building CXX object CMakeFiles/cmTC_6c6f1.dir/feature_tests.cxx.o
/home/andrei/.nix-profile/bin/c++    -std=c++98 -o CMakeFiles/cmTC_6c6f1.dir/feature_tests.cxx.o -c /home/andrei/project/CMakeFiles/feature_tests.cxx
Linking CXX executable cmTC_6c6f1
/nix/store/sxxy01wn82n7wjl5a384344m2i4xszx6-cmake-3.12.1/bin/cmake -E cmake_link_script CMakeFiles/cmTC_6c6f1.dir/link.txt --verbose=1
/home/andrei/.nix-profile/bin/c++       -rdynamic CMakeFiles/cmTC_6c6f1.dir/feature_tests.cxx.o  -o cmTC_6c6f1 
make[1]: Leaving directory '/home/andrei/project/CMakeFiles/CMakeTmp'


    Feature record: CXX_FEATURE:0cxx_aggregate_default_initializers
    Feature record: CXX_FEATURE:0cxx_alias_templates
    Feature record: CXX_FEATURE:0cxx_alignas
    Feature record: CXX_FEATURE:0cxx_alignof
    Feature record: CXX_FEATURE:0cxx_attributes
    Feature record: CXX_FEATURE:0cxx_attribute_deprecated
    Feature record: CXX_FEATURE:0cxx_auto_type
    Feature record: CXX_FEATURE:0cxx_binary_literals
    Feature record: CXX_FEATURE:0cxx_constexpr
    Feature record: CXX_FEATURE:0cxx_contextual_conversions
    Feature record: CXX_FEATURE:0cxx_decltype
    Feature record: CXX_FEATURE:0cxx_decltype_auto
    Feature record: CXX_FEATURE:0cxx_decltype_incomplete_return_types
    Feature record: CXX_FEATURE:0cxx_default_function_template_args
    Feature record: CXX_FEATURE:0cxx_defaulted_functions
    Feature record: CXX_FEATURE:0cxx_defaulted_move_initializers
    Feature record: CXX_FEATURE:0cxx_delegating_constructors
    Feature record: CXX_FEATURE:0cxx_deleted_functions
    Feature record: CXX_FEATURE:0cxx_digit_separators
    Feature record: CXX_FEATURE:0cxx_enum_forward_declarations
    Feature record: CXX_FEATURE:0cxx_explicit_conversions
    Feature record: CXX_FEATURE:0cxx_extended_friend_declarations
    Feature record: CXX_FEATURE:0cxx_extern_templates
    Feature record: CXX_FEATURE:0cxx_final
    Feature record: CXX_FEATURE:0cxx_func_identifier
    Feature record: CXX_FEATURE:0cxx_generalized_initializers
    Feature record: CXX_FEATURE:0cxx_generic_lambdas
    Feature record: CXX_FEATURE:0cxx_inheriting_constructors
    Feature record: CXX_FEATURE:0cxx_inline_namespaces
    Feature record: CXX_FEATURE:0cxx_lambdas
    Feature record: CXX_FEATURE:0cxx_lambda_init_captures
    Feature record: CXX_FEATURE:0cxx_local_type_template_args
    Feature record: CXX_FEATURE:0cxx_long_long_type
    Feature record: CXX_FEATURE:0cxx_noexcept
    Feature record: CXX_FEATURE:0cxx_nonstatic_member_init
    Feature record: CXX_FEATURE:0cxx_nullptr
    Feature record: CXX_FEATURE:0cxx_override
    Feature record: CXX_FEATURE:0cxx_range_for
    Feature record: CXX_FEATURE:0cxx_raw_string_literals
    Feature record: CXX_FEATURE:0cxx_reference_qualified_functions
    Feature record: CXX_FEATURE:0cxx_relaxed_constexpr
    Feature record: CXX_FEATURE:0cxx_return_type_deduction
    Feature record: CXX_FEATURE:0cxx_right_angle_brackets
    Feature record: CXX_FEATURE:0cxx_rvalue_references
    Feature record: CXX_FEATURE:0cxx_sizeof_member
    Feature record: CXX_FEATURE:0cxx_static_assert
    Feature record: CXX_FEATURE:0cxx_strong_enums
    Feature record: CXX_FEATURE:1cxx_template_template_parameters
    Feature record: CXX_FEATURE:0cxx_thread_local
    Feature record: CXX_FEATURE:0cxx_trailing_return_types
    Feature record: CXX_FEATURE:0cxx_unicode_literals
    Feature record: CXX_FEATURE:0cxx_uniform_initialization
    Feature record: CXX_FEATURE:0cxx_unrestricted_unions
    Feature record: CXX_FEATURE:0cxx_user_literals
    Feature record: CXX_FEATURE:0cxx_variable_templates
    Feature record: CXX_FEATURE:0cxx_variadic_macros
    Feature record: CXX_FEATURE:0cxx_variadic_templates
